Starting Dynare (version 6.1).
Calling Dynare with arguments: none
Starting preprocessing of the model file ... 
Found 17 equation(s). 
Evaluating expressions... 
Computing static model derivatives (order 1). 
Normalizing the static model... 
Finding the optimal block decomposition of the static model... 
6 block(s) found: 
  5 recursive block(s) and 1 simultaneous block(s). 
  the largest simultaneous block has 12 equation(s) 
                                 and 12 feedback variable(s). 
Computing dynamic model derivatives (order 2). 
Normalizing the dynamic model... 
Finding the optimal block decomposition of the dynamic model... 
3 block(s) found: 
  2 recursive block(s) and 1 simultaneous block(s). 
  the largest simultaneous block has 13 equation(s) 
                                 and 11 feedback variable(s). 
Preprocessing completed. 
Preprocessing time: 0h00m00s.
DYNARE_SOLVE (solve_algo=2|4): number of blocks = 7
MODEL_DIAGNOSTICS:  No obvious problems with this mod-file were detected.


Residuals of the static equations:
Equation number 13: Capital Demand                  :      -0.000000



EIGENVALUES:
         Modulus             Real        Imaginary
          0.4807           0.4632           0.1285
          0.4807           0.4632          -0.1285
            0.75             0.75                0
            0.75             0.75                0
          0.9646           0.9646                0
           1.065            1.065                0
           1.678            1.624           0.4204
           1.678            1.624          -0.4204
        6.56e+16         6.56e+16                0
       1.035e+17       -1.035e+17                0
       2.603e+17       -2.603e+17                0
       3.072e+19        3.072e+19                0

There are 7 eigenvalue(s) larger than 1 in modulus for 7 forward-looking variable(s)
The rank condition is verified.


STEADY-STATE RESULTS:

K       		 7.10852
C       		 1.03274
L       		 0.499493
P       		 1
I       		 0.177713
lambda  		 0.965188
W       		 1.29246
R_K     		 0.0454082
MC      		 0.8
Upsilon 		 0
q       		 1.21045
mu      		 0.8
Pi_q    		 0.242091
A       		 1
pi      		 0
Z_D     		 1
i_nom   		 0.0204082

MODEL SUMMARY

  Number of variables:         17
  Number of stochastic shocks: 3
  Number of state variables:   5
  Number of jumpers:           7
  Number of static variables:  8


MATRIX OF COVARIANCE OF EXOGENOUS SHOCKS
Variables       eps_A     eps_D   eps_nom
eps_A        0.000100  0.000000  0.000000
eps_D        0.000000  0.000100  0.000000
eps_nom      0.000000  0.000000  0.000100

POLICY AND TRANSITION FUNCTIONS
                                   A               q               C               I               K               L              MC               P           i_nom
Constant                    1.000000        1.209517        1.031914        0.177603        7.108409        0.498916        0.797029        0.999857        0.020306
(correction)                       0       -0.000932       -0.000822       -0.000110       -0.000110       -0.000577       -0.002971       -0.000143       -0.000102
A(-1)                       0.750000        0.620753        0.347352        0.273401        0.273401       -0.177699       -1.055539       -0.109296       -0.008934
i_nom(-1)                          0       -1.329930       -0.680015       -0.649916       -0.649916       -0.823202       -3.927842       -0.339975        0.553840
K(-1)                              0        0.036224        0.054130       -0.017906        0.957094       -0.012712       -0.043438       -0.005680       -0.000260
P(-1)                              0       -1.359571       -0.637761       -0.721809       -0.721809       -0.841548       -3.384301        0.380147        0.072355
Z_D(-1)                            0        0.477213        0.250662        0.226551        0.226551        0.295385        0.767436        0.062440        0.048055
eps_A                       1.000000        0.827671        0.463136        0.364535        0.364535       -0.236932       -1.407386       -0.145727       -0.011912
eps_D                              0        0.636284        0.334217        0.302068        0.302068        0.393847        1.023248        0.083254        0.064074
eps_nom                            0       -1.773240       -0.906686       -0.866554       -0.866554       -1.097603       -5.237123       -0.453299        0.738454
A(-1),A(-1)                -0.093750       -0.079083       -0.205410       -0.172311       -0.209685        0.165101        1.330333        0.080862        0.026240
i_nom(-1),A(-1)                    0       -0.003479       -0.850123       -1.011241       -0.833553        0.712863        6.422488        0.287039        0.107460
i_nom(-1),i_nom(-1)                0        1.423087       -0.783189       -0.683291       -0.894486        1.106962       10.726885        0.483785        0.254899
K(-1),A(-1)                        0        0.021679        0.011653       -0.021015       -0.009284        0.006442        0.058826        0.000524        0.001316
K(-1),i_nom(-1)                    0        0.040903       -0.067310        0.011658       -0.016228        0.070902        0.384940        0.016897        0.008448
K(-1),K(-1)                        0       -0.000700       -0.003217        0.001710        0.000789        0.001864        0.006671        0.000567        0.000177
P(-1),A(-1)                        0        1.061336       -1.046411       -1.279614       -1.082270        1.387898        8.114672        0.321341        0.175304
P(-1),i_nom(-1)                    0        6.449385       -2.135666       -1.951666       -2.420781        4.454324       26.742674        0.921854        0.678701
P(-1),K(-1)                        0        0.095824       -0.084520        0.004301       -0.026670        0.105913        0.473964        0.020297        0.012559
P(-1),P(-1)                        0        6.151874       -1.912731       -1.540847       -1.801351        4.044183       18.267697        0.625532        0.552219
Z_D(-1),A(-1)                      0        0.098920        0.200397        0.239746        0.177807       -0.195337       -1.295935       -0.063076       -0.018546
Z_D(-1),i_nom(-1)                  0       -0.591033        0.282343        0.188030        0.335269       -0.528102       -3.650141       -0.157641       -0.089633
Z_D(-1),K(-1)                      0       -0.005810        0.019667       -0.007743        0.001977       -0.019953       -0.085708       -0.004265       -0.001899
Z_D(-1),P(-1)                      0       -1.387613        0.323602        0.223977        0.387503       -1.024787       -4.954973       -0.158967       -0.131260
Z_D(-1),Z_D(-1)                    0       -0.142988       -0.134378       -0.106080       -0.131743       -0.059394       -0.034782       -0.015661       -0.013256
eps_A,eps_A                        0       -0.002647       -0.287984       -0.245575       -0.312018        0.254024        2.130472        0.119467        0.044663
eps_D,eps_A                        0        0.175858        0.356261        0.426215        0.316101       -0.347266       -2.303884       -0.112135       -0.032970
eps_D,eps_D                        0       -0.148153       -0.183191       -0.138242       -0.183864       -0.039948        0.108706       -0.013966       -0.012887
eps_nom,eps_A                      0       -0.006184       -1.511329       -1.797762       -1.481873        1.267312       11.417756        0.510292        0.191040
eps_nom,eps_D                      0       -1.050725        0.501942        0.334276        0.596034       -0.938849       -6.489139       -0.280250       -0.159347
eps_nom,eps_nom                    0        2.529932       -1.392337       -1.214740       -1.590198        1.967933       19.070019        0.860063        0.453153
A(-1),eps_A                 0.750000        0.616783       -0.084624       -0.094961       -0.194625        0.203337        2.140169        0.069904        0.058061
A(-1),eps_D                        0        0.131894        0.267196        0.319661        0.237075       -0.260449       -1.727913       -0.084101       -0.024728
A(-1),eps_nom                      0       -0.004638       -1.133497       -1.348322       -1.111405        0.950484        8.563317        0.382719        0.143280
i_nom(-1),eps_A                    0       -0.004638       -1.133497       -1.348322       -1.111405        0.950484        8.563317        0.382719        0.143280
i_nom(-1),eps_D                    0       -0.788044        0.376457        0.250707        0.447026       -0.704136       -4.866854       -0.210188       -0.119510
i_nom(-1),eps_nom                  0        3.794898       -2.088505       -1.822110       -2.385297        2.951899       28.605028        1.290094        0.679730
K(-1),eps_A                        0        0.028905        0.015537       -0.028020       -0.012379        0.008589        0.078435        0.000699        0.001755
K(-1),eps_D                        0       -0.007746        0.026223       -0.010324        0.002636       -0.026604       -0.114277       -0.005687       -0.002533
K(-1),eps_nom                      0        0.054538       -0.089747        0.015544       -0.021637        0.094536        0.513253        0.022529        0.011264
P(-1),eps_A                        0        1.415115       -1.395214       -1.706152       -1.443027        1.850531       10.819562        0.428454        0.233738
P(-1),eps_D                        0       -1.850151        0.431469        0.298635        0.516671       -1.366383       -6.606631       -0.211956       -0.175014
P(-1),eps_nom                      0        8.599181       -2.847555       -2.602221       -3.227708        5.939099       35.656899        1.229138        0.904935
Z_D(-1),eps_A                      0        0.131894        0.267196        0.319661        0.237075       -0.260449       -1.727913       -0.084101       -0.024728
Z_D(-1),eps_D                      0        0.254983       -0.024124        0.019188       -0.049246        0.235464        0.930495        0.041492        0.028725
Z_D(-1),eps_nom                    0       -0.788044        0.376457        0.250707        0.447026       -0.704136       -4.866854       -0.210188       -0.119510


MOMENTS OF SIMULATED VARIABLES
VARIABLE              MEAN       STD. DEV.        VARIANCE        SKEWNESS        KURTOSIS
A                 1.000042        0.015767        0.000249        0.137777       -0.048934
q                 1.209715        0.027785        0.000772        0.038345       -0.231891
C                 1.031345        0.016270        0.000265       -0.047171       -0.392035
I                 0.177731        0.012244        0.000150        0.028410       -0.070102
K                 7.099715        0.097714        0.009548       -0.218704       -0.529437
L                 0.499380        0.011766        0.000138        0.124573        0.393125
MC                0.799029        0.054333        0.002952        0.251680        0.603111
P                 0.999920        0.007275        0.000053       -0.119801        0.333404
i_nom             0.020713        0.008671        0.000075        0.019865        0.160682


CORRELATION OF SIMULATED VARIABLES
VARIABLE          A        q        C        I        K        L       MC        P    i_nom
A            1.0000   0.6930   0.6867   0.6578   0.3067  -0.0571  -0.1804  -0.3392  -0.1104
q            0.6930   1.0000   0.9790   0.9632   0.4990   0.6535   0.5376   0.1809  -0.5842
C            0.6867   0.9790   1.0000   0.8906   0.6601   0.5780   0.4671   0.1568  -0.5452
I            0.6578   0.9632   0.8906   1.0000   0.2537   0.7094   0.5917   0.2018  -0.5994
K            0.3067   0.4990   0.6601   0.2537   1.0000   0.1323   0.0948  -0.0078  -0.1878
L           -0.0571   0.6535   0.5780   0.7094   0.1323   1.0000   0.9612   0.6146  -0.7093
MC          -0.1804   0.5376   0.4671   0.5917   0.0948   0.9612   1.0000   0.7250  -0.8220
P           -0.3392   0.1809   0.1568   0.2018  -0.0078   0.6146   0.7250   1.0000  -0.7705
i_nom       -0.1104  -0.5842  -0.5452  -0.5994  -0.1878  -0.7093  -0.8220  -0.7705   1.0000


AUTOCORRELATION OF SIMULATED VARIABLES
VARIABLE          1        2        3        4        5
A            0.7726   0.5868   0.4470   0.3295   0.2302
q            0.5925   0.4316   0.3318   0.2806   0.2116
C            0.6972   0.5658   0.4797   0.4307   0.3713
I            0.4861   0.2957   0.1870   0.1360   0.0631
K            0.9912   0.9762   0.9570   0.9355   0.9123
L            0.2086  -0.0105  -0.0603  -0.0496  -0.0850
MC           0.2249   0.0070  -0.0564  -0.0555  -0.0932
P            0.7578   0.4826   0.2724   0.1343   0.0482
i_nom        0.5304   0.2974   0.1447   0.0722   0.0130



VARIANCE DECOMPOSITION SIMULATING ONE SHOCK AT A TIME (in percent)
                    eps_A             eps_D           eps_nom  Tot. lin. contr.
A                  100.11              0.00              0.00            100.11
q                   45.71              7.43             41.33             94.47
C                   52.30              7.21             32.98             92.48
I                   39.00              7.55             50.55             97.10
K                   72.84              5.50              9.26             87.61
L                    4.53             14.58             87.81            106.92
MC                   8.03              3.75             94.76            106.55
P                   20.90              2.83             88.67            112.40
i_nom                0.92              5.35             91.82             98.09
Note: numbers do not add up to 100 due to i) non-zero correlation of simulated shocks in small samples and ii) nonlinearity

Total computing time : 0h00m03s
