Starting Dynare (version 6.1).
Calling Dynare with arguments: none
Starting preprocessing of the model file ... 
Found 17 equation(s). 
Evaluating expressions... 
Computing static model derivatives (order 1). 
Normalizing the static model... 
Finding the optimal block decomposition of the static model... 
6 block(s) found: 
  5 recursive block(s) and 1 simultaneous block(s). 
  the largest simultaneous block has 12 equation(s) 
                                 and 12 feedback variable(s). 
Computing dynamic model derivatives (order 2). 
Normalizing the dynamic model... 
Finding the optimal block decomposition of the dynamic model... 
3 block(s) found: 
  2 recursive block(s) and 1 simultaneous block(s). 
  the largest simultaneous block has 13 equation(s) 
                                 and 13 feedback variable(s). 
Preprocessing completed. 
Preprocessing time: 0h00m00s.
DYNARE_SOLVE (solve_algo=2|4): number of blocks = 7
MODEL_DIAGNOSTICS:  No obvious problems with this mod-file were detected.


Residuals of the static equations:
Equation number 13: Capital Demand                  :      -0.000000



EIGENVALUES:
         Modulus             Real        Imaginary
          0.2596           0.1822           0.1848
          0.2596           0.1822          -0.1848
            0.75             0.75                0
            0.75             0.75                0
          0.9624           0.9624                0
           1.068            1.068                0
           2.536            1.693            1.888
           2.536            1.693           -1.888
       1.175e+17       -1.175e+17                0
       2.351e+17       -2.351e+17                0
       2.445e+18       -2.445e+18                0
       3.589e+19        3.589e+19                0

There are 7 eigenvalue(s) larger than 1 in modulus for 7 forward-looking variable(s)
The rank condition is verified.


STEADY-STATE RESULTS:

K       		 7.10852
C       		 1.03274
L       		 0.499493
P       		 1
I       		 0.177713
lambda  		 0.965188
W       		 1.29246
R_K     		 0.0454082
MC      		 0.8
Upsilon 		 0
q       		 1.21045
mu      		 0.8
Pi_q    		 0.242091
A       		 1
pi      		 0
Z_D     		 1
i_nom   		 0.0204082

MODEL SUMMARY

  Number of variables:         17
  Number of stochastic shocks: 3
  Number of state variables:   5
  Number of jumpers:           7
  Number of static variables:  8


MATRIX OF COVARIANCE OF EXOGENOUS SHOCKS
Variables       eps_A     eps_D   eps_nom
eps_A        0.010000  0.000000  0.000000
eps_D        0.000000  0.010000  0.000000
eps_nom      0.000000  0.000000  0.010000

POLICY AND TRANSITION FUNCTIONS
                                   A               q               C               I               K               L              MC               P           i_nom
Constant                    1.000000        1.203618        1.016693        0.186924        7.117730        0.495264        0.766053        0.994405        0.012004
(correction)                       0       -0.006831       -0.016042        0.009211        0.009211       -0.004228       -0.033947       -0.005595       -0.008404
A(-1)                       0.750000        0.828228        0.462069        0.366159        0.366159       -0.049276       -0.532707       -0.177861       -0.051268
i_nom(-1)                          0       -0.260989       -0.137016       -0.123973       -0.123973       -0.161548       -0.897861       -0.221730        0.168935
K(-1)                              0        0.044930        0.060099       -0.015169        0.959831       -0.007323       -0.020009       -0.007925       -0.000627
P(-1)                              0       -0.449808       -0.221051       -0.228757       -0.228757       -0.278422       -1.070403        0.198071        0.154688
Z_D(-1)                            0        0.279364        0.149535        0.129829        0.129829        0.172920        0.217971        0.055407        0.126957
eps_A                       1.000000        1.104304        0.616092        0.488212        0.488212       -0.065701       -0.710276       -0.237148       -0.068358
eps_D                              0        0.372485        0.199380        0.173105        0.173105        0.230560        0.290627        0.073876        0.169277
eps_nom                            0       -0.521978       -0.274033       -0.247945       -0.247945       -0.323095       -1.795722       -0.443459        0.337869
A(-1),A(-1)                -0.093750       -0.116995       -0.166983       -0.108185       -0.175221        0.035591        0.421456        0.078993        0.074577
i_nom(-1),A(-1)                    0       -0.067520       -0.218108       -0.243783       -0.198389        0.084679        0.765175        0.094463        0.104134
i_nom(-1),i_nom(-1)                0        0.020449       -0.119973       -0.105398       -0.113083        0.021365        0.409964        0.066931        0.087888
K(-1),A(-1)                        0        0.027628        0.029509       -0.015976       -0.001268       -0.001205        0.004043       -0.003976        0.000736
K(-1),i_nom(-1)                    0        0.001968       -0.015532       -0.000073       -0.005052        0.009583        0.046376        0.006005        0.007913
K(-1),K(-1)                        0       -0.001811       -0.003333        0.001208        0.000401        0.000888        0.002142        0.000613        0.000392
P(-1),A(-1)                        0        0.350221       -0.502978       -0.573120       -0.489359        0.434752        2.068334        0.187028        0.306118
P(-1),i_nom(-1)                    0        0.883508       -0.442200       -0.452405       -0.480765        0.576888        2.830153        0.220108        0.457610
P(-1),K(-1)                        0        0.020719       -0.035891       -0.006943       -0.016131        0.027241        0.103983        0.011285        0.018385
P(-1),P(-1)                        0        1.643221       -0.807401       -0.764826       -0.790991        1.042986        3.800483        0.250552        0.652573
Z_D(-1),A(-1)                      0        0.139979        0.110162        0.128365        0.080827       -0.048732       -0.255584       -0.046019       -0.028613
Z_D(-1),i_nom(-1)                  0       -0.036009        0.051800        0.035044        0.051140       -0.040931       -0.132640       -0.018651       -0.030750
Z_D(-1),K(-1)                      0        0.004828        0.012666       -0.003447        0.001768       -0.005965       -0.017162       -0.003276       -0.003098
Z_D(-1),P(-1)                      0       -0.277007        0.093016        0.074303        0.104003       -0.203590       -0.622284       -0.034700       -0.100587
Z_D(-1),Z_D(-1)                    0       -0.108146       -0.069338       -0.054158       -0.062586       -0.056963       -0.083132       -0.023191       -0.051324
eps_A,eps_A                        0       -0.023941       -0.194176       -0.110961       -0.230136        0.052322        0.630875        0.100907        0.121189
eps_D,eps_A                        0        0.248852        0.195844        0.228204        0.143693       -0.086635       -0.454371       -0.081812       -0.050868
eps_D,eps_D                        0       -0.130180       -0.090037       -0.067431       -0.082414       -0.062841       -0.099352       -0.028915       -0.063031
eps_nom,eps_A                      0       -0.180055       -0.581623       -0.650087       -0.529037        0.225810        2.040467        0.251902        0.277689
eps_nom,eps_D                      0       -0.096025        0.138134        0.093452        0.136372       -0.109148       -0.353706       -0.049735       -0.082001
eps_nom,eps_nom                    0        0.081796       -0.479891       -0.421592       -0.452331        0.085459        1.639855        0.267725        0.351551
A(-1),eps_A                 0.750000        0.792316        0.170805        0.199718        0.020955        0.029208        0.413606       -0.026500        0.130515
A(-1),eps_D                        0        0.186639        0.146883        0.171153        0.107769       -0.064977       -0.340778       -0.061359       -0.038151
A(-1),eps_nom                      0       -0.135041       -0.436217       -0.487565       -0.396778        0.169357        1.530350        0.188926        0.208267
i_nom(-1),eps_A                    0       -0.090027       -0.290811       -0.325043       -0.264518        0.112905        1.020233        0.125951        0.138845
i_nom(-1),eps_D                    0       -0.048013        0.069067        0.046726        0.068186       -0.054574       -0.176853       -0.024867       -0.041001
i_nom(-1),eps_nom                  0        0.081796       -0.479891       -0.421592       -0.452331        0.085459        1.639855        0.267725        0.351551
K(-1),eps_A                        0        0.036838        0.039345       -0.021301       -0.001690       -0.001607        0.005391       -0.005302        0.000981
K(-1),eps_D                        0        0.006437        0.016888       -0.004596        0.002357       -0.007954       -0.022883       -0.004368       -0.004131
K(-1),eps_nom                      0        0.003936       -0.031063       -0.000145       -0.010105        0.019165        0.092752        0.012011        0.015827
P(-1),eps_A                        0        0.466961       -0.670638       -0.764160       -0.652478        0.579669        2.757779        0.249371        0.408158
P(-1),eps_D                        0       -0.369343        0.124021        0.099071        0.138670       -0.271454       -0.829712       -0.046267       -0.134116
P(-1),eps_nom                      0        1.767015       -0.884399       -0.904811       -0.961530        1.153775        5.660305        0.440215        0.915220
Z_D(-1),eps_A                      0        0.186639        0.146883        0.171153        0.107769       -0.064977       -0.340778       -0.061359       -0.038151
Z_D(-1),eps_D                      0        0.084095        0.014480        0.028682        0.006208        0.078658        0.068943        0.012034        0.032412
Z_D(-1),eps_nom                    0       -0.072019        0.103601        0.070089        0.102279       -0.081861       -0.265279       -0.037301       -0.061501


MOMENTS OF SIMULATED VARIABLES
VARIABLE              MEAN       STD. DEV.        VARIANCE        SKEWNESS        KURTOSIS
A                 0.993776        0.157211        0.024715        0.399145        0.299736
q                 1.194221        0.227414        0.051717        0.385129        0.016339
C                 0.996459        0.141889        0.020133        0.364199       -0.157501
I                 0.180461        0.092793        0.008611        0.405475        0.195576
K                 6.991375        0.884910        0.783066        0.100264       -0.505283
L                 0.498290        0.046162        0.002131        0.343245        0.309368
MC                0.797336        0.199626        0.039851        0.868677        1.913375
P                 1.000541        0.061336        0.003762        0.002699        0.274642
i_nom             0.018268        0.047890        0.002293        0.110181       -0.029444


CORRELATION OF SIMULATED VARIABLES
VARIABLE          A        q        C        I        K        L       MC        P    i_nom
A            1.0000   0.9149   0.8640   0.9217   0.3500   0.0633  -0.3124  -0.6366  -0.3136
q            0.9149   1.0000   0.9753   0.9446   0.5535   0.3927  -0.0400  -0.4514  -0.3036
C            0.8640   0.9753   1.0000   0.8748   0.7042   0.3324  -0.0862  -0.4777  -0.2832
I            0.9217   0.9446   0.8748   1.0000   0.2780   0.3988  -0.0463  -0.4153  -0.3347
K            0.3500   0.5535   0.7042   0.2780   1.0000   0.1186  -0.0571  -0.3078  -0.0896
L            0.0633   0.3927   0.3324   0.3988   0.1186   1.0000   0.7378   0.4504  -0.0886
MC          -0.3124  -0.0400  -0.0862  -0.0463  -0.0571   0.7378   1.0000   0.8170  -0.4500
P           -0.6366  -0.4514  -0.4777  -0.4153  -0.3078   0.4504   0.8170   1.0000  -0.2063
i_nom       -0.3136  -0.3036  -0.2832  -0.3347  -0.0896  -0.0886  -0.4500  -0.2063   1.0000


AUTOCORRELATION OF SIMULATED VARIABLES
VARIABLE          1        2        3        4        5
A            0.7695   0.5822   0.4438   0.3275   0.2321
q            0.7840   0.6507   0.5369   0.4413   0.3518
C            0.8403   0.7314   0.6417   0.5673   0.4937
I            0.7164   0.5431   0.4043   0.2906   0.1854
K            0.9937   0.9810   0.9628   0.9407   0.9159
L            0.1845   0.1316   0.1402   0.1345   0.0449
MC          -0.0571  -0.0439  -0.0053   0.0403  -0.0426
P            0.5315   0.3081   0.2156   0.1676   0.1014
i_nom        0.4102   0.3322   0.2398   0.1890   0.1176



VARIANCE DECOMPOSITION SIMULATING ONE SHOCK AT A TIME (in percent)
                    eps_A             eps_D           eps_nom  Tot. lin. contr.
A                  100.11              0.00              0.00            100.11
q                   84.08              5.38              5.75             95.21
C                   85.87              5.03              3.98             94.88
I                   80.68              5.69              7.71             94.08
K                   87.84              4.35              0.50             92.69
L                    3.78             43.25             53.72            100.75
MC                  15.41              2.19             84.86            102.47
P                   49.82              1.76             56.97            108.55
i_nom               16.59             41.43             48.27            106.29
Note: numbers do not add up to 100 due to i) non-zero correlation of simulated shocks in small samples and ii) nonlinearity

Total computing time : 0h00m03s
