Starting Dynare (version 6.1).
Calling Dynare with arguments: none
Starting preprocessing of the model file ... 
Found 30 equation(s). 
Evaluating expressions... 
Computing static model derivatives (order 1). 
Normalizing the static model... 
Finding the optimal block decomposition of the static model... 
7 block(s) found: 
  6 recursive block(s) and 1 simultaneous block(s). 
  the largest simultaneous block has 24 equation(s) 
                                 and 24 feedback variable(s). 
Computing dynamic model derivatives (order 2). 
Normalizing the dynamic model... 
Finding the optimal block decomposition of the dynamic model... 
2 block(s) found: 
  1 recursive block(s) and 1 simultaneous block(s). 
  the largest simultaneous block has 24 equation(s) 
                                 and 17 feedback variable(s). 
Preprocessing completed. 
Preprocessing time: 0h00m00s.
DYNARE_SOLVE (solve_algo=2|4): number of blocks = 8
MODEL_DIAGNOSTICS:  No obvious problems with this mod-file were detected.


Residuals of the static equations:
All residuals are zero



EIGENVALUES:
         Modulus             Real        Imaginary
       3.116e-15        3.116e-15                0
            0.25             0.25                0
            0.25             0.25                0
             0.8              0.8                0
             0.8              0.8                0
             0.8              0.8                0
           0.847            0.847                0
          0.9639           0.9639                0
           1.061            1.061                0
           1.173            1.173                0
        3.33e+15         3.33e+15                0
       1.354e+16       -1.354e+16                0
       6.167e+16        6.167e+16                0
             Inf              Inf                0

There are 6 eigenvalue(s) larger than 1 in modulus for 6 forward-looking variable(s)
The rank condition is verified.


STEADY-STATE RESULTS:

K       		 1.55593
C       		 0.759184
W       		 0.679447
P_d     		 0.298834
P_im    		 34.3193
q       		 34.3193
I       		 0.0388984
P_c     		 1
lambda  		 1.32084
h       		 0.937137
P_i     		 5.1416
R_K     		 0.233471
R_star  		 0.0204082
q_d     		 3.34634
q_cd    		 2.32366
q_cim   		 0.00188803
q_id    		 0.452439
q_iim   		 0.00188803
q_ex    		 0.570244
EX      		 0.170408
IM      		 0.129592
NX      		 0.0408163
B_star  		 -0.0582762
A       		 2.97016
P_star  		 1
y_star  		 0.000463338
GDP     		 1
GDP_ann 		 4
Z_C     		 1
Z_I     		 1

MODEL SUMMARY

  Number of variables:         30
  Number of stochastic shocks: 5
  Number of state variables:   8
  Number of jumpers:           6
  Number of static variables:  18


MATRIX OF COVARIANCE OF EXOGENOUS SHOCKS
Variables          eps_A  eps_P_star  eps_y_star       eps_C       eps_I
eps_A           0.000100    0.000000    0.000000    0.000000    0.000000
eps_P_star      0.000000    0.000100    0.000000    0.000000    0.000000
eps_y_star      0.000000    0.000000    0.000100    0.000000    0.000000
eps_C           0.000000    0.000000    0.000000    0.000100    0.000000
eps_I           0.000000    0.000000    0.000000    0.000000    0.000100

POLICY AND TRANSITION FUNCTIONS
                                   GDP               C               I              EX              IM              NX             P_i
Constant                      0.999962        0.759121        0.038850        0.170546        0.129486        0.041060        5.142305
(correction)                 -0.000038       -0.000063       -0.000048        0.000138       -0.000106        0.000244        0.000701
R_star(-1)                   -0.113070       -0.044972       -0.130596        0.283459       -0.263798        0.547257        1.442697
B_star(-1)                    1.979846        0.787461        2.286718       -4.963330        4.619055       -9.582385      -25.261403
A(-1)                         0.319754        0.055923        0.068324        0.023093        0.115130       -0.092037        0.117536
y_star(-1)                  109.318400      -44.508049       34.158802       99.119461       82.297091       16.822370     -993.021794
Z_C(-1)                       0.249861        0.188128        0.000356        0.042712        0.032833        0.009879        1.285960
Z_I(-1)                       0.109542       -0.201463        0.115486       -0.054763        0.167175       -0.221938       -1.564126
K(-1)                         0.182188        0.317306       -0.024499       -0.016979       -0.011188       -0.005791       -0.086415
eps_A                         1.187153        0.207625        0.253668        0.085739        0.427445       -0.341706        0.436376
eps_y_star                    0.063314       -0.025778        0.019784        0.057407        0.047664        0.009743       -0.575130
eps_C                         0.999443        0.752513        0.001425        0.170847        0.131330        0.039517        5.143839
eps_I                         0.438167       -0.805851        0.461945       -0.219054        0.668700       -0.887754       -6.256502
R_star(-1),R_star(-1)        -0.075209       -0.110874       -0.134608        0.592691       -0.255599        0.848290        1.745165
B_star(-1),R_star(-1)         4.574060        4.654478        6.954903      -25.619935       13.477661      -39.097597      -85.871313
B_star(-1),B_star(-1)       -23.058808      -33.993317      -41.269999      181.716071      -78.365212      260.081284      535.058366
A(-1),R_star(-1)              0.004297       -0.030998       -0.010218       -0.010553       -0.025313        0.014760       -0.260872
A(-1),B_star(-1)             -0.075241        0.542766        0.178924        0.184781        0.443228       -0.258447        4.567821
A(-1),A(-1)                  -0.004442       -0.003607       -0.002292       -0.001417       -0.004946        0.003528       -0.015652
y_star(-1),R_star(-1)       151.826024       54.616702      119.004858     -346.021585      250.292841     -596.314426    -2501.843107
y_star(-1),B_star(-1)     -2658.450497     -956.330113    -2083.756890     6058.785097    -4382.589425    10441.374521    43806.890681
y_star(-1),A(-1)             14.571226       13.131459       10.282020       33.472028       25.345020        8.127008      110.012660
y_star(-1),y_star(-1)   -120670.246797    31217.312236   -58290.481294    -4937.422328  -131819.563256   126882.140928  1410271.566387
Z_C(-1),R_star(-1)           -0.028213       -0.011231       -0.000182        0.071104       -0.066239        0.137344        0.360908
Z_C(-1),B_star(-1)            0.494003        0.196657        0.003189       -1.245025        1.159840       -2.404865       -6.319441
Z_C(-1),A(-1)                 0.079913        0.013844        0.000009        0.005764        0.028785       -0.023021        0.029256
Z_C(-1),y_star(-1)           27.308314      -11.001820        0.057044       24.789066       20.679275        4.109791     -248.495579
Z_C(-1),Z_C(-1)              -0.093715       -0.070755       -0.000179       -0.016003       -0.012258       -0.003745       -0.482166
Z_I(-1),R_star(-1)           -0.017800        0.000116       -0.068027       -0.100076       -0.075780       -0.024297       -0.378761
Z_I(-1),B_star(-1)            0.311671       -0.002034        1.191138        1.752321        1.326890        0.425431        6.632055
Z_I(-1),A(-1)                 0.025872       -0.002813        0.027396       -0.001074        0.018008       -0.019083        0.005170
Z_I(-1),y_star(-1)           17.111628       17.631433       51.937620      -26.627388       82.777697     -109.405085      255.839117
Z_I(-1),Z_C(-1)               0.027372       -0.049930       -0.000005       -0.013737        0.041669       -0.055405       -0.391214
Z_I(-1),Z_I(-1)              -0.053976        0.134485       -0.035153        0.044087       -0.087987        0.132074        1.049986
K(-1),R_star(-1)             -0.020470        0.084395        0.023183       -0.130790        0.049244       -0.180034       -0.513360
K(-1),B_star(-1)              0.358425       -1.477743       -0.405929        2.290115       -0.862249        3.152364        8.988860
K(-1),A(-1)                   0.056201        0.015814        0.011185        0.008111        0.018536       -0.010426        0.053688
K(-1),y_star(-1)              1.135268      -43.992274      -16.297407       59.949112      -34.002317       93.951429      349.486020
K(-1),Z_C(-1)                 0.045505        0.078645        0.000175       -0.004239       -0.002570       -0.001669       -0.021515
K(-1),Z_I(-1)                 0.024431       -0.091574        0.025321        0.004322        0.047401       -0.043079        0.014173
K(-1),K(-1)                  -0.036919       -0.038948       -0.000228       -0.001271       -0.002787        0.001515       -0.011033
eps_A,eps_A                   0.087169       -0.023772        0.000116       -0.008817       -0.014740        0.005923       -0.161197
eps_y_star,eps_A              0.031332        0.028237        0.022109        0.071975        0.054499        0.017475        0.236560
eps_y_star,eps_y_star        -0.032563        0.007249       -0.017080        0.005520       -0.038260        0.043779        0.401171
eps_C,eps_A                   1.186779        0.205597        0.000138        0.085599        0.427477       -0.341878        0.434475
eps_C,eps_y_star              0.063265       -0.025488        0.000132        0.057429        0.047907        0.009521       -0.575687
eps_C,eps_C                  -0.000276       -0.003310       -0.000719        0.000218        0.000861       -0.000643        0.001108
eps_I,eps_A                   0.384227       -0.041781        0.406858       -0.015956        0.267435       -0.283391        0.076786
eps_I,eps_y_star              0.039642        0.040847        0.120323       -0.061687        0.191770       -0.253457        0.592699
eps_I,eps_C                   0.437960       -0.798887       -0.000086       -0.219787        0.666701       -0.886488       -6.259424
eps_I,eps_I                  -0.206358        0.942977        0.130474        0.376807       -0.404739        0.781546        7.415019
R_star(-1),eps_A              0.015954       -0.115085       -0.037938       -0.039180       -0.093980        0.054800       -0.968539
R_star(-1),eps_y_star         0.087933        0.031632        0.068924       -0.200406        0.144963       -0.345369       -1.448998
R_star(-1),eps_C             -0.112852       -0.044925       -0.000729        0.284417       -0.264957        0.549374        1.443631
R_star(-1),eps_I             -0.071199        0.000465       -0.272107       -0.400305       -0.303118       -0.097187       -1.515046
B_star(-1),eps_A             -0.279347        2.015129        0.664292        0.686039        1.645575       -0.959536       16.958975
B_star(-1),eps_y_star        -1.539700       -0.553880       -1.206854        3.509079       -2.538273        6.047352       25.371725
B_star(-1),eps_C              1.976013        0.786629        0.012757       -4.980101        4.639361       -9.619462      -25.277762
B_star(-1),eps_I              1.246684       -0.008137        4.764552        7.009283        5.307558        1.701725       26.528218
A(-1),eps_A                   0.366711        0.043117        0.068387        0.018343        0.107190       -0.088847        0.030701
A(-1),eps_y_star              0.008439        0.007605        0.005955        0.019386        0.014679        0.004707        0.063716
A(-1),eps_C                   0.319653        0.055377        0.000037        0.023056        0.115139       -0.092083        0.117024
A(-1),eps_I                   0.103490       -0.011253        0.109585       -0.004298        0.072032       -0.076330        0.020682
y_star(-1),eps_A             54.098677       48.753244       38.174114      124.271792       94.098602       30.173190      408.444639
y_star(-1),eps_y_star        -3.129662      -19.474674      -24.821930      118.180093      -49.821043      168.001135      392.302430
y_star(-1),eps_C            109.233254      -44.007281        0.228174       99.156265       82.717100       16.439165     -993.982317
y_star(-1),eps_I             68.446512       70.525731      207.750479     -106.509554      331.110787     -437.620341     1023.356470
Z_C(-1),eps_A                 0.296695        0.051399        0.000035        0.021400        0.106869       -0.085469        0.108619
Z_C(-1),eps_y_star            0.015816       -0.006372        0.000033        0.014357        0.011977        0.002380       -0.143922
Z_C(-1),eps_C                 0.249723        0.186473       -0.000003        0.042821        0.033263        0.009558        1.286514
Z_C(-1),eps_I                 0.109490       -0.199722       -0.000021       -0.054947        0.166675       -0.221622       -1.564856
Z_I(-1),eps_A                 0.096057       -0.010445        0.101715       -0.003989        0.066859       -0.070848        0.019197
Z_I(-1),eps_y_star            0.009911        0.010212        0.030081       -0.015422        0.047943       -0.063364        0.148175
Z_I(-1),eps_C                 0.109490       -0.199722       -0.000021       -0.054947        0.166675       -0.221622       -1.564856
Z_I(-1),eps_I                 0.006362        0.270026        0.180724        0.133640       -0.035195        0.168835        2.143384
K(-1),eps_A                   0.208656        0.058714        0.041526        0.030112        0.068820       -0.038708        0.199328
K(-1),eps_y_star              0.000658       -0.025479       -0.009439        0.034721       -0.019693        0.054414        0.202413
K(-1),eps_C                   0.182022        0.314581        0.000702       -0.016955       -0.010279       -0.006676       -0.086059
K(-1),eps_I                   0.097723       -0.366295        0.101285        0.017286        0.189603       -0.172317        0.056691


MOMENTS OF SIMULATED VARIABLES
VARIABLE              MEAN       STD. DEV.        VARIANCE        SKEWNESS        KURTOSIS
GDP               1.000052        0.024318        0.000591        0.065502        0.055103
C                 0.759295        0.014873        0.000221        0.055980        0.018618
I                 0.038909        0.005966        0.000036        0.039966       -0.005821
EX                0.170484        0.005163        0.000027        0.078336        0.041647
IM                0.129534        0.009382        0.000088        0.013055        0.002836
NX                0.040951        0.011214        0.000126        0.040862        0.005557
P_i               5.142332        0.086125        0.007418        0.064157        0.006357


CORRELATION OF SIMULATED VARIABLES
VARIABLE        GDP        C        I       EX       IM       NX      P_i
GDP          1.0000   0.5883   0.5792   0.6172   0.6733  -0.2791   0.2776
C            0.5883   1.0000  -0.3031   0.8409  -0.1653   0.5255   0.8460
I            0.5792  -0.3031   1.0000  -0.1976   0.9841  -0.9143  -0.5422
EX           0.6172   0.8409  -0.1976   1.0000  -0.1144   0.5561   0.6948
IM           0.6733  -0.1653   0.9841  -0.1144   1.0000  -0.8893  -0.4116
NX          -0.2791   0.5255  -0.9143   0.5561  -0.8893   1.0000   0.6642
P_i          0.2776   0.8460  -0.5422   0.6948  -0.4116   0.6642   1.0000


AUTOCORRELATION OF SIMULATED VARIABLES
VARIABLE          1        2        3        4        5
GDP          0.7109   0.5649   0.4680   0.3923   0.3312
C            0.5117   0.3815   0.3384   0.3190   0.3000
I            0.3432   0.1350   0.0552   0.0141  -0.0123
EX           0.6583   0.5392   0.4753   0.4259   0.3788
IM           0.3814   0.1740   0.0876   0.0389   0.0070
NX           0.3002   0.1016   0.0395   0.0142  -0.0012
P_i          0.2564   0.0718   0.0262   0.0197   0.0151



VARIANCE DECOMPOSITION SIMULATING ONE SHOCK AT A TIME (in percent)
                  eps_A        eps_P_star        eps_y_star             eps_C             eps_I  Tot. lin. contr.
GDP               77.41              0.00              1.01             17.92              3.77            100.12
C                 37.53              0.00              3.61             27.18             32.21            100.54
I                 34.70              0.00              0.90              0.00             64.89            100.49
EX                47.15              0.00              3.85             11.59             36.89             99.48
IM                39.68              0.00              2.27              2.08             56.51            100.54
NX                20.05              0.00              2.53              0.13             77.70            100.41
P_i                4.40              0.00              2.35             37.81             55.46            100.03
Note: numbers do not add up to 100 due to i) non-zero correlation of simulated shocks in small samples and ii) nonlinearity

Total computing time : 0h00m07s
