Starting Dynare (version 6.1).
Calling Dynare with arguments: none
Starting preprocessing of the model file ... 
Found 36 equation(s). 
Evaluating expressions... 
Computing static model derivatives (order 1). 
Normalizing the static model... 
Finding the optimal block decomposition of the static model... 
5 block(s) found: 
  4 recursive block(s) and 1 simultaneous block(s). 
  the largest simultaneous block has 29 equation(s) 
                                 and 29 feedback variable(s). 
Computing dynamic model derivatives (order 2). 
Normalizing the dynamic model... 
Finding the optimal block decomposition of the dynamic model... 
3 block(s) found: 
  2 recursive block(s) and 1 simultaneous block(s). 
  the largest simultaneous block has 29 equation(s) 
                                 and 21 feedback variable(s). 
Preprocessing completed. 
Preprocessing time: 0h00m00s.
DYNARE_SOLVE (solve_algo=2|4): number of blocks = 10
MODEL_DIAGNOSTICS:  No obvious problems with this mod-file were detected.


Residuals of the static equations:
All residuals are zero



EIGENVALUES:
         Modulus             Real        Imaginary
          0.6601           0.6601                0
          0.6645           0.6645                0
             0.9              0.9                0
             0.9              0.9                0
           1.014            1.014                0
           1.014            1.014                0
             Inf              Inf                0
             Inf              Inf                0
             Inf              Inf                0
             Inf              Inf                0

There are 6 eigenvalue(s) larger than 1 in modulus for 6 forward-looking variable(s)
The rank condition is verified.


STEADY-STATE RESULTS:

P_C_1    		 1
lambda_1 		 0.583983
C_1      		 1.70328
W_1      		 1.21147
h_1      		 0.841117
R_K_1    		 0.0454082
I_1      		 0.280508
K_1      		 11.2203
q_c_1    		 1.99483
mu_1     		 0.766222
MC_1     		 0.766222
Pi_1     		 0.382121
TR_1     		 0.0731889
A_1      		 1
q_11     		 1.23068
P_11     		 0.957777
q_12     		 0.764154
P_12     		 0.957777
P_C_2    		 1
lambda_2 		 0.583983
C_2      		 1.70328
W_2      		 1.21147
h_2      		 0.841117
R_K_2    		 0.0454082
I_2      		 0.280508
K_2      		 11.2203
q_c_2    		 1.99483
mu_2     		 0.766222
MC_2     		 0.766222
Pi_2     		 0.382121
TR_2     		 0.0731889
A_2      		 1
q_21     		 0.764154
P_21     		 0.957777
q_22     		 1.23068
P_22     		 0.957777

MODEL SUMMARY

  Number of variables:         36
  Number of stochastic shocks: 2
  Number of state variables:   4
  Number of jumpers:           6
  Number of static variables:  28


MATRIX OF COVARIANCE OF EXOGENOUS SHOCKS
Variables     eps_A_1   eps_A_2
eps_A_1      0.000100  0.000000
eps_A_2      0.000000  0.000100

POLICY AND TRANSITION FUNCTIONS
                               q_c_1           q_c_2             C_1             C_2             I_1             I_2           P_C_1
Constant                    1.994686        1.994707        1.703714        1.703648        0.279935        0.280019        1.000000
(correction)               -0.000145       -0.000124        0.000431        0.000364       -0.000573       -0.000489               0
A_1(-1)                     2.225766        0.037156        0.117714        0.016568        1.913535        0.202581       -0.034815
A_2(-1)                     0.056749        2.245360       -0.041408        0.059738        0.280043        1.990997        0.034815
K_1(-1)                    -0.022126       -0.000327        0.292179       -0.000292       -0.312368       -0.001848        0.000347
K_2(-1)                    -0.000495       -0.022294        0.000203        0.292675       -0.002510       -0.313031       -0.000347
eps_A_1                     2.473073        0.041284        0.130793        0.018409        2.126150        0.225090       -0.038683
eps_A_2                     0.063055        2.494844       -0.046008        0.066376        0.311158        2.212218        0.038683
A_1(-1),A_1(-1)             0.119041       -0.011037        0.002959       -0.002685        0.048307       -0.053750        0.018284
A_2(-1),A_1(-1)             0.044619        0.021624       -0.003193        0.004853        0.158227        0.131142       -0.001236
A_2(-1),A_2(-1)            -0.020305        0.132767        0.026613        0.024211       -0.090351        0.038791       -0.017048
K_1(-1),A_1(-1)            -0.027637       -0.000187        0.028526       -0.000182       -0.052604       -0.001168        0.000032
K_1(-1),A_2(-1)            -0.001481       -0.000173       -0.003970       -0.000094        0.001485       -0.001308        0.000029
K_1(-1),K_1(-1)            -0.001062       -0.000015        0.018588       -0.000019       -0.019562       -0.000089        0.000019
K_2(-1),A_1(-1)            -0.000356       -0.000502       -0.000027        0.003674       -0.001460       -0.005282        0.000008
K_2(-1),A_2(-1)            -0.000235       -0.028848       -0.000108        0.021024       -0.001387       -0.046209       -0.000068
K_2(-1),K_1(-1)             0.000011        0.000003        0.000012       -0.000054        0.000010        0.000069               0
K_2(-1),K_2(-1)            -0.000023       -0.001061        0.000005        0.018678       -0.000120       -0.019652       -0.000018
eps_A_1,eps_A_1             0.284358       -0.011333        0.010919       -0.002292        0.177757       -0.053854        0.020423
eps_A_2,eps_A_1             0.055085        0.026696       -0.003941        0.005992        0.195341        0.161904       -0.001526
eps_A_2,eps_A_2            -0.021565        0.302513        0.030299        0.033577       -0.094258        0.170791       -0.018897
A_1(-1),eps_A_1             2.737609        0.016757        0.137368        0.012443        2.233499        0.105645        0.001947
A_1(-1),eps_A_2             0.049576        0.024027       -0.003547        0.005392        0.175807        0.145713       -0.001373
A_2(-1),eps_A_1             0.049576        0.024027       -0.003547        0.005392        0.175807        0.145713       -0.001373
A_2(-1),eps_A_2             0.017932        2.789883        0.013131        0.120177        0.110378        2.298420        0.000799
K_1(-1),eps_A_1            -0.030708       -0.000208        0.031696       -0.000202       -0.058449       -0.001298        0.000036
K_1(-1),eps_A_2            -0.001645       -0.000192       -0.004411       -0.000104        0.001650       -0.001454        0.000032
K_2(-1),eps_A_1            -0.000396       -0.000558       -0.000030        0.004082       -0.001623       -0.005869        0.000008
K_2(-1),eps_A_2            -0.000262       -0.032053       -0.000120        0.023360       -0.001541       -0.051343       -0.000076


MOMENTS OF SIMULATED VARIABLES
VARIABLE              MEAN       STD. DEV.        VARIANCE        SKEWNESS        KURTOSIS
q_c_1             1.993704        0.054281        0.002946        0.103347        0.069257
q_c_2             1.994584        0.054471        0.002967        0.043870        0.125475
C_1               1.702283        0.040505        0.001641        0.124879        0.111398
C_2               1.702954        0.040568        0.001646        0.037156        0.174707
I_1               0.280394        0.026728        0.000714        0.031856       -0.012628
I_2               0.280451        0.027599        0.000762        0.017234       -0.005313
P_C_1             1.000015        0.001209        0.000001        0.018643       -0.029514


CORRELATION OF SIMULATED VARIABLES
VARIABLE      q_c_1    q_c_2      C_1      C_2      I_1      I_2    P_C_1
q_c_1        1.0000   0.0220   0.8417   0.0876   0.5787   0.0745  -0.6975
q_c_2        0.0220   1.0000   0.0831   0.8308   0.0842   0.5807   0.7007
C_1          0.8417   0.0831   1.0000   0.1970   0.0562  -0.0022  -0.5406
C_2          0.0876   0.8308   0.1970   1.0000   0.0044   0.0384   0.5327
I_1          0.5787   0.0842   0.0562   0.0044   1.0000   0.2398  -0.3528
I_2          0.0745   0.5807  -0.0022   0.0384   0.2398   1.0000   0.3629
P_C_1       -0.6975   0.7007  -0.5406   0.5327  -0.3528   0.3629   1.0000


AUTOCORRELATION OF SIMULATED VARIABLES
VARIABLE          1        2        3        4        5
q_c_1        0.8900   0.7937   0.7101   0.6370   0.5725
q_c_2        0.8893   0.7928   0.7091   0.6360   0.5706
C_1          0.9812   0.9369   0.8790   0.8152   0.7500
C_2          0.9802   0.9350   0.8764   0.8119   0.7459
I_1          0.5836   0.3118   0.1415   0.0375  -0.0253
I_2          0.5831   0.3131   0.1445   0.0423  -0.0214
P_C_1        0.8917   0.7973   0.7147   0.6421   0.5778



VARIANCE DECOMPOSITION SIMULATING ONE SHOCK AT A TIME (in percent)
                  eps_A_1           eps_A_2  Tot. lin. contr.
q_c_1               99.99              0.04            100.03
q_c_2                0.02            100.01            100.03
C_1                 99.08              1.20            100.27
C_2                  1.04             99.23            100.28
I_1                 97.99              2.03            100.02
I_2                  1.00             99.02            100.02
P_C_1               49.68             49.37             99.05
Note: numbers do not add up to 100 due to i) non-zero correlation of simulated shocks in small samples and ii) nonlinearity

Total computing time : 0h00m05s
