Starting Dynare (version 6.1).
Calling Dynare with arguments: noclearall
Starting preprocessing of the model file ... 
Found 13 equation(s). 
Evaluating expressions... 
Computing static model derivatives (order 1). 
Normalizing the static model... 
Finding the optimal block decomposition of the static model... 
4 block(s) found: 
  3 recursive block(s) and 1 simultaneous block(s). 
  the largest simultaneous block has 10 equation(s) 
                                 and 10 feedback variable(s). 
Computing dynamic model derivatives (order 1). 
Normalizing the dynamic model... 
Finding the optimal block decomposition of the dynamic model... 
3 block(s) found: 
  2 recursive block(s) and 1 simultaneous block(s). 
  the largest simultaneous block has 10 equation(s) 
                                 and 10 feedback variable(s). 
Preprocessing completed. 
Preprocessing time: 0h00m01s.
DYNARE_SOLVE (solve_algo=2|4): number of blocks = 6
MODEL_DIAGNOSTICS:  No obvious problems with this mod-file were detected.


Residuals of the static equations:
Equation number  1: Production Function :       0.000000
Equation number  2: Capital demand      :       0.000000
Equation number  3: Labor demand        :       0.000000
Equation number  4: Lambda              :       0.000000
Equation number  5: KLM                 :       0.000000
Equation number  6: Euler Eq. Bonds     :       0.000000
Equation number  7: R_star              :       0.000000
Equation number  8: NX                  :       0.000000
Equation number  9: Labor supply        :       0.000000
Equation number 10: Euler Equation K    :       0.000000
Equation number 11: BC                  :       0.000000
Equation number 12: TFP                 :       0.000000
Equation number 13: Z_Beta              :       0.000000



EIGENVALUES:
         Modulus             Real        Imaginary
       6.196e-18        6.196e-18                0
          0.7364           0.7364                0
            0.75             0.75                0
            0.75             0.75                0
          0.9709           0.9709                0
           1.072            1.072                0
           1.414            1.414                0
       2.225e+16       -2.225e+16                0
       6.583e+17        6.583e+17                0

There are 4 eigenvalue(s) larger than 1 in modulus for 4 forward-looking variable(s)
The rank condition is verified.


STEADY-STATE RESULTS:

K      		 1.936
L      		 1.01458
C      		 0.8157
Y      		 1
R_K    		 0.141667
W      		 0.715305
lambda 		 1.50293
I      		 0.1936
R_star 		 0.0416667
B_star 		 0.2232
NX     		 -0.00930002
A      		 0.825562
Z_beta 		 1
Initial value of the log posterior (or likelihood): 346.9975
Gradient norm  169576.8797
Minimum Hessian eigenvalue 26.8183
Maximum Hessian eigenvalue 719058139.1305
 
Iteration 1
Correct for low angle: 0.00105444
Predicted improvement:      189.915985838
lambda =          1; f =         -633.1843498
lambda =     1.9332; f =         -825.0412984
Norm of dx    0.44798
Predicted improvement: 14378159064.913106918
lambda =          1; f =       122062.3700972
lambda =    0.33333; f =        13174.0141571
lambda =    0.11111; f =         1129.1906601
lambda =   0.037037; f =         -191.1946313
lambda =   0.012346; f =         -332.2451076
lambda =  0.0041152; f =         -346.0749935
lambda =  0.0013717; f =         -346.9975177
lambda = 0.00045725; f =         5507.0188821
lambda = 0.00015242; f =          269.6032515
lambda = 5.0805e-05; f =         -288.9451251
lambda = 1.6935e-05; f =         -343.4548457
lambda =  5.645e-06; f =         -331.0595194
lambda = 1.8817e-06; f =         -643.1479085
lambda = 6.2723e-07; f =         -843.5251996
lambda = 2.0908e-07; f =         -916.9673515
lambda = 6.9692e-08; f =         -918.0927805
lambda = 2.3231e-08; f =         -882.7841703
lambda = 7.7435e-09; f =         -850.4140172
lambda = 2.5812e-09; f =         -834.4241940
Norm of dx 1.6958e+05
Gradient step!!
Predicted improvement:       70.878061780
lambda =          1; f =        -1008.7268808
Norm of dx  0.0017343
Done for param eps_A =   0.0081; f = -1008.7269
Predicted improvement:        0.098002160
lambda =          1; f =        -1008.9216789
lambda =     1.9332; f =        -1009.1012546
lambda =     3.7372; f =        -1009.4422040
lambda =     7.2247; f =        -1010.0770825
lambda =     13.967; f =        -1011.2056569
lambda =         27; f =        -1012.9506855
lambda =     52.196; f =        -1014.0487950
Norm of dx 9.2846e-05
Done for param eps_beta =   0.0207; f = -1014.0488
Predicted improvement:        9.876872475
lambda =          1; f =         -346.9972090
lambda =    0.33333; f =        -1018.8305023
lambda =    0.64439; f =         -346.9974690
lambda =     0.4339; f =         -346.9975173
lambda =    0.34224; f =        -1018.8812964
lambda =    0.39461; f =        -1019.0352626
Norm of dx   0.029768
Done for param rho_a =   0.9986; f = -1019.0353
Predicted improvement:        0.032319257
lambda =          1; f =        -1019.0987763
lambda =     1.9332; f =        -1019.1560274
lambda =     3.7372; f =        -1019.2612170
lambda =     7.2247; f =        -1019.4442868
lambda =     13.967; f =        -1019.7238899
lambda =         27; f =        -1019.9957861
Norm of dx  0.0033246
Done for param rho_beta =   0.3899; f = -1019.9958
Predicted improvement:        0.073541301
lambda =          1; f =        -1020.1358734
lambda =     1.9332; f =        -1020.2551861
lambda =     3.7372; f =        -1020.4598741
lambda =     7.2247; f =        -1020.7820387
lambda =     13.967; f =        -1021.2315797
Norm of dx     0.0485
Done for param phi_k =   1.4933; f = -1021.2316
Predicted improvement:        8.554777978
lambda =          1; f =        -1026.2251458
lambda =    0.33333; f =        -1024.0101162
Norm of dx    0.17489
Done for param phi_b =  -0.1901; f = -1026.2251
Sequence of univariate steps!!
Actual dxnorm 1.4948
FVAL          -1026.2251
Improvement   679.2276
Ftol          1e-05
Htol          1e-05
Elapsed time for iteration 1.2624 s.
 
Iteration 2
Correct for low angle: 0.000447286
Predicted improvement:      123.694858697
lambda =          1; f =        -1065.6497597
lambda =    0.33333; f =        -1070.3821196
Norm of dx     1.5767
Predicted improvement: 492391412.146018505
lambda =          1; f =       141231.5227079
lambda =    0.33333; f =        14604.8183301
lambda =    0.11111; f =          655.4329986
lambda =   0.037037; f =         -857.1207123
lambda =   0.012346; f =        -1012.7608736
lambda =  0.0041152; f =        -1025.9139820
lambda =  0.0013717; f =          742.2988739
lambda = 0.00045725; f =         -847.7795706
lambda = 0.00015242; f =        -1011.8368146
lambda = 5.0805e-05; f =        -1025.8593510
lambda = 1.6935e-05; f =         -508.7788517
lambda =  5.645e-06; f =         -694.9605007
lambda = 1.8817e-06; f =         -864.9472664
lambda = 6.2723e-07; f =         -997.0209691
lambda = 2.0908e-07; f =        -1063.3021499
lambda = 6.9692e-08; f =        -1076.4834384
lambda = 2.3231e-08; f =        -1074.2206711
lambda = 7.7435e-09; f =        -1071.9202609
lambda = 2.5812e-09; f =        -1070.9262910
Norm of dx      31381
Gradient step!!
Predicted improvement:        0.000042376
lambda =          1; f =        -1076.4835231
lambda =     1.9332; f =        -1076.4836019
lambda =     3.7372; f =        -1076.4837538
lambda =     7.2247; f =        -1076.4840458
lambda =     13.967; f =        -1076.4846036
lambda =         27; f =        -1076.4856574
lambda =     52.196; f =        -1076.4876028
lambda =      100.9; f =        -1076.4910197
lambda =     195.07; f =        -1076.4963304
lambda =      377.1; f =        -1076.5016954
Norm of dx 3.0461e-07
Done for param eps_A =   0.0127; f = -1076.5017
Predicted improvement:        0.094255107
lambda =          1; f =        -1076.5920662
Norm of dx 0.00050211
Done for param eps_beta =   0.0218; f = -1076.5921
Predicted improvement:        0.030998885
lambda =          1; f =        -1076.6324258
Norm of dx 0.00061853
Done for param rho_a =   0.9973; f = -1076.6324
Predicted improvement:        0.113295546
lambda =          1; f =        -1076.7496539
Norm of dx   0.030912
Done for param rho_beta =   0.3800; f = -1076.7497
Predicted improvement:        0.107767934
lambda =          1; f =        -1076.8972084
Norm of dx    0.40309
Done for param phi_k =   1.4136; f = -1076.8972
Predicted improvement:        1.063824564
lambda =          1; f =        -1078.0776863
Norm of dx     0.3045
Done for param phi_b =  -0.7011; f = -1078.0777
Sequence of univariate steps!!
Actual dxnorm 0.51734
FVAL          -1078.0777
Improvement   51.8525
Ftol          1e-05
Htol          1e-05
Elapsed time for iteration 0.73787 s.
 
Iteration 3
Correct for low angle: 0.00496663
Predicted improvement:        1.155571623
lambda =          1; f =        -1078.8916206
Norm of dx    0.84469
Predicted improvement:   149722.858464062
lambda =          1; f =        24496.1355978
lambda =    0.33333; f =         1719.2605358
lambda =    0.11111; f =         -781.4218728
lambda =   0.037037; f =        -1049.2483114
lambda =   0.012346; f =        -1075.6644171
lambda =  0.0041152; f =        -1077.8246475
lambda =  0.0013717; f =        -1078.0523091
lambda = 0.00045725; f =        -1078.0756859
lambda = 0.00015242; f =        -1078.0776436
lambda = 5.0805e-05; f =         -883.8857780
lambda = 1.6935e-05; f =        -1061.5937401
lambda =  5.645e-06; f =        -1077.4895571
lambda = 1.8817e-06; f =        -1079.0515405
lambda = 6.2723e-07; f =        -1079.0235980
lambda = 1.2125e-06; f =        -1079.0745504
Norm of dx     547.22
Predicted improvement:        0.007431373
lambda =          1; f =        -1079.0820500
Norm of dx 8.1313e-05
Done for param eps_A =   0.0126; f = -1079.0820
Predicted improvement:        0.007188514
lambda =          1; f =        -1079.0894151
Norm of dx 0.00015583
Done for param eps_beta =   0.0247; f = -1079.0894
Predicted improvement:        0.032051096
lambda =          1; f =        -1079.1232795
Norm of dx  0.0015362
Done for param rho_a =   0.9939; f = -1079.1233
Predicted improvement:        0.065402601
lambda =          1; f =        -1079.1906817
Norm of dx   0.020971
Done for param rho_beta =   0.4308; f = -1079.1907
Predicted improvement:        0.244655326
lambda =          1; f =        -1079.5089393
Norm of dx    0.97707
Done for param phi_k =   2.9097; f = -1079.5089
Predicted improvement:        0.006550736
lambda =          1; f =        -1079.5151149
Norm of dx   0.053138
Done for param phi_b =  -1.3105; f = -1079.5151
Sequence of univariate steps!!
Actual dxnorm 1.6162
FVAL          -1079.5151
Improvement   1.4374
Ftol          1e-05
Htol          1e-05
Elapsed time for iteration 0.47016 s.
 
Iteration 4
Correct for low angle: 0.00299851
Predicted improvement:        1.172386334
lambda =          1; f =        -1079.4911637
lambda =    0.33333; f =        -1077.6832911
lambda =    0.11111; f =        -1079.5153305
lambda =   0.037037; f =        -1079.5739878
Norm of dx     3.5451
Predicted improvement:        0.003473318
lambda =          1; f =        -1079.5774865
Norm of dx 5.5744e-05
Done for param eps_A =   0.0126; f = -1079.5775
Predicted improvement:        0.000291086
lambda =          1; f =        -1079.5777804
Norm of dx 3.1451e-05
Done for param eps_beta =   0.0243; f = -1079.5778
Predicted improvement:        0.051403071
lambda =          1; f =        -1079.6369068
Norm of dx  0.0023373
Done for param rho_a =   0.9911; f = -1079.6369
Predicted improvement:        0.000380373
lambda =          1; f =        -1079.6372880
Norm of dx  0.0016631
Done for param rho_beta =   0.4267; f = -1079.6373
Predicted improvement:        0.203367900
lambda =          1; f =        -1079.9011254
Norm of dx      1.564
Done for param phi_k =   4.5932; f = -1079.9011
Predicted improvement:        0.003230367
lambda =          1; f =        -1079.9042933
Norm of dx   0.030746
Done for param phi_b =  -1.2255; f = -1079.9043
Sequence of univariate steps!!
Actual dxnorm 1.6857
FVAL          -1079.9043
Improvement   0.38918
Ftol          1e-05
Htol          1e-05
Elapsed time for iteration 0.39074 s.
 
Iteration 5
Correct for low angle: 0.00316976
Predicted improvement:        0.462150501
lambda =          1; f =        -1056.1787645
lambda =    0.33333; f =        -1078.3256956
lambda =    0.11111; f =        -1079.8183781
lambda =   0.037037; f =        -1079.9182582
Norm of dx     2.8715
Predicted improvement:        0.012998186
lambda =          1; f =        -1079.9314390
Norm of dx 0.00010658
Done for param eps_A =   0.0125; f = -1079.9314
Predicted improvement:        0.000105903
lambda =          1; f =        -1079.9315448
Norm of dx 1.9134e-05
Done for param eps_beta =   0.0243; f = -1079.9315
Predicted improvement:        0.065017123
lambda =          1; f =        -1080.0035916
Norm of dx  0.0031858
Done for param rho_a =   0.9875; f = -1080.0036
Predicted improvement:        0.000017908
lambda =          1; f =        -1080.0036094
Norm of dx 0.00036309
Done for param rho_beta =   0.4265; f = -1080.0036
Predicted improvement:        0.165807157
lambda =          1; f =        -1080.1802116
Norm of dx     2.0363
Done for param phi_k =   6.7348; f = -1080.1802
Predicted improvement:        0.001047064
lambda =          1; f =        -1080.1812466
Norm of dx   0.016425
Done for param phi_b =  -1.1939; f = -1080.1812
Sequence of univariate steps!!
Actual dxnorm 2.1418
FVAL          -1080.1812
Improvement   0.27695
Ftol          1e-05
Htol          1e-05
Elapsed time for iteration 0.48795 s.
 
Iteration 6
Predicted improvement:        0.101820599
lambda =          1; f =        -1080.2641283
Norm of dx    0.39802
Predicted improvement:        0.007614058
lambda =          1; f =        -1080.2716559
Norm of dx  8.453e-05
Done for param eps_A =   0.0125; f = -1080.2717
Predicted improvement:        0.003705921
lambda =          1; f =        -1080.2753900
Norm of dx 0.00011478
Done for param eps_beta =   0.0250; f = -1080.2754
Predicted improvement:        0.000202177
lambda =          1; f =        -1080.2755939
Norm of dx 0.00024114
Done for param rho_a =   0.9826; f = -1080.2756
Predicted improvement:        0.002871271
lambda =          1; f =        -1080.2784852
Norm of dx  0.0044752
Done for param rho_beta =   0.4386; f = -1080.2785
Predicted improvement:        0.005609365
lambda =          1; f =        -1080.2842957
Norm of dx    0.38846
Done for param phi_k =   7.4876; f = -1080.2843
Predicted improvement:        0.000731753
lambda =          1; f =        -1080.2850225
Norm of dx   0.014899
Done for param phi_b =  -1.3384; f = -1080.2850
Sequence of univariate steps!!
Actual dxnorm 0.76663
FVAL          -1080.285
Improvement   0.10378
Ftol          1e-05
Htol          1e-05
Elapsed time for iteration 0.48259 s.
 
Iteration 7
Correct for low angle: 0.00086872
Predicted improvement:        0.072263792
lambda =          1; f =        -1076.8111813
lambda =    0.33333; f =        -1079.9951654
lambda =    0.11111; f =        -1080.2654804
lambda =   0.037037; f =        -1080.2864882
lambda =   0.012346; f =        -1080.2863774
lambda =   0.023866; f =        -1080.2868627
Norm of dx    0.75954
Predicted improvement:        0.000021080
lambda =          1; f =        -1080.2868838
Norm of dx 4.3697e-06
Done for param eps_A =   0.0125; f = -1080.2869
Predicted improvement:        0.000011526
lambda =          1; f =        -1080.2868953
Norm of dx 6.4503e-06
Done for param eps_beta =   0.0249; f = -1080.2869
Predicted improvement:        0.001392973
lambda =          1; f =        -1080.2883028
Norm of dx 0.00063138
Done for param rho_a =   0.9819; f = -1080.2883
Predicted improvement:        0.000480379
lambda =          1; f =        -1080.2887845
Norm of dx  0.0018451
Done for param rho_beta =   0.4365; f = -1080.2888
Predicted improvement:        0.000240324
lambda =          1; f =        -1080.2890273
Norm of dx   0.084678
Done for param phi_k =   7.5898; f = -1080.2890
Predicted improvement:        0.000227159
lambda =          1; f =        -1080.2892536
Norm of dx  0.0082053
Done for param phi_b =  -1.3257; f = -1080.2893
Sequence of univariate steps!!
Actual dxnorm 0.10306
FVAL          -1080.2893
Improvement   0.0042311
Ftol          1e-05
Htol          1e-05
Elapsed time for iteration 0.75625 s.
 
Iteration 8
Correct for low angle: 0.000734117
Predicted improvement:        0.013441721
lambda =          1; f =        -1079.3717194
lambda =    0.33333; f =        -1080.1995341
lambda =    0.11111; f =        -1080.2814929
lambda =   0.037037; f =        -1080.2890629
lambda =   0.012346; f =        -1080.2894539
Norm of dx    0.30969
Predicted improvement:        0.000019852
lambda =          1; f =        -1080.2894738
Norm of dx 4.2392e-06
Done for param eps_A =   0.0125; f = -1080.2895
Predicted improvement:        0.000045458
lambda =          1; f =        -1080.2895192
Norm of dx 1.2819e-05
Done for param eps_beta =   0.0249; f = -1080.2895
Predicted improvement:        0.000098741
lambda =          1; f =        -1080.2896182
Norm of dx 0.00017008
Done for param rho_a =   0.9817; f = -1080.2896
Predicted improvement:        0.000085371
lambda =          1; f =        -1080.2897036
Norm of dx 0.00078076
Done for param rho_beta =   0.4356; f = -1080.2897
Predicted improvement:        0.000017837
lambda =          1; f =        -1080.2897215
Norm of dx    0.02337
Done for param phi_k =   7.6169; f = -1080.2897
Predicted improvement:        0.000054850
lambda =          1; f =        -1080.2897763
Norm of dx   0.004009
Done for param phi_b =  -1.3208; f = -1080.2898
Sequence of univariate steps!!
Actual dxnorm 0.027537
FVAL          -1080.2898
Improvement   0.00052274
Ftol          1e-05
Htol          1e-05
Elapsed time for iteration 0.56737 s.
 
Iteration 9
Correct for low angle: 0.000841266
Predicted improvement:        0.003414870
lambda =          1; f =        -1080.1264934
lambda =    0.33333; f =        -1080.2737150
lambda =    0.11111; f =        -1080.2885178
lambda =   0.037037; f =        -1080.2898058
lambda =   0.012346; f =        -1080.2898358
lambda =   0.023866; f =        -1080.2898466
Norm of dx    0.16378
Predicted improvement:        0.000013390
lambda =          1; f =        -1080.2898600
Norm of dx 3.4818e-06
Done for param eps_A =   0.0125; f = -1080.2899
Predicted improvement:        0.000013750
lambda =          1; f =        -1080.2898737
Norm of dx 0.00031384
Done for param rho_beta =   0.4352; f = -1080.2899
Predicted improvement:        0.000023740
lambda =          1; f =        -1080.2898975
Norm of dx  0.0026299
Done for param phi_b =  -1.3171; f = -1080.2899
Sequence of univariate steps!!
Actual dxnorm 0.0052639
FVAL          -1080.2899
Improvement   0.00012115
Ftol          1e-05
Htol          1e-05
Elapsed time for iteration 0.45348 s.
 
Iteration 10
Correct for low angle: 0.000933654
Predicted improvement:        0.001129797
lambda =          1; f =        -1080.2439206
lambda =    0.33333; f =        -1080.2854027
lambda =    0.11111; f =        -1080.2895695
lambda =   0.037037; f =        -1080.2899170
lambda =   0.012346; f =        -1080.2899182
lambda =   0.023866; f =        -1080.2899247
Norm of dx   0.099261
Predicted improvement:        0.000000062
lambda =          1; f =        -1080.2899256
lambda =     1.9332; f =        -1080.2899264
lambda =     3.7372; f =        -1080.2899277
lambda =     7.2247; f =        -1080.2899293
lambda =     13.967; f =        -1080.2899298
lambda =         27; f =        -1080.2899199
lambda =      18.18; f =        -1080.2899281
lambda =     23.049; f =        -1080.2899244
lambda =      19.99; f =        -1080.2899269
lambda =     21.773; f =        -1080.2899255
lambda =     20.685; f =        -1080.2899264
Norm of dx 2.3242e-05
Predicted improvement:        0.000012068
lambda =          1; f =        -1080.2899418
Norm of dx  0.0018718
Done for param phi_b =  -1.3149; f = -1080.2899
Sequence of univariate steps!!
Actual dxnorm 0.0032264
FVAL          -1080.2899
Improvement   4.4368e-05
Ftol          1e-05
Htol          1e-05
Elapsed time for iteration 0.48672 s.
 
Iteration 11
Correct for low angle: 0.000946016
Predicted improvement:        0.000398753
lambda =          1; f =        -1080.2738148
lambda =    0.33333; f =        -1080.2883496
lambda =    0.11111; f =        -1080.2898248
lambda =   0.037037; f =        -1080.2899485
lambda =   0.012346; f =        -1080.2899491
lambda =   0.023866; f =        -1080.2899514
Norm of dx   0.058822
Predicted improvement:        0.000000000
lambda =          1; f =        -1080.2899514
lambda =    0.33333; f =        -1080.2899514
lambda =    0.11111; f =        -1080.2899514
lambda =   0.037037; f =        -1080.2899514
lambda =   0.012346; f =        -1080.2899514
lambda =  0.0041152; f =        -1080.2899514
lambda =  0.0013717; f =        -1080.2899514
lambda = 0.00045725; f =        -1080.2899514
lambda = 0.00015242; f =        -1080.2899514
lambda = 5.0805e-05; f =        -1080.2899514
lambda = 1.6935e-05; f =        -1080.2899514
lambda =  5.645e-06; f =        -1080.2899514
lambda = 1.8817e-06; f =        -1080.2899514
lambda = 6.2723e-07; f =        -1080.2899514
lambda = 2.0908e-07; f =        -1080.2899514
lambda = 4.0418e-07; f =        -1080.2899514
lambda = 2.7215e-07; f =        -1080.2899514
lambda = 3.4504e-07; f =        -1080.2899514
lambda = 2.9925e-07; f =        -1080.2899514
lambda = 2.5954e-07; f =        -1080.2899514
lambda = 2.8268e-07; f =        -1080.2899514
lambda = 3.0789e-07; f =        -1080.2899514
lambda = 2.9251e-07; f =        -1080.2899514
lambda = 2.7789e-07; f =        -1080.2899514
lambda = 2.8657e-07; f =        -1080.2899514
lambda = 2.9552e-07; f =        -1080.2899514
lambda = 2.9012e-07; f =        -1080.2899514
lambda = 2.8482e-07; f =        -1080.2899514
lambda = 2.7961e-07; f =        -1080.2899514
lambda = 2.8272e-07; f =        -1080.2899514
lambda = 2.8587e-07; f =        -1080.2899514
lambda = 2.8905e-07; f =        -1080.2899514
Norm of dx 5.4757e-06
Sequence of univariate steps!!
Try diagonal Hessian
Correct for low angle: 0.00142292
Predicted improvement:        0.000038274
lambda =          1; f =        -1080.2897675
lambda =    0.33333; f =        -1080.2899299
lambda =    0.11111; f =        -1080.2899487
lambda =   0.037037; f =        -1080.2899510
lambda =   0.012346; f =        -1080.2899513
lambda =  0.0041152; f =        -1080.2899514
lambda =  0.0013717; f =        -1080.2899514
lambda = 0.00045725; f =        -1080.2899514
lambda = 0.00015242; f =        -1080.2899514
lambda = 5.0805e-05; f =        -1080.2899514
lambda = 1.6935e-05; f =        -1080.2899514
lambda =  5.645e-06; f =        -1080.2899514
lambda = 1.8817e-06; f =        -1080.2899514
lambda = 6.2723e-07; f =        -1080.2899514
lambda = 2.0908e-07; f =        -1080.2899514
lambda = 6.9692e-08; f =        -1080.2899514
lambda = 2.3231e-08; f =        -1080.2899514
lambda = 7.7435e-09; f =        -1080.2899514
lambda = 2.5812e-09; f =        -1080.2899514

lambda =

  -6.2723e-07

lambda = -6.2723e-07; f =        -1080.2899514
Norm of dx   0.005646
Try gradient direction
Predicted improvement:        0.000367640
lambda =          1; f =        -1080.2687363
lambda =    0.33333; f =        -1080.2875904
lambda =    0.11111; f =        -1080.2896797
lambda =   0.037037; f =        -1080.2899178
lambda =   0.012346; f =        -1080.2899465
lambda =  0.0041152; f =        -1080.2899505
lambda =  0.0013717; f =        -1080.2899512
lambda = 0.00045725; f =        -1080.2899513
lambda = 0.00015242; f =        -1080.2899514
lambda = 5.0805e-05; f =        -1080.2899514
lambda = 1.6935e-05; f =        -1080.2899514
lambda =  5.645e-06; f =        -1080.2899514
lambda = 1.8817e-06; f =        -1080.2899514
lambda = 6.2723e-07; f =        -1080.2899514
lambda = 2.0908e-07; f =        -1080.2899514
lambda = 6.9692e-08; f =        -1080.2899514
lambda = 2.3231e-08; f =        -1080.2899514
lambda = 7.7435e-09; f =        -1080.2899514
lambda = 2.5812e-09; f =        -1080.2899514

lambda =

  -6.2723e-07

lambda = -6.2723e-07; f =        -1080.2899514
Norm of dx 0.00027116
No further improvement is possible!
Actual dxnorm 0.0014039
FVAL          -1080.29
Improvement   9.5601e-06
Ftol          1e-05
Htol          1e-05
Gradient norm  2.7116
Minimum Hessian eigenvalue 0.019234
Maximum Hessian eigenvalue 5092771.8536
Estimation successful.

Final value of minus the log posterior (or likelihood):-1080.289951 

MODE CHECK

Fval obtained by the optimization routine: -1080.289951

RESULTS FROM MAXIMUM LIKELIHOOD ESTIMATION
parameters
           Estimate    s.d. t-stat

rho_a        0.9817  0.0149 65.7567 
rho_beta     0.4349  0.0860  5.0584 
phi_k        7.6243  4.3390  1.7572 
phi_b       -1.3145  0.6424  2.0462 

standard deviation of shocks
           Estimate    s.d. t-stat

eps_A        0.0125  0.0007 18.3683 
eps_beta     0.0249  0.0025  9.8264 


MODEL SUMMARY

  Number of variables:         13
  Number of stochastic shocks: 2
  Number of state variables:   5
  Number of jumpers:           4
  Number of static variables:  6


MATRIX OF COVARIANCE OF EXOGENOUS SHOCKS
Variables       eps_A  eps_beta
eps_A        0.000156  0.000000
eps_beta     0.000000  0.000618



MOMENTS OF SIMULATED VARIABLES (HP filter, lambda = 1600)
VARIABLE              MEAN       STD. DEV.        VARIANCE        SKEWNESS        KURTOSIS
Y                 0.997946        0.014817        0.000220        0.031161       -0.073695
C                 0.814042        0.014321        0.000205        0.003770       -0.091007
I                 0.193173        0.002290        0.000005        0.020216       -0.112051
NX               -0.009269        0.010220        0.000104       -0.000776        0.002116


CORRELATION OF SIMULATED VARIABLES (HP filter, lambda = 1600)
VARIABLE          Y        C        I       NX
Y            1.0000   0.7257   0.9739   0.2147
C            0.7257   1.0000   0.7415  -0.5153
I            0.9739   0.7415   1.0000   0.1488
NX           0.2147  -0.5153   0.1488   1.0000


AUTOCORRELATION OF SIMULATED VARIABLES (HP filter, lambda = 1600)
VARIABLE          1        2        3        4        5
Y            0.7194   0.4777   0.2883   0.1297   0.0039
C            0.5838   0.3257   0.1650   0.0401  -0.0432
I            0.7413   0.5077   0.3181   0.1563   0.0264
NX           0.2699  -0.0245  -0.1186  -0.1512  -0.1446



VARIANCE DECOMPOSITION SIMULATING ONE SHOCK AT A TIME (in percent) (HP filter, lambda = 1600)
                 eps_A          eps_beta  Tot. lin. contr.
Y                97.23              2.95            100.18
C                69.23             30.64             99.87
I                96.52              5.62            102.14
NX                0.22             99.85            100.06
Note: numbers do not add up to 100 due to non-zero correlation of simulated shocks in small samples

Total computing time : 0h00m37s
