Starting Dynare (version 6.1).
Calling Dynare with arguments: none
Starting preprocessing of the model file ... 
Found 41 equation(s). 
Evaluating expressions... 
Computing static model derivatives (order 1). 
Normalizing the static model... 
Finding the optimal block decomposition of the static model... 
9 block(s) found: 
  8 recursive block(s) and 1 simultaneous block(s). 
  the largest simultaneous block has 28 equation(s) 
                                 and 28 feedback variable(s). 
Computing dynamic model derivatives (order 2). 
Normalizing the dynamic model... 
Finding the optimal block decomposition of the dynamic model... 
3 block(s) found: 
  2 recursive block(s) and 1 simultaneous block(s). 
  the largest simultaneous block has 30 equation(s) 
                                 and 17 feedback variable(s). 
Preprocessing completed. 
Preprocessing time: 0h00m00s.
DYNARE_SOLVE (solve_algo=2|4): number of blocks = 15
MODEL_DIAGNOSTICS:  No obvious problems with this mod-file were detected.


Residuals of the static equations:
Equation number 11: MPK                         :      -0.000000



EIGENVALUES:
         Modulus             Real        Imaginary
       1.082e-09        1.082e-09                0
       1.082e-09       -1.082e-09                0
          0.6737           0.6567           0.1502
          0.6737           0.6567          -0.1502
             0.8              0.8                0
             0.8              0.8                0
             0.8              0.8                0
             0.8              0.8                0
             0.8              0.8                0
            0.95             0.95                0
          0.9535           0.9535                0
           1.089            1.089                0
           1.583            1.561           0.2611
           1.583            1.561          -0.2611
       3.177e+16       -3.177e+16                0
       3.293e+16       -3.293e+16                0
       5.512e+16       -5.512e+16                0
       8.537e+16       -8.537e+16                0
       1.125e+17        1.125e+17                0
       5.598e+17        5.598e+17                0
       8.494e+17        8.494e+17                0
       3.022e+19       -3.022e+19                0

There are 11 eigenvalue(s) larger than 1 in modulus for 11 forward-looking variable(s)
The rank condition is verified.


STEADY-STATE RESULTS:

K          		 12.1074
C          		 1.77196
W          		 1.30943
P_d        		 1.0053
P_im       		 0.980117
s          		 0.784093
I          		 0.302685
P_c        		 1
lambda     		 0.561126
h          		 0.831162
P_i        		 0.989809
R_K        		 0.0449454
R_star     		 0.0204082
q_d        		 2.0299
q_cd       		 1.38061
q_cim      		 0.391829
q_id       		 0.11203
q_iim      		 0.19077
q_ex       		 0.537258
EX         		 0.540104
IM         		 0.571015
NX         		 -0.030911
B_star     		 -5.20513
GDP        		 2.04065
GDP_ann    		 8.16262
TO         		 0.544492
q_im       		 0.582599
Upsilon_d  		 0
Upsilon_im 		 0
Pi_d       		 0.408131
Pi_im      		 0.114203
mu         		 0.804238
MC         		 0.804238
rer        		 0.784093
WL         		 1.96737e-06
P_star     		 1
A          		 1
Pim_star   		 1
Z_C        		 1
Z_I        		 1
y_star     		 1

MODEL SUMMARY

  Number of variables:         41
  Number of stochastic shocks: 6
  Number of state variables:   11
  Number of jumpers:           11
  Number of static variables:  23


MATRIX OF COVARIANCE OF EXOGENOUS SHOCKS
Variables              eps_A    eps_P_star  eps_Pim_star    eps_y_star         eps_C         eps_I
eps_A               0.000100      0.000000      0.000000      0.000000      0.000000      0.000000
eps_P_star          0.000000      0.000100      0.000000      0.000000      0.000000      0.000000
eps_Pim_star        0.000000      0.000000      0.000100      0.000000      0.000000      0.000000
eps_y_star          0.000000      0.000000      0.000000      0.000100      0.000000      0.000000
eps_C               0.000000      0.000000      0.000000      0.000000      0.000100      0.000000
eps_I               0.000000      0.000000      0.000000      0.000000      0.000000      0.000100

POLICY AND TRANSITION FUNCTIONS
                                       GDP               C               I              EX              IM              NX               s             P_c             P_d
Constant                          2.040374        1.769975        0.303541        0.540163        0.570283       -0.030120        0.784067        1.000000        1.005169
(correction)                     -0.000280       -0.001990        0.000856        0.000059       -0.000732        0.000791       -0.000026               0       -0.000128
R_star(-1)                        0.038901       -0.347308       -0.557241        0.342324       -0.581414        0.923737        0.187063               0       -0.025052
B_star(-1)                       -0.007626        0.068086        0.109241       -0.067109        0.113980       -0.181088       -0.036672               0        0.004911
A(-1)                             1.917951        0.513384        3.261406        0.170964        2.005042       -1.834078        0.090526               0       -0.018703
Pim_star(-1)                     -0.231870        0.141747       -0.643826       -0.408245       -0.647575        0.239330       -0.257383               0       -0.043413
Z_C(-1)                           3.886000        1.398939        7.508753        0.663027        5.787522       -5.124495        0.811806               0        0.911983
Z_I(-1)                           0.426578       -0.938674        4.391727       -0.312067        2.424380       -2.736447       -0.176546               0        0.009981
y_star(-1)                        0.048686        0.095346       -0.230103        0.227565        0.033072        0.194493       -0.154619               0        0.023912
K(-1)                             0.043755        0.079110       -0.056973        0.002502       -0.018497        0.020999        0.001421               0       -0.000069
P_d(-1)                          -1.566132       -0.215486       -3.140205       -0.154242       -1.917755        1.763513       -0.084591               0        0.010635
P_im(-1)                         -0.802206        0.252620       -4.721342       -0.131668       -3.679221        3.547553       -0.135649               0       -0.126479
P_star(-1)                        0.209741       -0.019938        0.686034        0.323830        0.744982       -0.421152       -0.415657               0        0.050365
eps_A                             2.397439        0.641730        4.076757        0.213705        2.506302       -2.292597        0.113157               0       -0.023379
eps_P_star                        0.262176       -0.024922        0.857542        0.404788        0.931228       -0.526440       -0.519572               0        0.062956
eps_Pim_star                     -0.289837        0.177184       -0.804782       -0.510306       -0.809468        0.299162       -0.321729               0       -0.054266
eps_y_star                        0.051249        0.100364       -0.242214        0.239542        0.034812        0.204730       -0.162756               0        0.025170
eps_C                             4.857501        1.748674        9.385941        0.828784        7.234402       -6.405618        1.014757               0        1.139979
eps_I                             0.533222       -1.173343        5.489659       -0.390084        3.030474       -3.420559       -0.220682               0        0.012476
R_star(-1),R_star(-1)             0.043229       -0.099453       -0.163908        0.240541       -0.043576        0.284117        0.097811               0       -0.002227
B_star(-1),R_star(-1)            -0.024423        0.105717        0.171321       -0.160078        0.128785       -0.288863       -0.074288               0        0.005686
B_star(-1),B_star(-1)             0.001661       -0.003822       -0.006299        0.009244       -0.001675        0.010919        0.003759               0       -0.000086
A(-1),R_star(-1)                  0.123077       -0.042199       -0.019285       -0.051763       -0.051713       -0.000050       -0.058843               0        0.027267
A(-1),B_star(-1)                 -0.024128        0.008273        0.003781        0.010147        0.010138        0.000010        0.011536               0       -0.005345
A(-1),A(-1)                      -0.025218       -0.139500       -0.234506       -0.015952       -0.236734        0.220782       -0.009333               0        0.022434
Pim_star(-1),R_star(-1)           0.006744        0.022036        0.606345       -0.024857        0.669096       -0.693953        0.077415               0        0.007488
Pim_star(-1),B_star(-1)          -0.001322       -0.004320       -0.118867        0.004873       -0.131169        0.136042       -0.015176               0       -0.001468
Pim_star(-1),A(-1)               -0.070058       -0.006679       -0.966232       -0.259417       -0.813083        0.553666       -0.090795               0        0.031840
Pim_star(-1),Pim_star(-1)         0.222462       -0.190489        0.423485        0.498711        0.570993       -0.072282        0.257274               0        0.033043
Z_C(-1),R_star(-1)                0.132998       -0.556623       -1.834778        0.355101       -2.008613        2.363714        0.159242               0       -0.015482
Z_C(-1),B_star(-1)               -0.026073        0.109120        0.359688       -0.069614        0.393766       -0.463380       -0.031218               0        0.003035
Z_C(-1),A(-1)                     3.678401        0.380600        8.562889        0.806142        8.256572       -7.450430        0.452614               0        0.010037
Z_C(-1),Pim_star(-1)             -0.564795       -0.008630       -3.421199       -0.695380       -3.074288        2.378908       -0.385549               0       -0.052812
Z_C(-1),Z_C(-1)                   2.495870       -1.265766        5.754829        0.755892       11.963592      -11.207700        0.532989               0        0.221600
Z_I(-1),R_star(-1)                0.101205        0.029309       -0.554156       -0.293663       -0.310347        0.016684       -0.094303               0        0.007206
Z_I(-1),B_star(-1)               -0.019840       -0.005746        0.108636        0.057569        0.060840       -0.003271        0.018487               0       -0.001413
Z_I(-1),A(-1)                     0.390657       -0.062349        3.954443       -0.057948        0.865662       -0.923611        0.012919               0        0.020308
Z_I(-1),Pim_star(-1)              0.029860       -0.028879       -1.568346       -0.157341       -0.988898        0.831557       -0.159443               0        0.022962
Z_I(-1),Z_C(-1)                   0.994335       -0.604798       12.765595        0.314507        7.640623       -7.326115        0.250029               0        0.068290
Z_I(-1),Z_I(-1)                  -0.192652        0.868149        0.632366        0.331322       -1.316487        1.647809        0.162592               0        0.005758
y_star(-1),R_star(-1)            -0.026524        0.100466        0.074511       -0.127441       -0.002050       -0.125391       -0.192118               0        0.004812
y_star(-1),B_star(-1)             0.005200       -0.019695       -0.014607        0.024983        0.000402        0.024582        0.037663               0       -0.000943
y_star(-1),A(-1)                 -0.070813        0.091801        0.168712        0.099065        0.225094       -0.126028       -0.013136               0       -0.023912
y_star(-1),Pim_star(-1)          -0.100173        0.026846       -0.079130       -0.205965       -0.284753        0.078788        0.020942               0       -0.022602
y_star(-1),Z_C(-1)               -0.006620        0.367716        0.359105        0.121111        0.267662       -0.146551       -0.258330               0        0.008115
y_star(-1),Z_I(-1)               -0.084981        0.076518        0.478596       -0.078284        0.600947       -0.679231        0.060032               0       -0.011891
y_star(-1),y_star(-1)             0.005127       -0.059859        0.015435       -0.032851       -0.027944       -0.004907        0.114598               0       -0.005503
K(-1),R_star(-1)                 -0.006514        0.008010       -0.009937       -0.004762       -0.002797       -0.001965       -0.003129               0        0.000468
K(-1),B_star(-1)                  0.001277       -0.001570        0.001948        0.000934        0.000548        0.000385        0.000613               0       -0.000092
K(-1),A(-1)                       0.045285        0.006055        0.075270        0.007646        0.041891       -0.034245        0.003861               0       -0.000603
K(-1),Pim_star(-1)               -0.004834        0.004547       -0.022355        0.000480       -0.016412        0.016891        0.000844               0       -0.000140
K(-1),Z_C(-1)                     0.085855        0.052552        0.154816       -0.003901        0.083769       -0.087670       -0.002721               0       -0.000367
K(-1),Z_I(-1)                     0.015131       -0.061087        0.109514        0.001110        0.080097       -0.078988        0.000989               0       -0.000374
K(-1),y_star(-1)                  0.002561       -0.002857       -0.011309        0.006033       -0.008145        0.014178        0.002459               0       -0.000326
K(-1),K(-1)                      -0.001384       -0.001167        0.000253       -0.000393        0.000054       -0.000447       -0.000219               0        0.000024
P_d(-1),R_star(-1)               -0.082896        0.065597       -0.179444       -0.081857       -0.022961       -0.058895       -0.020822               0       -0.021369
P_d(-1),B_star(-1)                0.016251       -0.012860        0.035178        0.016047        0.004501        0.011546        0.004082               0        0.004189
P_d(-1),A(-1)                    -1.497498       -0.114487       -2.963327       -0.157611       -1.709510        1.551899       -0.084392               0       -0.024671
P_d(-1),Pim_star(-1)              0.125663        0.013288        0.292756        0.109434        0.426133       -0.316700        0.012253               0       -0.024736
P_d(-1),Z_C(-1)                  -3.473105        1.027623        8.166138        0.417849        1.932443       -1.514594        0.210460               0       -0.106930
P_d(-1),Z_I(-1)                  -0.340124        0.018180       -3.594081        0.040045       -0.770131        0.810176       -0.017863               0       -0.017870
P_d(-1),y_star(-1)                0.034604       -0.075206        0.317576       -0.032227        0.101155       -0.133383        0.046913               0        0.024204
P_d(-1),K(-1)                    -0.034985       -0.004155       -0.076607       -0.001627       -0.045440        0.043814       -0.000583               0        0.000213
P_d(-1),P_d(-1)                   2.139065       -0.380489       -5.232145       -0.426347       -3.205575        2.779228       -0.240213               0        0.033374
P_im(-1),R_star(-1)              -0.095271        0.259933        1.583278       -0.013077        1.113915       -1.126992        0.010134               0        0.006633
P_im(-1),B_star(-1)               0.018677       -0.050957       -0.310384        0.002564       -0.218371        0.220934       -0.001987               0       -0.001300
P_im(-1),A(-1)                   -0.985955        0.255429       -7.199747       -0.735849       -6.332272        5.596423       -0.435598               0       -0.033617
P_im(-1),Pim_star(-1)             0.197925        0.124697        2.390215        0.358267        1.337892       -0.979625        0.206012               0        0.029464
P_im(-1),Z_C(-1)                 -5.050469        1.785825      -34.488872       -2.594573      -34.063063       31.468490       -1.847539               0       -0.743603
P_im(-1),Z_I(-1)                 -0.552031       -0.072306      -10.546189       -0.865253       -5.809510        4.944258       -0.550129               0       -0.074002
P_im(-1),y_star(-1)               0.088364       -0.276126       -0.143096        0.128619        0.200516       -0.071897        0.134418               0       -0.001374
P_im(-1),K(-1)                   -0.016880        0.014653       -0.080861        0.009281       -0.054552        0.063833        0.005631               0        0.000293
P_im(-1),P_d(-1)                  1.170632       -0.496167        7.186799        0.418380        6.598610       -6.180230        0.295149               0        0.125585
P_im(-1),P_im(-1)                 2.626893       -0.927260       18.742111        1.426318       16.810043      -15.383725        1.010374               0        0.391949
P_star(-1),R_star(-1)            -0.011133       -0.108965       -0.616247        0.007880       -0.790075        0.797954       -0.220372               0       -0.015352
P_star(-1),B_star(-1)             0.002182        0.021361        0.120808       -0.001545        0.154885       -0.156430        0.043202               0        0.003010
P_star(-1),A(-1)                  0.007207        0.178397        1.221252        0.110182        1.089837       -0.979655       -0.056578               0       -0.028818
P_star(-1),Pim_star(-1)          -0.198315        0.119104       -0.424826       -0.492048       -0.777895        0.285847       -0.021469               0       -0.032770
P_star(-1),Z_C(-1)                0.472161        0.407240        4.192499        0.329345        3.849341       -3.519995       -0.458266               0        0.070643
P_star(-1),Z_I(-1)               -0.083735        0.201306        1.993031        0.027163        1.421403       -1.394240        0.212401               0       -0.011495
P_star(-1),y_star(-1)             0.096019        0.020287        0.053592        0.195107        0.323104       -0.127997        0.127668               0        0.026061
P_star(-1),K(-1)                  0.006840       -0.007684        0.022157        0.002193        0.014543       -0.012349       -0.000391               0       -0.000089
P_star(-1),P_d(-1)               -0.086152       -0.099491       -0.352270       -0.007426       -0.528883        0.521457        0.106598               0        0.026955
P_star(-1),P_im(-1)              -0.129403       -0.385421       -2.977953       -0.122331       -1.812708        1.690378        0.030153               0       -0.041725
P_star(-1),P_star(-1)            -0.010692        0.010494       -0.041139        0.049850        0.151796       -0.101946        0.394145               0       -0.003522
eps_A,eps_A                       0.260277       -0.137753        0.143179        0.001789       -0.056609        0.058398       -0.000438               0        0.032131
eps_P_star,eps_A                  0.011260        0.278746        1.908206        0.172160        1.702870       -1.530710       -0.088403               0       -0.045027
eps_P_star,eps_P_star             0.016065        0.013282        0.042914        0.128489        0.353585       -0.225096        0.550905               0        0.002367
eps_Pim_star,eps_A               -0.109465       -0.010436       -1.509737       -0.405339       -1.270441        0.865103       -0.141867               0        0.049751
eps_Pim_star,eps_P_star          -0.309867        0.186100       -0.663790       -0.768825       -1.215462        0.446636       -0.033545               0       -0.051204
eps_Pim_star,eps_Pim_star         0.311367       -0.275491        0.561098        0.715448        0.790993       -0.075545        0.361774               0        0.044847
eps_y_star,eps_A                 -0.093176        0.120791        0.221990        0.130349        0.296176       -0.165827       -0.017284               0       -0.031463
eps_y_star,eps_P_star             0.126341        0.026694        0.070516        0.256720        0.425137       -0.168417        0.167984               0        0.034291
eps_y_star,eps_Pim_star          -0.131806        0.035324       -0.104119       -0.271006       -0.374674        0.103668        0.027556               0       -0.029739
eps_y_star,eps_y_star             0.007030       -0.063685        0.010728       -0.030097       -0.030047       -0.000050        0.122696               0       -0.005435
eps_C,eps_A                       5.747502        0.594687       13.379514        1.259596       12.900893      -11.641297        0.707210               0        0.015683
eps_C,eps_P_star                  0.737751        0.636313        6.550780        0.514602        6.014595       -5.499993       -0.716041               0        0.110380
eps_C,eps_Pim_star               -0.882493       -0.013484       -5.345624       -1.086531       -4.803574        3.717043       -0.602420               0       -0.082519
eps_C,eps_y_star                 -0.008711        0.483837        0.472506        0.159357        0.352187       -0.192830       -0.339908               0        0.010677
eps_C,eps_C                       4.506984       -1.759175       10.165162        1.284679       19.597412      -18.312733        0.959639               0        0.488747
eps_I,eps_A                       0.610402       -0.097420        6.178817       -0.090544        1.352597       -1.443141        0.020187               0        0.031731
eps_I,eps_P_star                 -0.130836        0.314540        3.114112        0.042443        2.220942       -2.178500        0.331877               0       -0.017962
eps_I,eps_Pim_star                0.046656       -0.045123       -2.450540       -0.245846       -1.545154        1.299308       -0.249130               0        0.035878
eps_I,eps_y_star                 -0.111817        0.100682        0.629732       -0.103005        0.790720       -0.893726        0.078989               0       -0.015646
eps_I,eps_C                       1.553648       -0.944997       19.946242        0.491418       11.938473      -11.447055        0.390671               0        0.106704
eps_I,eps_I                      -0.234366        1.209815        1.674279        0.468930       -1.678201        2.147131        0.226465               0        0.010556
R_star(-1),eps_A                  0.153847       -0.052749       -0.024106       -0.064703       -0.064641       -0.000063       -0.073554               0        0.034083
R_star(-1),eps_P_star            -0.013916       -0.136206       -0.770308        0.009850       -0.987593        0.997443       -0.275465               0       -0.019191
R_star(-1),eps_Pim_star           0.008430        0.027545        0.757932       -0.031071        0.836370       -0.867441        0.096769               0        0.009360
R_star(-1),eps_y_star            -0.027920        0.105754        0.078433       -0.134149       -0.002158       -0.131991       -0.202229               0        0.005065
R_star(-1),eps_C                  0.166248       -0.695779       -2.293472        0.443876       -2.510766        2.954642        0.199053               0       -0.019352
R_star(-1),eps_I                  0.126507        0.036637       -0.692695       -0.367079       -0.387934        0.020855       -0.117878               0        0.009008
B_star(-1),eps_A                 -0.030160        0.010341        0.004726        0.012684        0.012672        0.000012        0.014419               0       -0.006682
B_star(-1),eps_P_star             0.002728        0.026702        0.151010       -0.001931        0.193607       -0.195538        0.054002               0        0.003762
B_star(-1),eps_Pim_star          -0.001653       -0.005400       -0.148584        0.006091       -0.163961        0.170052       -0.018970               0       -0.001835
B_star(-1),eps_y_star             0.005473       -0.020732       -0.015376        0.026298        0.000423        0.025875        0.039645               0       -0.000993
B_star(-1),eps_C                 -0.032591        0.136400        0.449610       -0.087017        0.492208       -0.579225       -0.039022               0        0.003794
B_star(-1),eps_I                 -0.024800       -0.007182        0.135795        0.071962        0.076050       -0.004088        0.023109               0       -0.001766
A(-1),eps_A                       2.334394        0.292980        3.490492        0.173826        1.914467       -1.740641        0.089825               0        0.032706
A(-1),eps_P_star                  0.009008        0.222996        1.526565        0.137728        1.362296       -1.224568       -0.070723               0       -0.036022
A(-1),eps_Pim_star               -0.087572       -0.008349       -1.207790       -0.324271       -1.016353        0.692082       -0.113494               0        0.039800
A(-1),eps_y_star                 -0.074541        0.096633        0.177592        0.104279        0.236941       -0.132662       -0.013827               0       -0.025171
A(-1),eps_C                       4.598002        0.475750       10.703611        1.007677       10.320714       -9.313037        0.565768               0        0.012546
A(-1),eps_I                       0.488322       -0.077936        4.943053       -0.072435        1.082078       -1.154513        0.016149               0        0.025384
Pim_star(-1),eps_A               -0.087572       -0.008349       -1.207790       -0.324271       -1.016353        0.692082       -0.113494               0        0.039800
Pim_star(-1),eps_P_star          -0.247893        0.148880       -0.531032       -0.615060       -0.972369        0.357309       -0.026836               0       -0.040963
Pim_star(-1),eps_Pim_star         0.266318       -0.299039        0.253931        0.736472        0.618015        0.118457        0.321456               0        0.028342
Pim_star(-1),eps_y_star          -0.105445        0.028259       -0.083295       -0.216805       -0.299740        0.082935        0.022044               0       -0.023791
Pim_star(-1),eps_C               -0.705994       -0.010787       -4.276499       -0.869225       -3.842859        2.973634       -0.481936               0       -0.066015
Pim_star(-1),eps_I                0.037325       -0.036099       -1.960432       -0.196677       -1.236123        1.039447       -0.199304               0        0.028703
Z_C(-1),eps_A                     4.598002        0.475750       10.703611        1.007677       10.320714       -9.313037        0.565768               0        0.012546
Z_C(-1),eps_P_star                0.590201        0.509050        5.240624        0.411681        4.811676       -4.399994       -0.572833               0        0.088304
Z_C(-1),eps_Pim_star             -0.705994       -0.010787       -4.276499       -0.869225       -3.842859        2.973634       -0.481936               0       -0.066015
Z_C(-1),eps_y_star               -0.006969        0.387069        0.378005        0.127486        0.281750       -0.154264       -0.271927               0        0.008542
Z_C(-1),eps_C                    11.097175       -1.415740       23.773012        2.718513       37.143381      -34.424868        2.347228               0        1.693979
Z_C(-1),eps_I                     1.242918       -0.755998       15.956993        0.393134        9.550779       -9.157644        0.312537               0        0.085363
Z_I(-1),eps_A                     0.488322       -0.077936        4.943053       -0.072435        1.082078       -1.154513        0.016149               0        0.025384
Z_I(-1),eps_P_star               -0.104669        0.251632        2.491289        0.033954        1.776754       -1.742800        0.265502               0       -0.014369
Z_I(-1),eps_Pim_star              0.037325       -0.036099       -1.960432       -0.196677       -1.236123        1.039447       -0.199304               0        0.028703
Z_I(-1),eps_y_star               -0.089453        0.080546        0.503785       -0.082404        0.632576       -0.714980        0.063191               0       -0.012517
Z_I(-1),eps_C                     1.242918       -0.755998       15.956993        0.393134        9.550779       -9.157644        0.312537               0        0.085363
Z_I(-1),eps_I                     0.051592        0.997029        7.070575        0.438221       -0.260742        0.698963        0.185798               0        0.026871
y_star(-1),eps_A                 -0.088517        0.114751        0.210890        0.123832        0.281367       -0.157536       -0.016420               0       -0.029890
y_star(-1),eps_P_star             0.120024        0.025359        0.066990        0.243884        0.403880       -0.159996        0.159585               0        0.032576
y_star(-1),eps_Pim_star          -0.125216        0.033558       -0.098913       -0.257456       -0.355941        0.098485        0.026178               0       -0.028252
y_star(-1),eps_y_star             0.062043       -0.025655       -0.209720        0.170381       -0.024017        0.194399        0.078503               0        0.013585
y_star(-1),eps_C                 -0.008275        0.459645        0.448881        0.151389        0.334578       -0.183189       -0.322913               0        0.010143
y_star(-1),eps_I                 -0.106226        0.095648        0.598245       -0.097855        0.751184       -0.849039        0.075040               0       -0.014864
K(-1),eps_A                       0.056607        0.007569        0.094088        0.009558        0.052364       -0.042807        0.004827               0       -0.000754
K(-1),eps_P_star                  0.008550       -0.009605        0.027696        0.002742        0.018178       -0.015437       -0.000488               0       -0.000112
K(-1),eps_Pim_star               -0.006043        0.005684       -0.027944        0.000600       -0.020515        0.021114        0.001055               0       -0.000174
K(-1),eps_y_star                  0.002696       -0.003008       -0.011904        0.006351       -0.008574        0.014924        0.002589               0       -0.000343
K(-1),eps_C                       0.107318        0.065690        0.193520       -0.004877        0.104712       -0.109588       -0.003401               0       -0.000459
K(-1),eps_I                       0.018914       -0.076359        0.136892        0.001387        0.100122       -0.098734        0.001237               0       -0.000468
P_d(-1),eps_A                    -1.871872       -0.143109       -3.704158       -0.197014       -2.136887        1.939874       -0.105490               0       -0.030838
P_d(-1),eps_P_star               -0.107690       -0.124364       -0.440338       -0.009283       -0.661104        0.651821        0.133247               0        0.033694
P_d(-1),eps_Pim_star              0.157079        0.016609        0.365945        0.136792        0.532667       -0.395875        0.015317               0       -0.030920
P_d(-1),eps_y_star                0.036426       -0.079164        0.334291       -0.033924        0.106479       -0.140403        0.049383               0        0.025478
P_d(-1),eps_C                    -4.341381        1.284528       10.207672        0.522311        2.415553       -1.893243        0.263076               0       -0.133662
P_d(-1),eps_I                    -0.425155        0.022725       -4.492601        0.050056       -0.962664        1.012720       -0.022329               0       -0.022337
P_im(-1),eps_A                   -1.232444        0.319286       -8.999684       -0.919811       -7.915340        6.995529       -0.544497               0       -0.042021
P_im(-1),eps_P_star              -0.161753       -0.481777       -3.722441       -0.152913       -2.265885        2.112972        0.037692               0       -0.052157
P_im(-1),eps_Pim_star             0.247407        0.155871        2.987768        0.447834        1.672365       -1.224531        0.257515               0        0.036830
P_im(-1),eps_y_star               0.093015       -0.290659       -0.150627        0.135388        0.211069       -0.075681        0.141492               0       -0.001446
P_im(-1),eps_C                   -6.313087        2.232281      -43.111090       -3.243216      -42.578829       39.335613       -2.309424               0       -0.929503
P_im(-1),eps_I                   -0.690039       -0.090383      -13.182737       -1.081566       -7.261888        6.180322       -0.687661               0       -0.092502
P_star(-1),eps_A                  0.009008        0.222996        1.526565        0.137728        1.362296       -1.224568       -0.070723               0       -0.036022
P_star(-1),eps_P_star             0.235445        0.001313        0.754696        0.529413        1.310718       -0.781305        0.465791               0        0.054151
P_star(-1),eps_Pim_star          -0.247893        0.148880       -0.531032       -0.615060       -0.972369        0.357309       -0.026836               0       -0.040963
P_star(-1),eps_y_star             0.101073        0.021355        0.056413        0.205376        0.340110       -0.134734        0.134387               0        0.027432
P_star(-1),eps_C                  0.590201        0.509050        5.240624        0.411681        4.811676       -4.399994       -0.572833               0        0.088304
P_star(-1),eps_I                 -0.104669        0.251632        2.491289        0.033954        1.776754       -1.742800        0.265502               0       -0.014369


MOMENTS OF SIMULATED VARIABLES
VARIABLE              MEAN       STD. DEV.        VARIANCE        SKEWNESS        KURTOSIS
GDP               2.040777        0.079785        0.006366        0.088687       -0.012708
C                 1.770709        0.046217        0.002136        0.061498       -0.011504
I                 0.302806        0.138632        0.019219        0.165732        0.020429
EX                0.540759        0.029856        0.000891        0.156756        0.065646
IM                0.570914        0.098419        0.009686        0.241134        0.053281
NX               -0.030155        0.096434        0.009300       -0.174913        0.045387
s                 0.784696        0.022805        0.000520        0.095319        0.012851
P_c               1.000000        0.000000        0.000000             NaN             NaN
P_d               1.005340        0.017429        0.000304        0.036814       -0.051314


CORRELATION OF SIMULATED VARIABLES
VARIABLE        GDP        C        I       EX       IM       NX        s      P_c      P_d
GDP          1.0000   0.7668   0.5533   0.7333   0.5685  -0.3532   0.6961      NaN   0.6663
C            0.7668   1.0000   0.0062   0.6448   0.1025   0.0950   0.6451      NaN   0.6481
I            0.5533   0.0062   1.0000   0.1303   0.9710  -0.9506   0.1226      NaN   0.3353
EX           0.7333   0.6448   0.1303   1.0000   0.2175   0.0876   0.6440      NaN   0.5812
IM           0.5685   0.1025   0.9710   0.2175   1.0000  -0.9532   0.1474      NaN   0.4547
NX          -0.3532   0.0950  -0.9506   0.0876  -0.9532   1.0000   0.0489      NaN  -0.2841
s            0.6961   0.6451   0.1226   0.6440   0.1474   0.0489   1.0000      NaN   0.7244
P_c             NaN      NaN      NaN      NaN      NaN      NaN      NaN      NaN      NaN
P_d          0.6663   0.6481   0.3353   0.5812   0.4547  -0.2841   0.7244      NaN   1.0000


AUTOCORRELATION OF SIMULATED VARIABLES
VARIABLE          1        2        3        4        5
GDP          0.7024   0.5866   0.4848   0.3993   0.3284
C            0.8685   0.7470   0.6360   0.5407   0.4616
I            0.3878   0.1643   0.0247  -0.0536  -0.0931
EX           0.9038   0.7887   0.6701   0.5587   0.4595
IM           0.3849   0.1566   0.0176  -0.0584  -0.0950
NX           0.4015   0.1663   0.0209  -0.0600  -0.0998
s            0.8355   0.6762   0.5337   0.4151   0.3197
P_c             NaN      NaN      NaN      NaN      NaN
P_d          0.7539   0.5808   0.4554   0.3611   0.2883



VARIANCE DECOMPOSITION SIMULATING ONE SHOCK AT A TIME (in percent)
                  eps_A        eps_P_star      eps_Pim_star        eps_y_star             eps_C             eps_I  Tot. lin. contr.
GDP               34.14              1.81              1.44              0.81             55.48              7.32            101.01
C                 29.75              0.64              0.85              3.35             49.85             15.04             99.48
I                 13.26              3.54              2.77              0.36             51.70             29.27            100.90
EX                 8.33             14.95             21.20              8.31             36.86             11.01            100.66
IM                 9.46              6.28              4.54              2.18             59.02             19.49            100.97
NX                 8.63              4.36              4.06              0.57             56.22             27.01            100.85
s                  3.73              9.81             13.39              3.81             64.82              5.08            100.64
P_c                 NaN               NaN               NaN               NaN               NaN               NaN               NaN
P_d                0.58              0.65              0.44              0.63             96.80              0.68             99.77
Note: numbers do not add up to 100 due to i) non-zero correlation of simulated shocks in small samples and ii) nonlinearity

Total computing time : 0h00m13s
