Starting Dynare (version 6.1).
Calling Dynare with arguments: none
Starting preprocessing of the model file ... 
Found 13 equation(s). 
Evaluating expressions... 
Computing static model derivatives (order 1). 
Normalizing the static model... 
Finding the optimal block decomposition of the static model... 
7 block(s) found: 
  6 recursive block(s) and 1 simultaneous block(s). 
  the largest simultaneous block has 6 equation(s) 
                                 and 6 feedback variable(s). 
Computing dynamic model derivatives (order 1). 
Normalizing the dynamic model... 
Finding the optimal block decomposition of the dynamic model... 
3 block(s) found: 
  2 recursive block(s) and 1 simultaneous block(s). 
  the largest simultaneous block has 9 equation(s) 
                                 and 9 feedback variable(s). 
Preprocessing completed. 
Preprocessing time: 0h00m00s.
MODEL_DIAGNOSTICS: The steady state cannot be computed


Residuals of the static equations:
Equation number  1: Ley acumu. del capital    :       0.000000
Equation number  2: Oferta de trabajo         :       0.000000
Equation number  3: Ecuación de Euler         :       0.000000
Equation number  4: Demanda de bonos          :       0.000000
Equation number  5: Tasa de interés deuda     :       0.000000
Equation number  6: Función de producción     :       0.000000
Equation number  7: Demanda de capital        :       0.000000
Equation number  8: Demanda de trabajo        :       0.000000
Equation number  9: Demanda agregada          :       0.005102
Equation number 10: Productividad             :       0.000000
Equation number 11: Transferencias            :       0.000000
Equation number 12: Exportaciones netas       :       0.000000
Equation number 13: Producción relativa al SS :       0.000000


