Starting Dynare (version 6.1).
Calling Dynare with arguments: none
Starting preprocessing of the model file ... 
Found 14 equation(s). 
Evaluating expressions... 
Computing static model derivatives (order 1). 
Normalizing the static model... 
Normalization failed with cutoff, trying symbolic normalization... 
Finding the optimal block decomposition of the static model... 
4 block(s) found: 
  3 recursive block(s) and 1 simultaneous block(s). 
  the largest simultaneous block has 7 equation(s) 
                                 and 7 feedback variable(s). 
Computing dynamic model derivatives (order 1). 
Normalizing the dynamic model... 
Finding the optimal block decomposition of the dynamic model... 
3 block(s) found: 
  2 recursive block(s) and 1 simultaneous block(s). 
  the largest simultaneous block has 7 equation(s) 
                                 and 6 feedback variable(s). 
Preprocessing completed. 
Preprocessing time: 0h00m00s.
DYNARE_SOLVE (solve_algo=2|4): number of blocks = 8
MODEL_DIAGNOSTICS:  No obvious problems with this mod-file were detected.


Residuals of the static equations:
Equation number  1: n growth       :       0.000000
Equation number  2: gz growth      :       0.000000
Equation number  3: Labor supply   :       0.000000
Equation number  4: y              :       0.000000
Equation number  5: Investment     :       0.000000
Equation number  6: BC             :       0.000000
Equation number  7: wage           :       0.000000
Equation number  8: r_k            :       0.000000
Equation number  9: lambda         :       0.000000
Equation number 10: Euler Equation :      -0.000652
Equation number 11: TFP            :       0.000000
Equation number 12: GDP growth     :       0.000000
Equation number 13: C growth       :       0.000000
Equation number 14: I growth       :       0.000000



EIGENVALUES:
         Modulus             Real        Imaginary
       2.286e-17       -2.286e-17                0
       1.096e-16       -1.096e-16                0
       1.172e-16        1.172e-16                0
            0.75             0.75                0
          0.8676           0.8676                0
           1.234            1.234                0
       7.799e+18        7.799e+18                0
       1.199e+19       -1.199e+19                0
       1.287e+20       -1.287e+20                0

There are 4 eigenvalue(s) larger than 1 in modulus for 4 forward-looking variable(s)
The rank condition is verified.

DYNARE_SOLVE (solve_algo=2|4): number of blocks = 8
MODEL_DIAGNOSTICS:  No obvious problems with this mod-file were detected.


Residuals of the static equations:
Equation number  1: n growth       :       0.000000
Equation number  2: gz growth      :       0.000000
Equation number  3: Labor supply   :       0.000000
Equation number  4: y              :       0.000000
Equation number  5: Investment     :       0.000000
Equation number  6: BC             :       0.000000
Equation number  7: wage           :       0.000000
Equation number  8: r_k            :       0.000000
Equation number  9: lambda         :       0.000000
Equation number 10: Euler Equation :      -0.001034
Equation number 11: TFP            :       0.000000
Equation number 12: GDP growth     :       0.000000
Equation number 13: C growth       :       0.000000
Equation number 14: I growth       :       0.000000



EIGENVALUES:
         Modulus             Real        Imaginary
       2.409e-17        2.409e-17                0
       4.042e-17       -4.042e-17                0
       1.386e-16       -1.386e-16                0
            0.75             0.75                0
          0.8566           0.8566                0
           1.263            1.263                0
        1.21e+18        -1.21e+18                0
       2.962e+19        2.962e+19                0
       8.988e+19       -8.988e+19                0

There are 4 eigenvalue(s) larger than 1 in modulus for 4 forward-looking variable(s)
The rank condition is verified.


STEADY-STATE RESULTS:

l      		 1
k      		 5.95471
y      		 3.57765
i      		 0.803081
c      		 2.77456
A      		 2
w      		 2.3851
r_k    		 0.208341
lambda 		 0.1299
D_Y    		 0.04
D_C    		 0.04
D_I    		 0.04
n      		 0.01
gz     		 0.03

D_z_tra =

         0         0         0         0         0    0.0033    0.0067    0.0100


--------------------------------------------------------
MODEL SIMULATION:

Iter: 1,	 err. = 0.475415,	 time = 0.076
Iter: 2,	 err. = 0.00791751,	 time = 0.027
Iter: 3,	 err. = 1.41471e-05,	 time = 0.026
Iter: 4,	 err. = 1.43307e-10,	 time = 0.023

Total time of simulation: 0.183.
--------------------------------------------------------


Perfect foresight solution found.

Total computing time : 0h00m01s
