Starting Dynare (version 6.1).
Calling Dynare with arguments: none
Starting preprocessing of the model file ... 
Found 12 equation(s). 
Evaluating expressions... 
Computing static model derivatives (order 1). 
Normalizing the static model... 
Normalization failed with cutoff, trying symbolic normalization... 
Finding the optimal block decomposition of the static model... 
4 block(s) found: 
  3 recursive block(s) and 1 simultaneous block(s). 
  the largest simultaneous block has 7 equation(s) 
                                 and 7 feedback variable(s). 
Computing dynamic model derivatives (order 1). 
Normalizing the dynamic model... 
Finding the optimal block decomposition of the dynamic model... 
3 block(s) found: 
  2 recursive block(s) and 1 simultaneous block(s). 
  the largest simultaneous block has 7 equation(s) 
                                 and 6 feedback variable(s). 
Preprocessing completed. 
Preprocessing time: 0h00m00s.
DYNARE_SOLVE (solve_algo=2|4): number of blocks = 6
MODEL_DIAGNOSTICS:  No obvious problems with this mod-file were detected.


Residuals of the static equations:
Equation number  8: Euler Equation :      -0.000000



EIGENVALUES:
         Modulus             Real        Imaginary
       1.931e-19        1.931e-19                0
       2.383e-18       -2.383e-18                0
       2.666e-17        2.666e-17                0
            0.75             0.75                0
          0.8669           0.8669                0
           1.243            1.243                0
       2.529e+18        2.529e+18                0

There are 2 eigenvalue(s) larger than 1 in modulus for 2 forward-looking variable(s)
The rank condition is verified.

DYNARE_SOLVE (solve_algo=2|4): number of blocks = 6
MODEL_DIAGNOSTICS:  No obvious problems with this mod-file were detected.


Residuals of the static equations:
Equation number  8: Euler Equation :      -0.000000



EIGENVALUES:
         Modulus             Real        Imaginary
       1.931e-19        1.931e-19                0
       2.383e-18       -2.383e-18                0
       2.666e-17        2.666e-17                0
            0.75             0.75                0
          0.8669           0.8669                0
           1.243            1.243                0
       2.529e+18        2.529e+18                0

There are 2 eigenvalue(s) larger than 1 in modulus for 2 forward-looking variable(s)
The rank condition is verified.


STEADY-STATE RESULTS:

l      		 1
k      		 6.50423
y      		 3.69648
i      		 0.822026
c      		 2.87445
A      		 2
w      		 2.46432
r_k    		 0.195161
lambda 		 0.121029
D_Y    		 0.03
D_C    		 0.03
D_I    		 0.03

--------------------------------------------------------
MODEL SIMULATION:

Iter: 1,	 err. = 3.06374e-07,	 time = 0.055

Total time of simulation: 0.06.
--------------------------------------------------------


Perfect foresight solution found.

Total computing time : 0h00m01s
