Starting Dynare (version 6.1).
Calling Dynare with arguments: none
Starting preprocessing of the model file ... 
Found 13 equation(s). 
Evaluating expressions... 
Computing static model derivatives (order 1). 
Normalizing the static model... 
Normalization failed with cutoff, trying symbolic normalization... 
Finding the optimal block decomposition of the static model... 
4 block(s) found: 
  3 recursive block(s) and 1 simultaneous block(s). 
  the largest simultaneous block has 8 equation(s) 
                                 and 8 feedback variable(s). 
Computing dynamic model derivatives (order 1). 
Normalizing the dynamic model... 
Finding the optimal block decomposition of the dynamic model... 
3 block(s) found: 
  2 recursive block(s) and 1 simultaneous block(s). 
  the largest simultaneous block has 8 equation(s) 
                                 and 7 feedback variable(s). 
Preprocessing completed. 
Preprocessing time: 0h00m00s.
DYNARE_SOLVE (solve_algo=2|4): number of blocks = 6
MODEL_DIAGNOSTICS:  No obvious problems with this mod-file were detected.


Residuals of the static equations:
Equation number  1: n              :       0.000000
Equation number  2: y              :       0.000000
Equation number  3: Investment     :       0.000000
Equation number  4: BC             :       0.000000
Equation number  5: wage           :       0.000000
Equation number  6: r_k            :       0.000000
Equation number  7: MRSLC          :       0.000000
Equation number  8: lambda         :       0.000000
Equation number  9: Euler Equation :       0.000000
Equation number 10: TFP            :       0.000000
Equation number 11: GDP growth     :       0.000000
Equation number 12: C growth       :       0.000000
Equation number 13: I growth       :       0.000000



EIGENVALUES:
         Modulus             Real        Imaginary
       1.997e-17       -1.997e-17                0
        3.81e-17        -3.81e-17                0
       1.585e-16        1.585e-16                0
            0.75             0.75                0
          0.8594           0.8594                0
            1.23             1.23                0
       6.176e+17        6.176e+17                0

There are 2 eigenvalue(s) larger than 1 in modulus for 2 forward-looking variable(s)
The rank condition is verified.


STEADY-STATE RESULTS:

l      		 0.725013
k      		 6.68442
y      		 3.03045
i      		 0.728006
c      		 2.30245
A      		 2
w      		 2.78658
r_k    		 0.152632
lambda 		 0.188634
D_Y    		 0.01
D_C    		 0.01
D_I    		 0.01
n      		 0.01
DYNARE_SOLVE (solve_algo=2|4): number of blocks = 6
MODEL_DIAGNOSTICS:  No obvious problems with this mod-file were detected.


Residuals of the static equations:
Equation number  1: n              :       0.000000
Equation number  2: y              :       0.000000
Equation number  3: Investment     :       0.000000
Equation number  4: BC             :       0.000000
Equation number  5: wage           :       0.000000
Equation number  6: r_k            :       0.000000
Equation number  7: MRSLC          :       0.000000
Equation number  8: lambda         :       0.000000
Equation number  9: Euler Equation :       0.000000
Equation number 10: TFP            :       0.000000
Equation number 11: GDP growth     :       0.000000
Equation number 12: C growth       :       0.000000
Equation number 13: I growth       :       0.000000



EIGENVALUES:
         Modulus             Real        Imaginary
       4.805e-18        4.805e-18                0
       4.025e-17       -4.025e-17                0
       4.725e-17       -4.725e-17                0
            0.75             0.75                0
          0.8602           0.8602                0
           1.236            1.236                0
       6.788e+17       -6.788e+17                0

There are 2 eigenvalue(s) larger than 1 in modulus for 2 forward-looking variable(s)
The rank condition is verified.


STEADY-STATE RESULTS:

l      		 0.719858
k      		 6.60404
y      		 3.00891
i      		 0.689974
c      		 2.31893
A      		 2
w      		 2.78658
r_k    		 0.152632
lambda 		 0.185961
D_Y    		 0.005
D_C    		 0.005
D_I    		 0.005
n      		 0.005

--------------------------------------------------------
MODEL SIMULATION:

Iter: 1,	 err. = 0.0719811,	 time = 0.058
Iter: 2,	 err. = 0.000114381,	 time = 0.012
Iter: 3,	 err. = 2.24395e-09,	 time = 0.014

Total time of simulation: 0.102.
--------------------------------------------------------


Perfect foresight solution found.

Total computing time : 0h00m01s
