Starting Dynare (version 6.1).
Calling Dynare with arguments: none
Starting preprocessing of the model file ... 
Found 41 equation(s). 
Evaluating expressions... 
Computing static model derivatives (order 1). 
Normalizing the static model... 
Finding the optimal block decomposition of the static model... 
9 block(s) found: 
  8 recursive block(s) and 1 simultaneous block(s). 
  the largest simultaneous block has 28 equation(s) 
                                 and 28 feedback variable(s). 
Computing dynamic model derivatives (order 2). 
Normalizing the dynamic model... 
Finding the optimal block decomposition of the dynamic model... 
3 block(s) found: 
  2 recursive block(s) and 1 simultaneous block(s). 
  the largest simultaneous block has 30 equation(s) 
                                 and 17 feedback variable(s). 
Preprocessing completed. 
Preprocessing time: 0h00m00s.
DYNARE_SOLVE (solve_algo=2|4): number of blocks = 15
MODEL_DIAGNOSTICS:  No obvious problems with this mod-file were detected.


Residuals of the static equations:
Equation number 11: MPK                         :      -0.000000



EIGENVALUES:
         Modulus             Real        Imaginary
       5.112e-10       -5.112e-10                0
       5.112e-10        5.112e-10                0
          0.7182           0.7159          0.05747
          0.7182           0.7159         -0.05747
             0.8              0.8                0
             0.8              0.8                0
             0.8              0.8                0
             0.8              0.8                0
             0.8              0.8                0
             0.8              0.8                0
          0.9769           0.9769                0
           1.049            1.049                0
           1.386            1.386                0
           1.607            1.607                0
       1.053e+16        1.053e+16                0
       3.039e+16       -3.039e+16                0
       5.083e+16        5.083e+16                0
       1.025e+17       -1.025e+17                0
       1.551e+17       -1.551e+17                0
       1.893e+17        1.893e+17                0
       3.622e+17        3.622e+17                0
       5.964e+17        5.964e+17                0

There are 11 eigenvalue(s) larger than 1 in modulus for 11 forward-looking variable(s)
The rank condition is verified.


STEADY-STATE RESULTS:

K          		 12.1074
C          		 1.77196
W          		 1.30943
P_d        		 1.0053
P_im       		 0.980117
s          		 0.784093
I          		 0.302685
P_c        		 1
lambda     		 0.561126
h          		 0.831162
P_i        		 0.989809
R_K        		 0.0449454
R_star     		 0.0204082
q_d        		 2.0299
q_cd       		 1.38061
q_cim      		 0.391829
q_id       		 0.11203
q_iim      		 0.19077
q_ex       		 0.537258
EX         		 0.540104
IM         		 0.571015
NX         		 -0.030911
B_star     		 -5.20513
GDP        		 2.04065
GDP_ann    		 8.16262
TO         		 0.544492
q_im       		 0.582599
Upsilon_d  		 0
Upsilon_im 		 0
Pi_d       		 0.408131
Pi_im      		 0.114203
mu         		 0.804238
MC         		 0.804238
rer        		 0.784093
WL         		 1.96737e-06
P_star     		 1
A          		 1
Pim_star   		 1
Z_C        		 1
Z_I        		 1
y_star     		 1

MODEL SUMMARY

  Number of variables:         41
  Number of stochastic shocks: 6
  Number of state variables:   11
  Number of jumpers:           11
  Number of static variables:  23


MATRIX OF COVARIANCE OF EXOGENOUS SHOCKS
Variables              eps_A    eps_P_star  eps_Pim_star    eps_y_star         eps_C         eps_I
eps_A               0.000100      0.000000      0.000000      0.000000      0.000000      0.000000
eps_P_star          0.000000      0.000100      0.000000      0.000000      0.000000      0.000000
eps_Pim_star        0.000000      0.000000      0.000100      0.000000      0.000000      0.000000
eps_y_star          0.000000      0.000000      0.000000      0.000100      0.000000      0.000000
eps_C               0.000000      0.000000      0.000000      0.000000      0.000100      0.000000
eps_I               0.000000      0.000000      0.000000      0.000000      0.000000      0.000100

POLICY AND TRANSITION FUNCTIONS
                                       GDP               C               I              EX              IM              NX               s             P_d            P_im
Constant                          2.040509        1.769552        0.303490        0.540604        0.570119       -0.029515        0.784321        1.005163        0.980591
(correction)                     -0.000145       -0.002413        0.000805        0.000500       -0.000896        0.001396        0.000227       -0.000135        0.000474
R_star(-1)                        0.041200       -0.185518        0.065924        0.101001       -0.055602        0.156603        0.054588       -0.008683        0.030593
B_star(-1)                       -0.008077        0.036369       -0.012924       -0.019800        0.010900       -0.030700       -0.010701        0.001702       -0.005997
A(-1)                             1.926438        0.469381        3.245247        0.206843        1.973480       -1.766637        0.110488       -0.020567        0.072466
Pim_star(-1)                     -0.218773       -0.051505       -1.089868       -0.195834       -1.073596        0.877762       -0.141900       -0.060216        0.212172
Z_C(-1)                           3.905159        1.496005        8.186361        0.456705        6.321622       -5.864916        0.698836        0.926602        0.352942
Z_I(-1)                           0.426357       -0.758273        5.011206       -0.550387        2.969184       -3.519571       -0.306029        0.029017       -0.102243
y_star(-1)                        0.047067       -0.036499       -0.490749        0.323249       -0.251248        0.574497       -0.058869        0.009254       -0.032607
K(-1)                             0.045974        0.062791       -0.075544        0.016525       -0.040764        0.057289        0.009038       -0.001193        0.004202
P_d(-1)                          -1.569810       -0.212924       -3.191222       -0.147157       -1.954433        1.807276       -0.080891        0.009750       -0.034356
P_im(-1)                         -0.816239        0.121300       -5.432960        0.104761       -4.255099        4.359860       -0.006162       -0.143163        0.504437
P_star(-1)                        0.201197        0.124753        1.040507        0.161224        1.079201       -0.917977       -0.504008        0.063345       -0.223196
eps_A                             2.408047        0.586726        4.056559        0.258553        2.466850       -2.208296        0.138111       -0.025708        0.090583
eps_P_star                        0.251496        0.155942        1.300634        0.201530        1.349001       -1.147471       -0.630010        0.079181       -0.278995
eps_Pim_star                     -0.273467       -0.064381       -1.362335       -0.244793       -1.341995        1.097203       -0.177375       -0.075270        0.265215
eps_y_star                        0.058834       -0.045623       -0.613436        0.404061       -0.314059        0.718121       -0.073586        0.011568       -0.040759
eps_C                             4.881448        1.870006       10.232951        0.570881        7.902027       -7.331146        0.873545        1.158253        0.441177
eps_I                             0.532946       -0.947842        6.264007       -0.687984        3.711480       -4.399464       -0.382536        0.036272       -0.127804
R_star(-1),R_star(-1)             0.009630       -0.011645       -0.001775        0.020688        0.004026        0.016662        0.008530        0.000252        0.002160
B_star(-1),R_star(-1)            -0.011691        0.040207       -0.011969       -0.027515        0.009104       -0.036619       -0.013832        0.001569       -0.006724
B_star(-1),B_star(-1)             0.000370       -0.000448       -0.000068        0.000795        0.000155        0.000640        0.000328        0.000010        0.000083
A(-1),R_star(-1)                  0.070213       -0.029151       -0.019991        0.014289       -0.030260        0.044549       -0.001642        0.010499       -0.022553
A(-1),B_star(-1)                 -0.013764        0.005715        0.003919       -0.002801        0.005932       -0.008733        0.000322       -0.002058        0.004421
A(-1),A(-1)                      -0.020785       -0.117899       -0.228103       -0.045123       -0.227826        0.182703       -0.029889        0.024847       -0.070446
Pim_star(-1),R_star(-1)           0.018967        0.040753        0.183196        0.012563        0.275764       -0.263201        0.022926        0.009588        0.008493
Pim_star(-1),B_star(-1)          -0.003718       -0.007989       -0.035914       -0.002463       -0.054061        0.051598       -0.004494       -0.001880       -0.001665
Pim_star(-1),A(-1)                0.002143       -0.081844       -1.265121       -0.174566       -1.036940        0.862374       -0.057134        0.045423       -0.059907
Pim_star(-1),Pim_star(-1)         0.245804        0.005840        1.484522        0.316268        1.652902       -1.336634        0.203086        0.059939       -0.064598
Z_C(-1),R_star(-1)                0.113627       -0.224602       -0.059812        0.061194       -0.146567        0.207762        0.038970        0.001350       -0.090665
Z_C(-1),B_star(-1)               -0.022275        0.044031        0.011725       -0.011996        0.028733       -0.040729       -0.007640       -0.000265        0.017774
Z_C(-1),A(-1)                     3.643882        0.570925        9.411436        0.474341        8.907039       -8.432698        0.287498        0.013396       -0.250692
Z_C(-1),Pim_star(-1)             -0.534539       -0.339892       -5.701536       -0.440672       -5.405005        4.964333       -0.292401       -0.068738       -0.353600
Z_C(-1),Z_C(-1)                   2.527489       -0.609370        9.263760       -0.074856       15.326722      -15.401578        0.086592        0.279086       -0.739790
Z_I(-1),R_star(-1)                0.022740        0.047971       -0.085953       -0.132896       -0.208659        0.075763       -0.038289        0.000649       -0.022659
Z_I(-1),B_star(-1)               -0.004458       -0.009404        0.016850        0.026053        0.040905       -0.014853        0.007506       -0.000127        0.004442
Z_I(-1),A(-1)                     0.312955        0.003648        4.096010       -0.131786        0.964186       -1.095972        0.003171        0.000309       -0.049346
Z_I(-1),Pim_star(-1)              0.030534       -0.155279       -3.397843       -0.229257       -2.577870        2.348613       -0.192956       -0.000294       -0.140250
Z_I(-1),Z_C(-1)                   0.915729       -0.100470       15.921877        0.028306       10.423279      -10.394974        0.043762        0.090470       -0.031663
Z_I(-1),Z_I(-1)                  -0.244392        0.779897        1.023609        0.714442       -1.191880        1.906323        0.308370       -0.006802        0.058011
y_star(-1),R_star(-1)            -0.003893        0.008297       -0.064188        0.033931       -0.037646        0.071577       -0.019796       -0.000720       -0.003961
y_star(-1),B_star(-1)             0.000763       -0.001627        0.012583       -0.006652        0.007380       -0.014032        0.003881        0.000141        0.000777
y_star(-1),A(-1)                 -0.010333        0.019663       -0.039345        0.137979        0.033570        0.104410       -0.005252       -0.011288        0.024385
y_star(-1),Pim_star(-1)          -0.069276        0.006039        0.179797       -0.109565        0.035873       -0.145438        0.008014       -0.015676        0.010175
y_star(-1),Z_C(-1)                0.039114        0.043793       -0.590266        0.272416       -0.747066        1.019482       -0.057655       -0.001414        0.096547
y_star(-1),Z_I(-1)               -0.029713        0.077733        0.253431       -0.259460        0.473543       -0.733003        0.061303       -0.004626        0.038013
y_star(-1),y_star(-1)            -0.006245        0.006524        0.093574       -0.083125        0.037687       -0.120812        0.022514       -0.001472        0.008650
K(-1),R_star(-1)                 -0.000455       -0.000557       -0.001144        0.003337        0.002388        0.000949        0.000889        0.000258       -0.000072
K(-1),B_star(-1)                  0.000089        0.000109        0.000224       -0.000654       -0.000468       -0.000186       -0.000174       -0.000051        0.000014
K(-1),A(-1)                       0.051098        0.006146        0.076848        0.005465        0.043872       -0.038407        0.001212        0.000964       -0.001414
K(-1),Pim_star(-1)               -0.005943        0.007227       -0.008502        0.008138        0.012115       -0.003977        0.006820        0.000607        0.003667
K(-1),Z_C(-1)                     0.096745        0.028804        0.121155       -0.000964        0.029486       -0.030450       -0.000228       -0.000264       -0.010867
K(-1),Z_I(-1)                     0.021726       -0.053817        0.122266       -0.029053        0.085567       -0.114621       -0.010393        0.000451       -0.004387
K(-1),y_star(-1)                 -0.000122       -0.001096       -0.023179        0.009599       -0.015549        0.025148       -0.000971       -0.000274        0.000074
K(-1),K(-1)                      -0.001617       -0.000707        0.000020       -0.000457        0.000373       -0.000830       -0.000330        0.000064       -0.000169
P_d(-1),R_star(-1)               -0.056139        0.026553       -0.195966       -0.017460       -0.101194        0.083735       -0.004667       -0.010506        0.030173
P_d(-1),B_star(-1)                0.011005       -0.005205        0.038417        0.003423        0.019838       -0.016415        0.000915        0.002060       -0.005915
P_d(-1),A(-1)                    -1.503587       -0.139202       -3.116229       -0.105898       -1.815210        1.709312       -0.052785       -0.027161        0.079488
P_d(-1),Pim_star(-1)              0.081713        0.028268        0.158614        0.083035        0.388531       -0.305497        0.012237       -0.042543        0.102427
P_d(-1),Z_C(-1)                  -3.417586        0.866330        8.286404        0.509010        1.856946       -1.347936        0.245119       -0.099193        0.445981
P_d(-1),Z_I(-1)                  -0.293269       -0.021187       -3.548186        0.100845       -0.775309        0.876155        0.003557        0.001361        0.018083
P_d(-1),y_star(-1)               -0.004703       -0.014519        0.240038       -0.096910        0.109189       -0.206099        0.006064        0.011035       -0.031587
P_d(-1),K(-1)                    -0.039680       -0.002523       -0.097638       -0.002357       -0.056715        0.054358       -0.000205       -0.001120        0.003005
P_d(-1),P_d(-1)                   2.113448       -0.402821       -5.782162       -0.285859       -3.598164        3.312305       -0.161859        0.024852       -0.083721
P_im(-1),R_star(-1)              -0.059136        0.064388        0.009286        0.039986       -0.027453        0.067438        0.009145       -0.003613        0.113241
P_im(-1),B_star(-1)               0.011593       -0.012623       -0.001820       -0.007839        0.005382       -0.013221       -0.001793        0.000708       -0.022200
P_im(-1),A(-1)                   -0.917472       -0.058159       -8.273694       -0.267181       -7.233978        6.966796       -0.200531       -0.042401        0.387482
P_im(-1),Pim_star(-1)             0.144541        0.334810        4.332929        0.330301        2.975300       -2.644999        0.229345        0.039274        0.558687
P_im(-1),Z_C(-1)                 -5.124798        0.210156      -43.713616       -0.448166      -42.023821       41.575655       -0.677378       -0.901644        1.760448
P_im(-1),Z_I(-1)                 -0.413648       -0.557506      -13.638880       -0.726088       -8.015687        7.289599       -0.400844       -0.097307        0.006952
P_im(-1),y_star(-1)               0.041863       -0.068771        0.757353        0.077129        0.816201       -0.739073        0.012811        0.007163       -0.132365
P_im(-1),K(-1)                   -0.026578        0.026406       -0.059471        0.019369       -0.036639        0.056009        0.009191       -0.000096        0.014142
P_im(-1),P_d(-1)                  1.145230       -0.210460        8.352327       -0.051154        7.608267       -7.659421        0.052789        0.138113       -0.599513
P_im(-1),P_im(-1)                 2.647860       -0.067832       23.769738        0.314251       20.853900      -20.539649        0.397186        0.481537       -0.868063
P_star(-1),R_star(-1)            -0.020138       -0.057967       -0.163846       -0.015279       -0.279747        0.264468       -0.066307       -0.010885       -0.006118
P_star(-1),B_star(-1)             0.003948        0.011364        0.032120        0.002995        0.054841       -0.051846        0.012999        0.002134        0.001199
P_star(-1),A(-1)                 -0.047108        0.171643        1.248348        0.124181        1.074834       -0.950653       -0.055491       -0.045587        0.055283
P_star(-1),Pim_star(-1)          -0.249866       -0.104962       -1.863005       -0.375608       -2.344020        1.968412       -0.123513       -0.069090       -0.064990
P_star(-1),Z_C(-1)                0.452215        0.580795        5.629955        0.328502        5.458611       -5.130108       -0.329837        0.074998        0.362497
P_star(-1),Z_I(-1)               -0.078775        0.311495        3.346294        0.178436        2.703304       -2.524868        0.398723        0.008214        0.119687
P_star(-1),y_star(-1)             0.069982       -0.006129       -0.164418        0.097397       -0.025977        0.123374        0.045626        0.016096       -0.009316
P_star(-1),K(-1)                  0.007198       -0.011755        0.011248       -0.006843       -0.013921        0.007078       -0.013044       -0.000922       -0.002860
P_star(-1),P_d(-1)               -0.051698       -0.072403       -0.072839       -0.056415       -0.359837        0.303423        0.065482        0.044927       -0.108359
P_star(-1),P_im(-1)              -0.086760       -0.504917       -4.238381       -0.258660       -2.969086        2.710426       -0.180908       -0.044292       -0.577222
P_star(-1),P_star(-1)             0.016154        0.052373        0.405702        0.083970        0.685924       -0.601954        0.512856        0.007221        0.136783
eps_A,eps_A                       0.268529       -0.110876        0.150659       -0.038185       -0.047622        0.009437       -0.029437        0.035609       -0.098749
eps_P_star,eps_A                 -0.073606        0.268193        1.950544        0.194032        1.679428       -1.485396       -0.086705       -0.071229        0.086379
eps_P_star,eps_P_star             0.056677        0.101325        0.796489        0.156394        1.240381       -1.083987        0.722587        0.021181        0.178848
eps_Pim_star,eps_A                0.003349       -0.127881       -1.976752       -0.272759       -1.620218        1.347459       -0.089272        0.070973       -0.093605
eps_Pim_star,eps_P_star          -0.390416       -0.164003       -2.910946       -0.586887       -3.662532        3.075644       -0.192989       -0.107953       -0.101547
eps_Pim_star,eps_Pim_star         0.349885        0.001077        2.149275        0.463570        2.414910       -1.951340        0.295150        0.084246       -0.067782
eps_y_star,eps_A                 -0.016145        0.030723       -0.061477        0.215593        0.052453        0.163140       -0.008206       -0.017638        0.038102
eps_y_star,eps_P_star             0.109347       -0.009577       -0.256903        0.152183       -0.040589        0.192772        0.071291        0.025151       -0.014556
eps_y_star,eps_Pim_star          -0.108244        0.009435        0.280933       -0.171196        0.056052       -0.227247        0.012522       -0.024494        0.015899
eps_y_star,eps_y_star            -0.002404        0.004490        0.069530       -0.079375        0.019628       -0.099003        0.025980       -0.000855        0.008421
eps_C,eps_A                       5.693565        0.892071       14.705369        0.741158       13.917248      -13.176090        0.449215        0.020931       -0.391707
eps_C,eps_P_star                  0.706587        0.907493        8.796805        0.513285        8.529080       -8.015794       -0.515370        0.117185        0.566401
eps_C,eps_Pim_star               -0.835218       -0.531081       -8.908650       -0.688549       -8.445320        7.756771       -0.456877       -0.107403       -0.552500
eps_C,eps_y_star                  0.061115        0.068427       -0.922291        0.425651       -1.167290        1.592941       -0.090086       -0.002210        0.150854
eps_C,eps_C                       4.559383       -0.718390       15.753744       -0.045602       24.935757      -24.981359        0.244493        0.580854       -1.100775
eps_I,eps_A                       0.488992        0.005699        6.400016       -0.205915        1.506541       -1.712456        0.004955        0.000483       -0.077103
eps_I,eps_P_star                 -0.123086        0.486711        5.228585        0.278806        4.223913       -3.945107        0.623005        0.012834        0.187010
eps_I,eps_Pim_star                0.047709       -0.242623       -5.309129       -0.358214       -4.027922        3.669708       -0.301493       -0.000460       -0.219140
eps_I,eps_y_star                 -0.046427        0.121458        0.395985       -0.405406        0.739911       -1.145317        0.095785       -0.007228        0.059396
eps_I,eps_C                       1.430826       -0.156984       24.877933        0.044227       16.286374      -16.242147        0.068378        0.141359       -0.049474
eps_I,eps_I                      -0.315244        1.100109        2.382390        1.030318       -1.398378        2.428696        0.434011       -0.006095        0.074666
R_star(-1),eps_A                  0.087766       -0.036438       -0.024989        0.017861       -0.037825        0.055686       -0.002052        0.013124       -0.028192
R_star(-1),eps_P_star            -0.025173       -0.072459       -0.204807       -0.019099       -0.349683        0.330585       -0.082883       -0.013607       -0.007647
R_star(-1),eps_Pim_star           0.023708        0.050941        0.228995        0.015704        0.344705       -0.329001        0.028658        0.011985        0.010616
R_star(-1),eps_y_star            -0.004866        0.010371       -0.080235        0.042414       -0.047057        0.089471       -0.024745       -0.000900       -0.004952
R_star(-1),eps_C                  0.142034       -0.280753       -0.074765        0.076493       -0.183209        0.259702        0.048712        0.001687       -0.113331
R_star(-1),eps_I                  0.028425        0.059964       -0.107442       -0.166120       -0.260824        0.094704       -0.047862        0.000811       -0.028323
B_star(-1),eps_A                 -0.017206        0.007143        0.004899       -0.003502        0.007415       -0.010917        0.000402       -0.002573        0.005527
B_star(-1),eps_P_star             0.004935        0.014205        0.040150        0.003744        0.068552       -0.064807        0.016248        0.002667        0.001499
B_star(-1),eps_Pim_star          -0.004648       -0.009986       -0.044892       -0.003079       -0.067576        0.064497       -0.005618       -0.002349       -0.002081
B_star(-1),eps_y_star             0.000954       -0.002033        0.015729       -0.008315        0.009225       -0.017540        0.004851        0.000176        0.000971
B_star(-1),eps_C                 -0.027844        0.055038        0.014657       -0.014996        0.035916       -0.050912       -0.009550       -0.000331        0.022217
B_star(-1),eps_I                 -0.005572       -0.011755        0.021063        0.032566        0.051132       -0.018566        0.009383       -0.000159        0.005553
A(-1),eps_A                       2.356084        0.291979        3.486302        0.145746        1.897284       -1.751538        0.063389        0.036408       -0.085532
A(-1),eps_P_star                 -0.058884        0.214554        1.560435        0.155226        1.343543       -1.188317       -0.069364       -0.056983        0.069103
A(-1),eps_Pim_star                0.002679       -0.102305       -1.581401       -0.218207       -1.296175        1.077967       -0.071417        0.056778       -0.074884
A(-1),eps_y_star                 -0.012916        0.024578       -0.049181        0.172474        0.041962        0.130512       -0.006565       -0.014110        0.030481
A(-1),eps_C                       4.554852        0.713656       11.764296        0.592926       11.133799      -10.540872        0.359372        0.016745       -0.313366
A(-1),eps_I                       0.391193        0.004560        5.120013       -0.164732        1.205233       -1.369965        0.003964        0.000387       -0.061682
Pim_star(-1),eps_A                0.002679       -0.102305       -1.581401       -0.218207       -1.296175        1.077967       -0.071417        0.056778       -0.074884
Pim_star(-1),eps_P_star          -0.312333       -0.131202       -2.328757       -0.469510       -2.930026        2.460516       -0.154391       -0.086362       -0.081238
Pim_star(-1),eps_Pim_star         0.341043       -0.049781        2.348971        0.545878        2.790260       -2.244382        0.330339        0.074577        0.103721
Pim_star(-1),eps_y_star          -0.086595        0.007548        0.224747       -0.136956        0.044841       -0.181798        0.010018       -0.019595        0.012719
Pim_star(-1),eps_C               -0.668174       -0.424865       -7.126920       -0.550840       -6.756256        6.205417       -0.365502       -0.085922       -0.442000
Pim_star(-1),eps_I                0.038167       -0.194099       -4.247303       -0.286571       -3.222338        2.935767       -0.241195       -0.000368       -0.175312
Z_C(-1),eps_A                     4.554852        0.713656       11.764296        0.592926       11.133799      -10.540872        0.359372        0.016745       -0.313366
Z_C(-1),eps_P_star                0.565269        0.725994        7.037444        0.410628        6.823264       -6.412635       -0.412296        0.093748        0.453121
Z_C(-1),eps_Pim_star             -0.668174       -0.424865       -7.126920       -0.550840       -6.756256        6.205417       -0.365502       -0.085922       -0.442000
Z_C(-1),eps_y_star                0.048892        0.054742       -0.737833        0.340521       -0.933832        1.274353       -0.072069       -0.001768        0.120683
Z_C(-1),eps_C                    11.200171        0.346581       33.392351        0.383742       46.218833      -45.835091        1.090025        1.855968       -1.408298
Z_C(-1),eps_I                     1.144661       -0.125588       19.902346        0.035382       13.029099      -12.993717        0.054702        0.113087       -0.039579
Z_I(-1),eps_A                     0.391193        0.004560        5.120013       -0.164732        1.205233       -1.369965        0.003964        0.000387       -0.061682
Z_I(-1),eps_P_star               -0.098469        0.389369        4.182868        0.223045        3.379130       -3.156085        0.498404        0.010267        0.149608
Z_I(-1),eps_Pim_star              0.038167       -0.194099       -4.247303       -0.286571       -3.222338        2.935767       -0.241195       -0.000368       -0.175312
Z_I(-1),eps_y_star               -0.037142        0.097166        0.316788       -0.324325        0.591929       -0.916254        0.076628       -0.005783        0.047517
Z_I(-1),eps_C                     1.144661       -0.125588       19.902346        0.035382       13.029099      -12.993717        0.054702        0.113087       -0.039579
Z_I(-1),eps_I                    -0.078034        1.001901        8.823030        1.098122        0.731779        0.366343        0.388389        0.019266        0.017223
y_star(-1),eps_A                 -0.012916        0.024578       -0.049181        0.172474        0.041962        0.130512       -0.006565       -0.014110        0.030481
y_star(-1),eps_P_star             0.087478       -0.007662       -0.205523        0.121746       -0.032472        0.154218        0.057032        0.020121       -0.011645
y_star(-1),eps_Pim_star          -0.086595        0.007548        0.224747       -0.136956        0.044841       -0.181798        0.010018       -0.019595        0.012719
y_star(-1),eps_y_star             0.043221       -0.029314       -0.379501        0.196250       -0.219842        0.416092       -0.017302        0.007887       -0.019133
y_star(-1),eps_C                  0.048892        0.054742       -0.737833        0.340521       -0.933832        1.274353       -0.072069       -0.001768        0.120683
y_star(-1),eps_I                 -0.037142        0.097166        0.316788       -0.324325        0.591929       -0.916254        0.076628       -0.005783        0.047517
K(-1),eps_A                       0.063873        0.007683        0.096060        0.006832        0.054840       -0.048009        0.001515        0.001205       -0.001767
K(-1),eps_P_star                  0.008998       -0.014694        0.014060       -0.008553       -0.017401        0.008848       -0.016305       -0.001152       -0.003575
K(-1),eps_Pim_star               -0.007429        0.009033       -0.010628        0.010173        0.015144       -0.004972        0.008525        0.000759        0.004583
K(-1),eps_y_star                 -0.000153       -0.001370       -0.028974        0.011999       -0.019436        0.031435       -0.001213       -0.000343        0.000093
K(-1),eps_C                       0.120931        0.036005        0.151444       -0.001205        0.036857       -0.038062       -0.000285       -0.000331       -0.013584
K(-1),eps_I                       0.027157       -0.067271        0.152833       -0.036317        0.106959       -0.143276       -0.012991        0.000564       -0.005483
P_d(-1),eps_A                    -1.879484       -0.174002       -3.895286       -0.132373       -2.269012        2.136640       -0.065981       -0.033952        0.099360
P_d(-1),eps_P_star               -0.064622       -0.090503       -0.091049       -0.070518       -0.449797        0.379278        0.081852        0.056159       -0.135448
P_d(-1),eps_Pim_star              0.102141        0.035335        0.198268        0.103794        0.485664       -0.381871        0.015296       -0.053179        0.128034
P_d(-1),eps_y_star               -0.005879       -0.018148        0.300047       -0.121138        0.136486       -0.257624        0.007579        0.013794       -0.039484
P_d(-1),eps_C                    -4.271982        1.082912       10.358005        0.636262        2.321182       -1.684920        0.306398       -0.123991        0.557476
P_d(-1),eps_I                    -0.366586       -0.026484       -4.435233        0.126057       -0.969137        1.095193        0.004446        0.001701        0.022603
P_im(-1),eps_A                   -1.146840       -0.072699      -10.342117       -0.333977       -9.042472        8.708495       -0.250664       -0.053002        0.484353
P_im(-1),eps_P_star              -0.108450       -0.631147       -5.297977       -0.323325       -3.711357        3.388032       -0.226135       -0.055365       -0.721527
P_im(-1),eps_Pim_star             0.180676        0.418513        5.416161        0.412877        3.719125       -3.306248        0.286681        0.049093        0.698358
P_im(-1),eps_y_star               0.052328       -0.085964        0.946691        0.096411        1.020252       -0.923841        0.016013        0.008954       -0.165456
P_im(-1),eps_C                   -6.405998        0.262695      -54.642019       -0.560208      -52.529776       51.969569       -0.846723       -1.127054        2.200560
P_im(-1),eps_I                   -0.517060       -0.696883      -17.048600       -0.907610      -10.019609        9.111998       -0.501055       -0.121633        0.008690
P_star(-1),eps_A                 -0.058884        0.214554        1.560435        0.155226        1.343543       -1.188317       -0.069364       -0.056983        0.069103
P_star(-1),eps_P_star             0.291881        0.286873        2.314889        0.411454        3.063810       -2.652356        0.652131        0.097234        0.062962
P_star(-1),eps_Pim_star          -0.312333       -0.131202       -2.328757       -0.469510       -2.930026        2.460516       -0.154391       -0.086362       -0.081238
P_star(-1),eps_y_star             0.087478       -0.007662       -0.205523        0.121746       -0.032472        0.154218        0.057032        0.020121       -0.011645
P_star(-1),eps_C                  0.565269        0.725994        7.037444        0.410628        6.823264       -6.412635       -0.412296        0.093748        0.453121
P_star(-1),eps_I                 -0.098469        0.389369        4.182868        0.223045        3.379130       -3.156085        0.498404        0.010267        0.149608


MOMENTS OF SIMULATED VARIABLES
VARIABLE              MEAN       STD. DEV.        VARIANCE        SKEWNESS        KURTOSIS
GDP               2.041540        0.086789        0.007532        0.101957       -0.003568
C                 1.771349        0.048144        0.002318        0.056298       -0.010618
I                 0.303344        0.166978        0.027882        0.241596        0.050812
EX                0.541785        0.028470        0.000811        0.148562        0.015105
IM                0.571868        0.122036        0.014893        0.315283        0.094012
NX               -0.030083        0.125536        0.015759       -0.243248        0.068694
s                 0.785083        0.022341        0.000499        0.091008        0.019059
P_d               1.005362        0.017800        0.000317        0.043424       -0.053687
P_im              0.981028        0.020478        0.000419        0.087582       -0.000784


CORRELATION OF SIMULATED VARIABLES
VARIABLE        GDP        C        I       EX       IM       NX        s      P_d     P_im
GDP          1.0000   0.8297   0.5207   0.7338   0.5108  -0.3302   0.6914   0.6307   0.5803
C            0.8297   1.0000   0.0688   0.8078   0.1236   0.0630   0.7735   0.6561   0.7305
I            0.5207   0.0688   1.0000  -0.0490   0.9811  -0.9648   0.0061   0.4212  -0.2017
EX           0.7338   0.8078  -0.0490   1.0000  -0.0081   0.2346   0.7110   0.4316   0.5810
IM           0.5108   0.1236   0.9811  -0.0081   1.0000  -0.9739   0.0256   0.5153  -0.2241
NX          -0.3302   0.0630  -0.9648   0.2346  -0.9739   1.0000   0.1364  -0.4031   0.3496
s            0.6914   0.7735   0.0061   0.7110   0.0256   0.1364   1.0000   0.6332   0.8152
P_d          0.6307   0.6561   0.4212   0.4316   0.5153  -0.4031   0.6332   1.0000   0.5218
P_im         0.5803   0.7305  -0.2017   0.5810  -0.2241   0.3496   0.8152   0.5218   1.0000


AUTOCORRELATION OF SIMULATED VARIABLES
VARIABLE          1        2        3        4        5
GDP          0.7484   0.6466   0.5519   0.4674   0.3928
C            0.8813   0.7680   0.6601   0.5628   0.4779
I            0.5332   0.3231   0.1630   0.0476  -0.0329
EX           0.9068   0.8044   0.6980   0.5962   0.5025
IM           0.5461   0.3302   0.1657   0.0466  -0.0364
NX           0.5748   0.3552   0.1849   0.0597  -0.0287
s            0.8418   0.6945   0.5597   0.4439   0.3471
P_d          0.7556   0.5773   0.4450   0.3445   0.2673
P_im         0.9355   0.8136   0.6741   0.5384   0.4168



VARIANCE DECOMPOSITION SIMULATING ONE SHOCK AT A TIME (in percent)
                   eps_A        eps_P_star      eps_Pim_star        eps_y_star             eps_C             eps_I  Tot. lin. contr.
GDP                29.15              4.06              3.93              0.01             51.37             12.83            101.35
C                  23.30              3.66              2.10              0.40             56.55             14.60            100.60
I                   9.78              7.19              7.10              0.20             41.69             35.37            101.32
EX                 11.67             13.48             17.35              4.16             30.12             22.90             99.68
IM                  6.70             11.17             10.72              0.25             46.57             26.23            101.65
NX                  5.96              9.83              9.80              0.52             41.03             34.26            101.40
s                   4.92             17.39             10.09              0.68             56.80             10.15            100.03
P_d                 0.74              1.22              1.14              0.10             95.73              1.11            100.04
P_im                6.87             11.35             10.67              0.88             59.88             10.32             99.98
Note: numbers do not add up to 100 due to i) non-zero correlation of simulated shocks in small samples and ii) nonlinearity

Total computing time : 0h00m28s
