Starting Dynare (version 6.3).
Calling Dynare with arguments: none
Starting preprocessing of the model file ...
Found 42 equation(s).
Evaluating expressions...
Computing static model derivatives (order 1).
Normalizing the static model...
Finding the optimal block decomposition of the static model...
9 block(s) found:
  8 recursive block(s) and 1 simultaneous block(s).
  the largest simultaneous block has 30 equation(s)
                                 and 30 feedback variable(s).
Computing dynamic model derivatives (order 2).
Normalizing the dynamic model...
Finding the optimal block decomposition of the dynamic model...
3 block(s) found:
  2 recursive block(s) and 1 simultaneous block(s).
  the largest simultaneous block has 32 equation(s)
                                 and 24 feedback variable(s).
Preprocessing completed.
Preprocessing time: 0h00m00s.
DYNARE_SOLVE (solve_algo=2|4): number of blocks = 15
MODEL_DIAGNOSTICS:  No obvious problems with this mod-file were detected.


Residuals of the static equations:
Equation number 12: MPK                         :      -0.000000



EIGENVALUES:
         Modulus             Real        Imaginary
       2.417e-16       -2.417e-16                0
         0.09225          0.09208         0.005652
         0.09225          0.09208        -0.005652
          0.5936           0.5936                0
             0.8              0.8                0
             0.8              0.8                0
             0.8              0.8                0
             0.8              0.8                0
             0.8              0.8                0
          0.8329           0.8329                0
            0.95             0.95                0
          0.9943           0.9943                0
           1.027            1.027                0
           1.261            1.261                0
            1.66             1.66                0
           3.972            2.239            3.281
           3.972            2.239           -3.281
       1.887e+16       -1.887e+16                0
       2.284e+16        2.284e+16                0
       4.053e+16       -4.053e+16                0
       4.626e+16       -4.626e+16                0
       4.988e+16       -4.988e+16                0
       8.067e+16       -8.067e+16                0
       2.964e+17        2.964e+17                0

There are 12 eigenvalue(s) larger than 1 in modulus for 12 forward-looking variable(s)
The rank condition is verified.


STEADY-STATE RESULTS:

K          		 11.6439
C          		 1.74412
W          		 1.28101
P_d        		 0.995174
P_im       		 1.01173
s          		 0.809387
I          		 0.291099
P_c        		 1
lambda     		 0.570174
h          		 0.828201
P_i        		 1.00328
R_K        		 0.0455573
R_star     		 0.0204082
q_d        		 1.9989
q_cd       		 1.25078
q_cim      		 0.49359
q_id       		 0.151577
q_iim      		 0.139571
q_ex       		 0.596545
EX         		 0.593667
IM         		 0.640591
NX         		 -0.0469241
B_star     		 -4.91545
GDP        		 1.98925
GDP_ann    		 7.95701
TO         		 0.620463
q_im       		 0.633161
Upsilon_d  		 0
Upsilon_im 		 0
Pi_d       		 0.397851
Pi_im      		 0.128118
mu         		 0.796139
MC         		 0.796139
rer        		 0.809387
WL         		 1.18224e-06
P_star     		 1
A          		 1
Pim_star   		 1
Z_C        		 1
Z_I        		 1
y_star     		 1
i_nom      		 0.0204082

MODEL SUMMARY

  Number of variables:         42
  Number of stochastic shocks: 7
  Number of state variables:   12
  Number of jumpers:           12
  Number of static variables:  22


MATRIX OF COVARIANCE OF EXOGENOUS SHOCKS
Variables              eps_A    eps_P_star  eps_Pim_star    eps_y_star         eps_C         eps_I      eps_inom
eps_A               0.000100      0.000000      0.000000      0.000000      0.000000      0.000000      0.000000
eps_P_star          0.000000      0.000000      0.000000      0.000000      0.000000      0.000000      0.000000
eps_Pim_star        0.000000      0.000000      0.000000      0.000000      0.000000      0.000000      0.000000
eps_y_star          0.000000      0.000000      0.000000      0.000000      0.000000      0.000000      0.000000
eps_C               0.000000      0.000000      0.000000      0.000000      0.000000      0.000000      0.000000
eps_I               0.000000      0.000000      0.000000      0.000000      0.000000      0.000000      0.000000
eps_inom            0.000000      0.000000      0.000000      0.000000      0.000000      0.000000      0.000100

POLICY AND TRANSITION FUNCTIONS
                                       GDP               C               I              EX              IM              NX               s             P_c           i_nom
Constant                          1.989225        1.743668        0.291393        0.593696        0.640486       -0.046790        0.809392        0.999997        0.020396
(correction)                     -0.000028       -0.000455        0.000295        0.000029       -0.000105        0.000134        0.000005       -0.000003       -0.000012
R_star(-1)                        0.016761       -0.104302        0.050836        0.038357       -0.034953        0.073310        0.017573       -0.002072        0.001105
B_star(-1)                       -0.003479        0.021652       -0.010553       -0.007963        0.007256       -0.015219       -0.003648        0.000430       -0.000229
A(-1)                             1.132044        0.301763        1.441150        0.067661        0.335237       -0.267575       -0.076594       -0.176565        0.019693
Pim_star(-1)                     -0.168317       -0.176974       -0.870065       -0.150081       -0.955829        0.805748       -0.109119        0.028846        0.000962
Z_C(-1)                           1.796826        1.479004        2.726492        0.252609        2.075641       -1.823032        0.371424       -0.398856       -0.146650
Z_I(-1)                           0.687457       -0.712217        4.630143       -0.710457        2.296021       -3.006478       -0.355788        0.003380        0.177863
y_star(-1)                        0.044291       -0.032713       -0.365675        0.379613       -0.083949        0.463561       -0.095488       -0.007861       -0.000659
i_nom(-1)                        -1.510643       -0.101438       -2.578212       -0.166036       -1.800686        1.634650       -0.233329       -0.230774        0.024139
K(-1)                             0.021432        0.050945       -0.106328        0.024389       -0.062506        0.086895        0.008971       -0.005151       -0.002339
P_d(-1)                          -0.709479       -0.103783       -0.980467       -0.030384       -0.148760        0.118377        0.069944        0.132053        0.019752
P_im(-1)                         -0.602826       -0.069963       -3.602357        0.112820       -2.779846        2.892666        0.010634        0.074902       -0.039167
P_star(-1)                        0.160246        0.226218        0.843539        0.132747        0.970799       -0.838052       -0.546278       -0.027839       -0.001481
eps_A                             1.415055        0.377203        1.801438        0.084577        0.419046       -0.334469       -0.095743       -0.220706        0.024616
eps_P_star                        0.200307        0.282773        1.054423        0.165934        1.213499       -1.047565       -0.682848       -0.034799       -0.001852
eps_Pim_star                     -0.210396       -0.221218       -1.087582       -0.187601       -1.194786        1.007185       -0.136398        0.036057        0.001202
eps_y_star                        0.046622       -0.034434       -0.384921        0.399592       -0.088367        0.487959       -0.100514       -0.008275       -0.000693
eps_C                             2.246032        1.848755        3.408114        0.315762        2.594551       -2.278790        0.464280       -0.498570       -0.183313
eps_I                             0.859321       -0.890272        5.787678       -0.888071        2.870027       -3.758097       -0.444735        0.004225        0.222329
eps_inom                         -2.014190       -0.135251       -3.437616       -0.221382       -2.400915        2.179533       -0.311106       -0.307698        0.032185
R_star(-1),R_star(-1)             0.001276       -0.001446       -0.001404        0.002984       -0.000418        0.003401        0.001060       -0.000149        0.000097
B_star(-1),R_star(-1)            -0.003940        0.021820       -0.009759       -0.009042        0.007284       -0.016326       -0.004015        0.000483       -0.000265
B_star(-1),B_star(-1)             0.000055       -0.000062       -0.000061        0.000129       -0.000018        0.000147        0.000046       -0.000006        0.000004
A(-1),R_star(-1)                  0.011078       -0.004154       -0.029638        0.000756       -0.023061        0.023817       -0.003134       -0.001773        0.000125
A(-1),B_star(-1)                 -0.002300        0.000862        0.006153       -0.000157        0.004787       -0.004944        0.000651        0.000368       -0.000026
A(-1),A(-1)                      -0.337998       -0.114522       -0.885755       -0.082875       -0.616957        0.534081       -0.004334        0.055484       -0.001730
Pim_star(-1),R_star(-1)           0.011376        0.030212        0.052713        0.006691        0.105262       -0.098571        0.008827       -0.000717        0.001783
Pim_star(-1),B_star(-1)          -0.002362       -0.006272       -0.010943       -0.001389       -0.021852        0.020463       -0.001832        0.000149       -0.000370
Pim_star(-1),A(-1)                0.098330       -0.011992       -0.243759       -0.053162       -0.110245        0.057083        0.014320       -0.014097        0.003570
Pim_star(-1),Pim_star(-1)         0.233477        0.169464        1.377452        0.201711        1.674152       -1.472440        0.137167       -0.029632        0.014236
Z_C(-1),R_star(-1)               -0.003167       -0.091792       -0.050429        0.015979       -0.076128        0.092107        0.006833        0.000268       -0.000394
Z_C(-1),B_star(-1)                0.000658        0.019055        0.010469       -0.003317        0.015804       -0.019121       -0.001418       -0.000056        0.000082
Z_C(-1),A(-1)                     0.038504        0.359326        0.614026        0.113205       -0.476464        0.589669       -0.083062       -0.029230       -0.034167
Z_C(-1),Pim_star(-1)             -0.148220       -0.236170       -1.863745       -0.095522       -1.707573        1.612051       -0.059068        0.031888        0.010577
Z_C(-1),Z_C(-1)                  -0.423556       -0.170399       -1.117118       -0.184412        0.819387       -1.003799       -0.211000        0.135313        0.096509
Z_I(-1),R_star(-1)               -0.005450        0.037035       -0.066401       -0.052357       -0.131520        0.079164       -0.012197        0.000352       -0.000842
Z_I(-1),B_star(-1)                0.001131       -0.007688        0.013784        0.010869        0.027303       -0.016434        0.002532       -0.000073        0.000175
Z_I(-1),A(-1)                     0.101587       -0.034989        0.997473       -0.033817       -0.992812        0.958995        0.025129       -0.019182       -0.003239
Z_I(-1),Pim_star(-1)             -0.131732       -0.177464       -3.630263       -0.092389       -3.046287        2.953898       -0.109408        0.020095       -0.002968
Z_I(-1),Z_C(-1)                   0.274443       -0.378896        5.066077       -0.181850        3.601312       -3.783162       -0.117737       -0.081698       -0.053565
Z_I(-1),Z_I(-1)                  -0.328116        0.734980        1.426126        0.936050       -0.119914        1.055964        0.343947       -0.005699       -0.091020
y_star(-1),R_star(-1)            -0.001110        0.004381       -0.002573        0.005986        0.001697        0.004289       -0.012232       -0.000173       -0.000539
y_star(-1),B_star(-1)             0.000230       -0.000910        0.000534       -0.001243       -0.000352       -0.000890        0.002539        0.000036        0.000112
y_star(-1),A(-1)                 -0.016356       -0.006248        0.145310        0.045700        0.228225       -0.182525        0.005225        0.003296        0.000832
y_star(-1),Pim_star(-1)          -0.077481       -0.032418       -0.009606       -0.107168       -0.204242        0.097074       -0.003236        0.006951       -0.009048
y_star(-1),Z_C(-1)                0.028302       -0.013832        0.001882        0.149009       -0.143381        0.292390       -0.054976       -0.005233       -0.000736
y_star(-1),Z_I(-1)                0.017222        0.107876        0.637435       -0.374285        0.666055       -1.040340        0.086353       -0.001190        0.002544
y_star(-1),y_star(-1)            -0.005378        0.010268        0.046304       -0.092719       -0.002980       -0.089740        0.042234        0.001992        0.001636
i_nom(-1),R_star(-1)             -0.004159        0.007134        0.046341       -0.011500        0.069725       -0.081225       -0.005836       -0.000504       -0.001801
i_nom(-1),B_star(-1)              0.000863       -0.001481       -0.009620        0.002387       -0.014474        0.016862        0.001212        0.000105        0.000374
i_nom(-1),A(-1)                  -0.297944       -0.120020       -0.430178       -0.134378        0.496274       -0.630652        0.013554        0.077315        0.041085
i_nom(-1),Pim_star(-1)            0.079335        0.054371        1.750229        0.041080        1.653680       -1.612600        0.018981       -0.040522       -0.040842
i_nom(-1),Z_C(-1)                -1.093072       -0.049065       -2.154799        0.041608       -4.026696        4.068304       -0.063030        0.169331       -0.020747
i_nom(-1),Z_I(-1)                 0.153670       -0.076733       -3.829302        0.115640       -2.485572        2.601212        0.064571        0.021164        0.070372
i_nom(-1),y_star(-1)             -0.013105       -0.006584        0.010839       -0.102560        0.071776       -0.174336        0.036002        0.009834        0.011456
i_nom(-1),i_nom(-1)              -0.128479       -0.096279        0.018891       -0.046197        1.039778       -1.085975        0.013263        0.036861        0.022998
K(-1),R_star(-1)                  0.000178       -0.000950        0.000508        0.002099        0.002674       -0.000575        0.000566        0.000002        0.000048
K(-1),B_star(-1)                 -0.000037        0.000197       -0.000106       -0.000436       -0.000555        0.000119       -0.000117               0       -0.000010
K(-1),A(-1)                       0.011101        0.005201       -0.007679       -0.001114       -0.000104       -0.001010       -0.003478       -0.002326       -0.000699
K(-1),Pim_star(-1)                0.005948        0.011639        0.048851        0.010804        0.075561       -0.064757        0.009357       -0.000192        0.001207
K(-1),Z_C(-1)                    -0.004984        0.033739       -0.045751        0.003863       -0.108826        0.112689       -0.001688        0.000510       -0.000488
K(-1),Z_I(-1)                     0.003647       -0.050116       -0.024271       -0.049885       -0.061142        0.011257       -0.016532       -0.001449       -0.001258
K(-1),y_star(-1)                 -0.001480       -0.004168       -0.024324        0.012560       -0.014871        0.027431       -0.003054       -0.000026       -0.000411
K(-1),i_nom(-1)                  -0.016739        0.004007        0.017378       -0.002508        0.075505       -0.078013        0.000395        0.000852       -0.002929
K(-1),K(-1)                      -0.000719       -0.000463        0.002218       -0.000180        0.003264       -0.003444       -0.000105        0.000247        0.000189
P_d(-1),R_star(-1)                0.000468       -0.001255       -0.090451       -0.003125       -0.045643        0.042518       -0.000114        0.000421        0.000748
P_d(-1),B_star(-1)               -0.000097        0.000260        0.018777        0.000649        0.009475       -0.008826        0.000024       -0.000087       -0.000155
P_d(-1),A(-1)                     0.021096       -0.194456       -2.913543       -0.083737       -0.936179        0.852443       -0.040002        0.014153        0.026532
P_d(-1),Pim_star(-1)             -0.058133       -0.048201       -0.943874        0.009162       -0.592389        0.601551       -0.028482        0.012502        0.004142
P_d(-1),Z_C(-1)                  -0.548377        0.271909        6.274555        0.272680        3.744884       -3.472204        0.259147        0.043787       -0.072154
P_d(-1),Z_I(-1)                  -0.022339        0.080172        0.682642        0.054508        1.448372       -1.393864       -0.005928       -0.000448       -0.006286
P_d(-1),y_star(-1)                0.006286        0.008814        0.099271       -0.023725       -0.040804        0.017078       -0.004706       -0.001193       -0.000210
P_d(-1),i_nom(-1)                 0.330244       -0.186871       -4.066528       -0.118724       -2.432682        2.313958       -0.099720       -0.030479        0.037289
P_d(-1),K(-1)                     0.004137       -0.009169       -0.126485       -0.004151       -0.069776        0.065626       -0.000975        0.000592        0.001928
P_d(-1),P_d(-1)                   0.984422       -0.231174       -3.857514       -0.251338       -2.309258        2.057919       -0.207625       -0.130008        0.052424
P_im(-1),R_star(-1)               0.004688        0.016026        0.105264        0.008838        0.082219       -0.073381        0.001885       -0.001300       -0.000771
P_im(-1),B_star(-1)              -0.000973       -0.003327       -0.021852       -0.001835       -0.017068        0.015233       -0.000391        0.000270        0.000160
P_im(-1),A(-1)                    0.291978       -0.066645        0.433382       -0.155399        1.064615       -1.220014       -0.033215       -0.029812        0.028671
P_im(-1),Pim_star(-1)             0.142900        0.231904        3.323823        0.097189        1.862905       -1.765715        0.076807       -0.044201       -0.030384
P_im(-1),Z_C(-1)                 -0.983801       -0.306668       -9.249316        0.028500      -10.174753       10.203253       -0.049735        0.172689        0.011754
P_im(-1),Z_I(-1)                 -0.252087       -0.472790       -9.842365       -0.453272       -5.879106        5.425833       -0.203112        0.080066        0.056737
P_im(-1),y_star(-1)              -0.006421       -0.026331        0.108511        0.090279        0.421231       -0.330952        0.010165        0.003629        0.003829
P_im(-1),i_nom(-1)                0.874359        0.179055        9.164897       -0.112489        8.864435       -8.976924        0.028373       -0.146206        0.000461
P_im(-1),K(-1)                    0.009830        0.020114        0.158241        0.018003        0.163518       -0.145514        0.009307       -0.002366       -0.001078
P_im(-1),P_d(-1)                 -0.185029       -0.074704       -2.089670        0.024661       -1.675704        1.700365       -0.013182        0.034455        0.005175
P_im(-1),P_im(-1)                 1.303519        0.311825       11.702316       -0.023780       10.672847      -10.696628        0.090199       -0.206339        0.018131
P_star(-1),R_star(-1)            -0.011505       -0.035331       -0.047829       -0.007181       -0.106729        0.099548       -0.022840        0.000725       -0.001805
P_star(-1),B_star(-1)             0.002388        0.007335        0.009929        0.001491        0.022156       -0.020665        0.004741       -0.000150        0.000375
P_star(-1),A(-1)                 -0.104874        0.023048        0.254934        0.049061        0.125656       -0.076595        0.046623        0.015093       -0.003721
P_star(-1),Pim_star(-1)          -0.291985       -0.249193       -1.869536       -0.230283       -2.462866        2.232583       -0.070060        0.029265       -0.029493
P_star(-1),Z_C(-1)                0.143683        0.316643        1.867806        0.074284        1.753929       -1.679645       -0.247554       -0.031258       -0.010773
P_star(-1),Z_I(-1)                0.121724        0.237847        3.621343        0.087164        3.133059       -3.045895        0.386293       -0.018703        0.002542
P_star(-1),y_star(-1)             0.075704        0.044225        0.002426        0.099827        0.207071       -0.107244        0.083062       -0.006583        0.009154
P_star(-1),i_nom(-1)             -0.074708       -0.074175       -1.762608       -0.029538       -1.690347        1.660809        0.173237        0.040414        0.041842
P_star(-1),K(-1)                 -0.005430       -0.014864       -0.047181       -0.010433       -0.077930        0.067497       -0.016188        0.000116       -0.001191
P_star(-1),P_d(-1)                0.057998        0.047637        0.985861       -0.007151        0.612446       -0.619598       -0.027117       -0.012704       -0.004479
P_star(-1),P_im(-1)              -0.134621       -0.303933       -3.337971       -0.077044       -1.920272        1.843229       -0.075084        0.043493        0.031403
P_star(-1),P_star(-1)             0.064198        0.046277        0.509314        0.040956        0.778330       -0.737374        0.527541       -0.000339        0.015627
eps_A,eps_A                      -0.351241       -0.131790       -1.158812       -0.118921       -0.911614        0.792693       -0.018739        0.059105        0.000373
eps_P_star,eps_A                 -0.163866        0.036012        0.398335        0.076657        0.196337       -0.119680        0.072849        0.023582       -0.005814
eps_P_star,eps_P_star             0.125348        0.107655        0.927606        0.084735        1.367828       -1.283092        0.738927       -0.004880        0.024186
eps_Pim_star,eps_A                0.153640       -0.018737       -0.380874       -0.083065       -0.172258        0.089193        0.022375       -0.022027        0.005578
eps_Pim_star,eps_P_star          -0.456226       -0.389364       -2.921150       -0.359817       -3.848228        3.488411       -0.109469        0.045727       -0.046082
eps_Pim_star,eps_Pim_star         0.338508        0.237136        2.016321        0.291724        2.466514       -2.174789        0.197274       -0.041793        0.022394
eps_y_star,eps_A                 -0.021520       -0.008221        0.191198        0.060132        0.300296       -0.240165        0.006876        0.004336        0.001095
eps_y_star,eps_P_star             0.099611        0.058190        0.003192        0.131351        0.272462       -0.141111        0.109292       -0.008662        0.012045
eps_y_star,eps_Pim_star          -0.101949       -0.042655       -0.012640       -0.141010       -0.268739        0.127729       -0.004257        0.009147       -0.011905
eps_y_star,eps_y_star            -0.004733        0.010471        0.041177       -0.092221       -0.005627       -0.086594        0.044152        0.001989        0.001794
eps_C,eps_A                       0.060163        0.561447        0.959416        0.176883       -0.744475        0.921357       -0.129784       -0.045672       -0.053387
eps_C,eps_P_star                  0.224505        0.494754        2.918446        0.116068        2.740513       -2.624445       -0.386803       -0.048841       -0.016833
eps_C,eps_Pim_star               -0.231593       -0.369016       -2.912101       -0.149253       -2.668082        2.518829       -0.092294        0.049825        0.016527
eps_C,eps_y_star                  0.037239       -0.018200        0.002476        0.196065       -0.188659        0.384723       -0.072336       -0.006886       -0.000968
eps_C,eps_C                      -0.381052       -0.035154       -1.319482       -0.248674        1.604611       -1.853285       -0.271652        0.149106        0.127882
eps_I,eps_A                       0.158730       -0.054671        1.558552       -0.052839       -1.551268        1.498429        0.039264       -0.029972       -0.005061
eps_I,eps_P_star                  0.190194        0.371636        5.658349        0.136194        4.895405       -4.759211        0.603583       -0.029223        0.003971
eps_I,eps_Pim_star               -0.205831       -0.277287       -5.672286       -0.144357       -4.759824        4.615466       -0.170951        0.031398       -0.004638
eps_I,eps_y_star                  0.022661        0.141942        0.838730       -0.492480        0.876388       -1.368868        0.113622       -0.001565        0.003348
eps_I,eps_C                       0.428818       -0.592025        7.915745       -0.284141        5.627050       -5.911191       -0.183964       -0.127652       -0.083695
eps_I,eps_I                      -0.405267        1.037122        2.951781        1.351569        0.171388        1.180181        0.481825       -0.008376       -0.114428
eps_inom,eps_A                   -0.496573       -0.200033       -0.716963       -0.223963        0.827123       -1.051086        0.022590        0.128859        0.068475
eps_inom,eps_P_star              -0.124513       -0.123626       -2.937679       -0.049230       -2.817245        2.768015        0.288729        0.067356        0.069737
eps_inom,eps_Pim_star             0.132225        0.090618        2.917048        0.068467        2.756133       -2.687666        0.031636       -0.067536       -0.068069
eps_inom,eps_y_star              -0.018393       -0.009240        0.015213       -0.143944        0.100738       -0.244682        0.050528        0.013801        0.016079
eps_inom,eps_C                   -1.821786       -0.081775       -3.591332        0.069347       -6.711160        6.780507       -0.105050        0.282219       -0.034579
eps_inom,eps_I                    0.256116       -0.127888       -6.382170        0.192734       -4.142619        4.335353        0.107618        0.035274        0.117286
eps_inom,eps_inom                -0.228406       -0.171162        0.033583       -0.082127        1.848495       -1.930622        0.023579        0.065531        0.040886
R_star(-1),eps_A                  0.013847       -0.005193       -0.037048        0.000945       -0.028826        0.029771       -0.003917       -0.002216        0.000156
R_star(-1),eps_P_star            -0.014382       -0.044164       -0.059786       -0.008976       -0.133411        0.124435       -0.028550        0.000906       -0.002256
R_star(-1),eps_Pim_star           0.014220        0.037765        0.065891        0.008364        0.131578       -0.123214        0.011034       -0.000897        0.002229
R_star(-1),eps_y_star            -0.001168        0.004612       -0.002708        0.006301        0.001786        0.004515       -0.012875       -0.000183       -0.000567
R_star(-1),eps_C                 -0.003959       -0.114740       -0.063036        0.019973       -0.095161        0.115134        0.008541        0.000335       -0.000492
R_star(-1),eps_I                 -0.006813        0.046294       -0.083001       -0.065446       -0.164400        0.098955       -0.015246        0.000440       -0.001053
R_star(-1),eps_inom              -0.005546        0.009512        0.061788       -0.015334        0.092966       -0.108300       -0.007782       -0.000672       -0.002402
B_star(-1),eps_A                 -0.002875        0.001078        0.007691       -0.000196        0.005984       -0.006180        0.000813        0.000460       -0.000032
B_star(-1),eps_P_star             0.002986        0.009168        0.012411        0.001863        0.027695       -0.025832        0.005927       -0.000188        0.000468
B_star(-1),eps_Pim_star          -0.002952       -0.007840       -0.013678       -0.001736       -0.027315        0.025578       -0.002291        0.000186       -0.000463
B_star(-1),eps_y_star             0.000242       -0.000957        0.000562       -0.001308       -0.000371       -0.000937        0.002673        0.000038        0.000118
B_star(-1),eps_C                  0.000822        0.023819        0.013086       -0.004146        0.019755       -0.023901       -0.001773       -0.000070        0.000102
B_star(-1),eps_I                  0.001414       -0.009610        0.017230        0.013586        0.034128       -0.020542        0.003165       -0.000091        0.000219
B_star(-1),eps_inom               0.001151       -0.001975       -0.012827        0.003183       -0.019299        0.022482        0.001615        0.000139        0.000499
A(-1),eps_A                       0.570059        0.090898       -0.412949       -0.122612       -1.123346        1.000734       -0.106577       -0.081996        0.020290
A(-1),eps_P_star                 -0.131093        0.028810        0.318668        0.061326        0.157070       -0.095744        0.058279        0.018866       -0.004651
A(-1),eps_Pim_star                0.122912       -0.014990       -0.304699       -0.066452       -0.137806        0.071354        0.017900       -0.017621        0.004462
A(-1),eps_y_star                 -0.017216       -0.006577        0.152958        0.048105        0.240237       -0.192132        0.005500        0.003469        0.000876
A(-1),eps_C                       0.048130        0.449157        0.767533        0.141506       -0.595580        0.737086       -0.103827       -0.036538       -0.042709
A(-1),eps_I                       0.126984       -0.043737        1.246841       -0.042271       -1.241015        1.198743        0.031411       -0.023977       -0.004049
A(-1),eps_inom                   -0.397258       -0.160026       -0.573571       -0.179170        0.661699       -0.840869        0.018072        0.103087        0.054780
Pim_star(-1),eps_A                0.122912       -0.014990       -0.304699       -0.066452       -0.137806        0.071354        0.017900       -0.017621        0.004462
Pim_star(-1),eps_P_star          -0.364981       -0.311491       -2.336920       -0.287853       -3.078582        2.790729       -0.087575        0.036581       -0.036866
Pim_star(-1),eps_Pim_star         0.373296        0.202443        2.356048        0.316678        2.990593       -2.673915        0.206520       -0.038024        0.036792
Pim_star(-1),eps_y_star          -0.081559       -0.034124       -0.010112       -0.112808       -0.214991        0.102183       -0.003406        0.007317       -0.009524
Pim_star(-1),eps_C               -0.185275       -0.295213       -2.329681       -0.119403       -2.134466        2.015063       -0.073836        0.039860        0.013221
Pim_star(-1),eps_I               -0.164665       -0.221830       -4.537829       -0.115486       -3.807859        3.692373       -0.136761        0.025119       -0.003711
Pim_star(-1),eps_inom             0.105780        0.072495        2.333638        0.054774        2.204907       -2.150133        0.025309       -0.054029       -0.054456
Z_C(-1),eps_A                     0.048130        0.449157        0.767533        0.141506       -0.595580        0.737086       -0.103827       -0.036538       -0.042709
Z_C(-1),eps_P_star                0.179604        0.395803        2.334757        0.092854        2.192411       -2.099556       -0.309442       -0.039073       -0.013466
Z_C(-1),eps_Pim_star             -0.185275       -0.295213       -2.329681       -0.119403       -2.134466        2.015063       -0.073836        0.039860        0.013221
Z_C(-1),eps_y_star                0.029791       -0.014560        0.001981        0.156852       -0.150927        0.307779       -0.057869       -0.005509       -0.000775
Z_C(-1),eps_C                     1.187143        1.422756        0.615320       -0.145269        4.643018       -4.788288       -0.063219       -0.160286        0.057960
Z_C(-1),eps_I                     0.343054       -0.473620        6.332596       -0.227313        4.501640       -4.728953       -0.147171       -0.102122       -0.066956
Z_C(-1),eps_inom                 -1.457429       -0.065420       -2.873066        0.055478       -5.368928        5.424406       -0.084040        0.225775       -0.027663
Z_I(-1),eps_A                     0.126984       -0.043737        1.246841       -0.042271       -1.241015        1.198743        0.031411       -0.023977       -0.004049
Z_I(-1),eps_P_star                0.152155        0.297309        4.526679        0.108955        3.916324       -3.807369        0.482867       -0.023378        0.003177
Z_I(-1),eps_Pim_star             -0.164665       -0.221830       -4.537829       -0.115486       -3.807859        3.692373       -0.136761        0.025119       -0.003711
Z_I(-1),eps_y_star                0.018128        0.113553        0.670984       -0.393984        0.701110       -1.095095        0.090898       -0.001252        0.002678
Z_I(-1),eps_C                     0.343054       -0.473620        6.332596       -0.227313        4.501640       -4.728953       -0.147171       -0.102122       -0.066956
Z_I(-1),eps_I                     0.039030        0.947178        9.352993        1.452054        2.570242       -1.118188        0.415131       -0.010021       -0.005222
Z_I(-1),eps_inom                  0.204893       -0.102310       -5.105736        0.154187       -3.314095        3.468282        0.086095        0.028219        0.093829
y_star(-1),eps_A                 -0.020444       -0.007810        0.181638        0.057125        0.285282       -0.228156        0.006532        0.004120        0.001041
y_star(-1),eps_P_star             0.094630        0.055281        0.003033        0.124784        0.258839       -0.134055        0.103827       -0.008228        0.011443
y_star(-1),eps_Pim_star          -0.096852       -0.040522       -0.012008       -0.133960       -0.255302        0.121342       -0.004044        0.008689       -0.011310
y_star(-1),eps_y_star             0.035299       -0.012818       -0.287440        0.204394       -0.094640        0.299033       -0.011600       -0.004082        0.002750
y_star(-1),eps_C                  0.035377       -0.017290        0.002353        0.186262       -0.179226        0.365487       -0.068720       -0.006541       -0.000920
y_star(-1),eps_I                  0.021528        0.134844        0.796794       -0.467856        0.832568       -1.300425        0.107941       -0.001487        0.003180
y_star(-1),eps_inom              -0.017473       -0.008778        0.014452       -0.136746        0.095701       -0.232448        0.048002        0.013111        0.015275
i_nom(-1),eps_A                  -0.372429       -0.150024       -0.537722       -0.167972        0.620342       -0.788315        0.016942        0.096644        0.051356
i_nom(-1),eps_P_star             -0.093385       -0.092719       -2.203259       -0.036922       -2.112934        2.076011        0.216547        0.050517        0.052303
i_nom(-1),eps_Pim_star            0.099169        0.067964        2.187786        0.051350        2.067100       -2.015750        0.023727       -0.050652       -0.051052
i_nom(-1),eps_y_star             -0.013794       -0.006930        0.011410       -0.107958        0.075554       -0.183511        0.037896        0.010351        0.012059
i_nom(-1),eps_C                  -1.366340       -0.061331       -2.693499        0.052010       -5.033370        5.085380       -0.078787        0.211664       -0.025934
i_nom(-1),eps_I                   0.192087       -0.095916       -4.786627        0.144550       -3.106965        3.251515        0.080714        0.026456        0.087964
i_nom(-1),eps_inom               -0.342610       -0.256743        0.050375       -0.123191        2.772742       -2.895933        0.035369        0.098296        0.061329
K(-1),eps_A                       0.013876        0.006501       -0.009599       -0.001392       -0.000130       -0.001263       -0.004347       -0.002908       -0.000874
K(-1),eps_P_star                 -0.006787       -0.018580       -0.058977       -0.013041       -0.097413        0.084371       -0.020235        0.000145       -0.001488
K(-1),eps_Pim_star                0.007435        0.014549        0.061064        0.013505        0.094451       -0.080946        0.011697       -0.000240        0.001509
K(-1),eps_y_star                 -0.001558       -0.004388       -0.025604        0.013221       -0.015654        0.028875       -0.003215       -0.000027       -0.000432
K(-1),eps_C                      -0.006230        0.042173       -0.057189        0.004829       -0.136032        0.140861       -0.002110        0.000638       -0.000610
K(-1),eps_I                       0.004558       -0.062645       -0.030339       -0.062356       -0.076427        0.014071       -0.020665       -0.001812       -0.001572
K(-1),eps_inom                   -0.022319        0.005342        0.023171       -0.003344        0.100673       -0.104017        0.000527        0.001136       -0.003906
P_d(-1),eps_A                     0.026370       -0.243070       -3.641928       -0.104671       -1.170224        1.065553       -0.050003        0.017691        0.033165
P_d(-1),eps_P_star                0.072497        0.059546        1.232326       -0.008939        0.765558       -0.774497       -0.033896       -0.015881       -0.005599
P_d(-1),eps_Pim_star             -0.072667       -0.060252       -1.179843        0.011452       -0.740486        0.751939       -0.035602        0.015628        0.005177
P_d(-1),eps_y_star                0.006617        0.009278        0.104496       -0.024974       -0.042951        0.017977       -0.004953       -0.001256       -0.000221
P_d(-1),eps_C                    -0.685471        0.339886        7.843194        0.340850        4.681105       -4.340255        0.323934        0.054734       -0.090192
P_d(-1),eps_I                    -0.027924        0.100215        0.853302        0.068136        1.810465       -1.742330       -0.007410       -0.000560       -0.007858
P_d(-1),eps_inom                  0.440325       -0.249162       -5.422038       -0.158299       -3.243576        3.085277       -0.132960       -0.040638        0.049719
P_im(-1),eps_A                    0.364973       -0.083306        0.541727       -0.194248        1.330769       -1.525017       -0.041519       -0.037265        0.035839
P_im(-1),eps_P_star              -0.168276       -0.379916       -4.172464       -0.096304       -2.400340        2.304036       -0.093855        0.054367        0.039254
P_im(-1),eps_Pim_star             0.178625        0.289880        4.154779        0.121487        2.328631       -2.207144        0.096009       -0.055252       -0.037980
P_im(-1),eps_y_star              -0.006759       -0.027717        0.114222        0.095031        0.443401       -0.348371        0.010700        0.003820        0.004030
P_im(-1),eps_C                   -1.229752       -0.383335      -11.561644        0.035625      -12.718441       12.754066       -0.062169        0.215861        0.014693
P_im(-1),eps_I                   -0.315109       -0.590987      -12.302956       -0.566590       -7.348882        6.782292       -0.253890        0.100083        0.070922
P_im(-1),eps_inom                 1.165812        0.238740       12.219863       -0.149986       11.819246      -11.969232        0.037831       -0.194942        0.000615
P_star(-1),eps_A                 -0.131093        0.028810        0.318668        0.061326        0.157070       -0.095744        0.058279        0.018866       -0.004651
P_star(-1),eps_P_star             0.360803        0.398466        2.327708        0.268324        3.159323       -2.890999        0.636005       -0.035648        0.037217
P_star(-1),eps_Pim_star          -0.364981       -0.311491       -2.336920       -0.287853       -3.078582        2.790729       -0.087575        0.036581       -0.036866
P_star(-1),eps_y_star             0.079689        0.046552        0.002554        0.105081        0.217970       -0.112889        0.087433       -0.006929        0.009636
P_star(-1),eps_C                  0.179604        0.395803        2.334757        0.092854        2.192411       -2.099556       -0.309442       -0.039073       -0.013466
P_star(-1),eps_I                  0.152155        0.297309        4.526679        0.108955        3.916324       -3.807369        0.482867       -0.023378        0.003177
P_star(-1),eps_inom              -0.099611       -0.098901       -2.350143       -0.039384       -2.253796        2.214412        0.230983        0.053885        0.055790


MOMENTS OF SIMULATED VARIABLES
VARIABLE              MEAN       STD. DEV.        VARIANCE        SKEWNESS        KURTOSIS
GDP               1.988612        0.036335        0.001320        0.032924        0.020073
C                 1.742863        0.021053        0.000443       -0.012016       -0.128414
I                 0.290995        0.047630        0.002269        0.001918        0.000596
EX                0.593702        0.007319        0.000054        0.051137       -0.037739
IM                0.640220        0.028555        0.000815        0.066907       -0.010183
NX               -0.046518        0.030135        0.000908       -0.071986       -0.016616
s                 0.809436        0.004051        0.000016        0.027440       -0.001915
P_c               1.000099        0.005947        0.000035       -0.020355        0.037111
i_nom             0.020412        0.000601        0.000000        0.070891       -0.011393


CORRELATION OF SIMULATED VARIABLES
VARIABLE        GDP        C        I       EX       IM       NX        s      P_c    i_nom
GDP          1.0000   0.5581   0.8206   0.6689   0.5101  -0.3209   0.2303  -0.4266  -0.2825
C            0.5581   1.0000   0.1926   0.1344   0.1715  -0.1299  -0.3057  -0.5109  -0.4025
I            0.8206   0.1926   1.0000   0.3249   0.8307  -0.7082   0.2726  -0.0573  -0.0060
EX           0.6689   0.1344   0.3249   1.0000  -0.0936   0.3315   0.5327  -0.3606  -0.4120
IM           0.5101   0.1715   0.8307  -0.0936   1.0000  -0.9703   0.3234   0.3878  -0.1666
NX          -0.3209  -0.1299  -0.7082   0.3315  -0.9703   1.0000  -0.1771  -0.4551   0.0578
s            0.2303  -0.3057   0.2726   0.5327   0.3234  -0.1771   1.0000   0.5948  -0.6236
P_c         -0.4266  -0.5109  -0.0573  -0.3606   0.3878  -0.4551   0.5948   1.0000  -0.2722
i_nom       -0.2825  -0.4025  -0.0060  -0.4120  -0.1666   0.0578  -0.6236  -0.2722   1.0000


AUTOCORRELATION OF SIMULATED VARIABLES
VARIABLE         1       2       3       4       5
GDP         0.5768  0.5186  0.4480  0.3831  0.3251
C           0.9807  0.9581  0.9330  0.9066  0.8800
I           0.2169  0.1744  0.1155  0.0615  0.0153
EX          0.9299  0.8878  0.8416  0.7922  0.7405
IM          0.1131  0.1116  0.1174  0.1169  0.1087
NX          0.2962  0.2924  0.2925  0.2855  0.2711
s           0.4952  0.3583  0.2991  0.2645  0.2382
P_c         0.6935  0.5549  0.4663  0.3967  0.3363
i_nom       0.6255  0.5483  0.4512  0.3639  0.2902



VARIANCE DECOMPOSITION SIMULATING ONE SHOCK AT A TIME (in percent)
                    eps_A        eps_P_star      eps_Pim_star        eps_y_star             eps_C             eps_I          eps_inom  Tot. lin. contr.
GDP                 68.96              0.00              0.00              0.00              0.00              0.00             30.98             99.94
C                   99.03              0.00              0.00              0.00              0.00              0.00              0.95             99.98
I                   41.38              0.00              0.00              0.00              0.00              0.00             58.82            100.20
EX                  85.06              0.00              0.00              0.00              0.00              0.00             14.27             99.34
IM                  22.72              0.00              0.00              0.00              0.00              0.00             77.50            100.22
NX                  38.58              0.00              0.00              0.00              0.00              0.00             61.50            100.08
s                   36.14              0.00              0.00              0.00              0.00              0.00             63.48             99.61
P_c                 72.55              0.00              0.00              0.00              0.00              0.00             27.37             99.92
i_nom               66.05              0.00              0.00              0.00              0.00              0.00             34.05            100.11
Note: numbers do not add up to 100 due to i) non-zero correlation of simulated shocks in small samples and ii) nonlinearity

Total computing time : 0h00m06s
