Starting Dynare (version 6.1).
Calling Dynare with arguments: none
Starting preprocessing of the model file ... 
Found 9 equation(s). 
Evaluating expressions... 
Computing static model derivatives (order 1). 
Normalizing the static model... 
Finding the optimal block decomposition of the static model... 
4 block(s) found: 
  3 recursive block(s) and 1 simultaneous block(s). 
  the largest simultaneous block has 6 equation(s) 
                                 and 6 feedback variable(s). 
Computing dynamic model derivatives (order 2). 
Normalizing the dynamic model... 
Finding the optimal block decomposition of the dynamic model... 
2 block(s) found: 
  1 recursive block(s) and 1 simultaneous block(s). 
  the largest simultaneous block has 6 equation(s) 
                                 and 5 feedback variable(s). 
Preprocessing completed. 
Preprocessing time: 0h00m00s.
DYNARE_SOLVE (solve_algo=2|4): number of blocks = 4
MODEL_DIAGNOSTICS:  No obvious problems with this mod-file were detected.


Residuals of the static equations:
Equation number 1: lambda                :       0.000000
Equation number 2: Y                     :       0.000000
Equation number 3: Investment            :       0.000000
Equation number 4: Y=C+I                 :       0.000000
Equation number 5: MRSLC                 :       0.000000
Equation number 6: Euler Equation        :       0.000000
Equation number 7: TFP                   :       0.000000
Equation number 8: Discount factor shock :       0.000000
Equation number 9: Investment Shock      :       0.000000



EIGENVALUES:
         Modulus             Real        Imaginary
            0.75             0.75                0
            0.75             0.75                0
            0.75             0.75                0
          0.9164           0.9164                0
           1.149            1.149                0
       4.736e+16        4.736e+16                0
       6.341e+16        6.341e+16                0
       1.245e+18        1.245e+18                0

There are 4 eigenvalue(s) larger than 1 in modulus for 4 forward-looking variable(s)
The rank condition is verified.


STEADY-STATE RESULTS:

L      		 0.333333
K      		 2
Y      		 1
I      		 0.2
C      		 0.8
A      		 1.73612
lambda 		 3.09499
Z_beta 		 1
Z_I    		 1

MODEL SUMMARY

  Number of variables:         9
  Number of stochastic shocks: 3
  Number of state variables:   4
  Number of jumpers:           4
  Number of static variables:  3


MATRIX OF COVARIANCE OF EXOGENOUS SHOCKS
Variables       eps_A  eps_beta     eps_I
eps_A        0.010000  0.000000  0.000000
eps_beta     0.000000  0.010000  0.000000
eps_I        0.000000  0.000000  0.010000

POLICY AND TRANSITION FUNCTIONS
                                   Y               C               I               L               K
Constant                    1.000000        0.787578        0.212422        0.333333        2.012422
(correction)                       0       -0.012422        0.012422               0        0.012422
K(-1)                       0.198630        0.182197        0.016433        0.022070        0.916433
A(-1)                       0.562188        0.247663        0.314525        0.062465        0.314525
Z_beta(-1)                         0        0.133685       -0.133685               0       -0.133685
Z_I(-1)                            0       -0.191839        0.191839               0        0.191839
eps_A                       1.301370        0.573298        0.728071        0.144597        0.728071
eps_beta                           0        0.178247       -0.178247               0       -0.178247
eps_I                              0       -0.255785        0.255785               0        0.255785
K(-1),K(-1)                -0.029931       -0.022336       -0.007595       -0.004787       -0.007595
A(-1),K(-1)                 0.111668        0.035956        0.075711        0.004136        0.075711
A(-1),A(-1)                -0.003881       -0.011233        0.007352       -0.012137        0.007352
Z_beta(-1),K(-1)                   0        0.041061       -0.041061               0       -0.041061
Z_beta(-1),A(-1)                   0        0.031549       -0.031549               0       -0.031549
Z_beta(-1),Z_beta(-1)               0       -0.057764        0.057764               0        0.057764
Z_I(-1),K(-1)                      0       -0.047056        0.047056               0        0.047056
Z_I(-1),A(-1)                      0       -0.051550        0.051550               0        0.051550
Z_I(-1),Z_beta(-1)                 0       -0.029450        0.029450               0        0.029450
Z_I(-1),Z_I(-1)                    0        0.109973       -0.109973               0       -0.109973
eps_A,eps_A                 0.196097        0.035357        0.160740       -0.040936        0.160740
eps_beta,eps_A                     0        0.097375       -0.097375               0       -0.097375
eps_beta,eps_beta                  0       -0.072983        0.072983               0        0.072983
eps_I,eps_A                        0       -0.159106        0.159106               0        0.159106
eps_I,eps_beta                     0       -0.052355        0.052355               0        0.052355
eps_I,eps_I                        0        0.152876       -0.152876               0       -0.152876
K(-1),eps_A                 0.258491        0.083233        0.175258        0.009574        0.175258
K(-1),eps_beta                     0        0.054748       -0.054748               0       -0.054748
K(-1),eps_I                        0       -0.062742        0.062742               0        0.062742
A(-1),eps_A                 0.731615        0.278211        0.453403        0.027097        0.453403
A(-1),eps_beta                     0        0.042066       -0.042066               0       -0.042066
A(-1),eps_I                        0       -0.068733        0.068733               0        0.068733
Z_beta(-1),eps_A                   0        0.073031       -0.073031               0       -0.073031
Z_beta(-1),eps_beta                0        0.024211       -0.024211               0       -0.024211
Z_beta(-1),eps_I                   0       -0.039266        0.039266               0        0.039266
Z_I(-1),eps_A                      0       -0.119330        0.119330               0        0.119330
Z_I(-1),eps_beta                   0       -0.039266        0.039266               0        0.039266
Z_I(-1),eps_I                      0        0.037476       -0.037476               0       -0.037476


MOMENTS OF SIMULATED VARIABLES
VARIABLE              MEAN       STD. DEV.        VARIANCE        SKEWNESS        KURTOSIS
Y                 1.013977        0.281643        0.079323        0.743158        0.965110
C                 0.800928        0.175805        0.030907        0.515286        0.387625
I                 0.213049        0.131395        0.017265        0.930907        1.815961
L                 0.331905        0.029790        0.000887        0.137880       -0.050333
K                 2.130517        0.718179        0.515782        0.886350        1.574029


CORRELATION OF SIMULATED VARIABLES
VARIABLE         Y       C       I       L       K
Y           1.0000  0.9388  0.8874  0.9893  0.8218
C           0.9388  1.0000  0.6743  0.9336  0.8600
I           0.8874  0.6743  1.0000  0.8713  0.6108
L           0.9893  0.9336  0.8713  1.0000  0.8017
K           0.8218  0.8600  0.6108  0.8017  1.0000


AUTOCORRELATION OF SIMULATED VARIABLES
VARIABLE         1       2       3       4       5
Y           0.8742  0.7668  0.6778  0.6016  0.5371
C           0.9174  0.8411  0.7708  0.7054  0.6459
I           0.7678  0.5872  0.4531  0.3519  0.2757
L           0.8708  0.7640  0.6756  0.5996  0.5353
K           0.9869  0.9563  0.9145  0.8659  0.8139



VARIANCE DECOMPOSITION SIMULATING ONE SHOCK AT A TIME (in percent)
                eps_A          eps_beta             eps_I  Tot. lin. contr.
Y               97.78              1.12              2.34            101.24
C               91.70              2.96              5.98            100.64
I               85.91              4.94              9.58            100.44
L               97.13              1.17              2.53            100.82
K               85.88              4.93              9.58            100.38
Note: numbers do not add up to 100 due to i) non-zero correlation of simulated shocks in small samples and ii) nonlinearity

Total computing time : 0h00m09s
